#
# There is insufficient memory for the Java Runtime Environment to continue.
# Native memory allocation (malloc) failed to allocate 2097152 bytes for AllocateHeap
# Possible reasons:
#   The system is out of physical RAM or swap space
#   The process is running with CompressedOops enabled, and the Java Heap may be blocking the growth of the native heap
# Possible solutions:
#   Reduce memory load on the system
#   Increase physical memory or swap space
#   Check if swap backing store is full
#   Decrease Java heap size (-Xmx/-Xms)
#   Decrease number of Java threads
#   Decrease Java thread stack sizes (-Xss)
#   Set larger code cache with -XX:ReservedCodeCacheSize=
#   JVM is running with Unscaled Compressed Oops mode in which the Java heap is
#     placed in the first 4GB address space. The Java Heap base address is the
#     maximum limit for the native heap growth. Please use -XX:HeapBaseMinAddress
#     to set the Java Heap base and to place the Java Heap above 4GB virtual address.
# This output file may be truncated or incomplete.
#
#  Out of Memory Error (allocation.cpp:44), pid=26216, tid=54348
#
# JRE version: Java(TM) SE Runtime Environment (17.0.7+8) (build 17.0.7+8-LTS-224)
# Java VM: Java HotSpot(TM) 64-Bit Server VM (17.0.7+8-LTS-224, mixed mode, emulated-client, sharing, tiered, compressed oops, compressed class ptrs, g1 gc, windows-amd64)
# No core dump will be written. Minidumps are not enabled by default on client versions of Windows
#

---------------  S U M M A R Y ------------

Command Line: -XX:TieredStopAtLevel=1 eggporIzquierda.solucionesactivas.SolucionesactivasApplication

Host: Intel(R) Core(TM) i5-10210U CPU @ 1.60GHz, 8 cores, 7G,  Windows 10 , 64 bit Build 19041 (10.0.19041.2913)
Time: Mon Jun 26 00:48:30 2023 Hora estándar de Argentina elapsed time: 1001.396532 seconds (0d 0h 16m 41s)

---------------  T H R E A D  ---------------

Current thread (0x000001887f98d9d0):  VMThread "VM Thread" [stack: 0x0000004281600000,0x0000004281700000] [id=54348]

Stack: [0x0000004281600000,0x0000004281700000]
Native frames: (J=compiled Java code, j=interpreted, Vv=VM code, C=native code)
V  [jvm.dll+0x676a4a]
V  [jvm.dll+0x7d74f4]
V  [jvm.dll+0x7d8c9e]
V  [jvm.dll+0x7d9303]
V  [jvm.dll+0x2452c5]
V  [jvm.dll+0xa50a3]
V  [jvm.dll+0x2f3dc1]
V  [jvm.dll+0x2efc90]
V  [jvm.dll+0x2d8267]
V  [jvm.dll+0x31abb7]
V  [jvm.dll+0x7ddb0b]
V  [jvm.dll+0x7de844]
V  [jvm.dll+0x7ded5d]
V  [jvm.dll+0x7df134]
V  [jvm.dll+0x7df200]
V  [jvm.dll+0x78759a]
V  [jvm.dll+0x675875]
C  [ucrtbase.dll+0x21bb2]
C  [KERNEL32.DLL+0x17614]
C  [ntdll.dll+0x526a1]

VM_Operation (0x00000042820fed90): G1CollectFull, mode: safepoint, requested by thread 0x000001880e26a790


---------------  P R O C E S S  ---------------

Threads class SMR info:
_java_thread_list=0x000001880e543b70, length=14, elements={
0x000001887f991810, 0x000001887f992390, 0x000001887f9a2bb0, 0x000001887f9a3470,
0x000001887f9a4d40, 0x000001887f9a5600, 0x0000018874d8c5f0, 0x000001887f9b1fd0,
0x000001880990aff0, 0x00000188099100a0, 0x000001880b8c0d70, 0x000001880b8a6a40,
0x000001880e2672a0, 0x000001880e26a790
}

Java Threads: ( => current thread )
  0x000001887f991810 JavaThread "Reference Handler" daemon [_thread_blocked, id=59028, stack(0x0000004281700000,0x0000004281800000)]
  0x000001887f992390 JavaThread "Finalizer" daemon [_thread_blocked, id=39532, stack(0x0000004281800000,0x0000004281900000)]
  0x000001887f9a2bb0 JavaThread "Signal Dispatcher" daemon [_thread_blocked, id=39192, stack(0x0000004281900000,0x0000004281a00000)]
  0x000001887f9a3470 JavaThread "Attach Listener" daemon [_thread_blocked, id=56256, stack(0x0000004281a00000,0x0000004281b00000)]
  0x000001887f9a4d40 JavaThread "Service Thread" daemon [_thread_blocked, id=59488, stack(0x0000004281b00000,0x0000004281c00000)]
  0x000001887f9a5600 JavaThread "Monitor Deflation Thread" daemon [_thread_blocked, id=4108, stack(0x0000004281c00000,0x0000004281d00000)]
  0x0000018874d8c5f0 JavaThread "C1 CompilerThread0" daemon [_thread_blocked, id=55400, stack(0x0000004281d00000,0x0000004281e00000)]
  0x000001887f9b1fd0 JavaThread "Sweeper thread" daemon [_thread_blocked, id=55972, stack(0x0000004281e00000,0x0000004281f00000)]
  0x000001880990aff0 JavaThread "Notification Thread" daemon [_thread_blocked, id=59920, stack(0x0000004282100000,0x0000004282200000)]
  0x00000188099100a0 JavaThread "Common-Cleaner" daemon [_thread_blocked, id=54116, stack(0x0000004282300000,0x0000004282400000)]
  0x000001880b8c0d70 JavaThread "mysql-cj-abandoned-connection-cleanup" daemon [_thread_blocked, id=58324, stack(0x0000004283200000,0x0000004283300000)]
  0x000001880b8a6a40 JavaThread "Live Reload Server" daemon [_thread_in_native, id=57868, stack(0x0000004283800000,0x0000004283900000)]
  0x000001880e2672a0 JavaThread "DestroyJavaVM" [_thread_blocked, id=58472, stack(0x0000004281000000,0x0000004281100000)]
  0x000001880e26a790 JavaThread "Thread-39" [_thread_blocked, id=56056, stack(0x0000004282000000,0x0000004282100000)]

Other Threads:
=>0x000001887f98d9d0 VMThread "VM Thread" [stack: 0x0000004281600000,0x0000004281700000] [id=54348]
  0x0000018874d89ea0 WatcherThread [stack: 0x0000004282200000,0x0000004282300000] [id=57052]
  0x0000018876951750 GCTaskThread "GC Thread#0" [stack: 0x0000004281100000,0x0000004281200000] [id=53000]
  0x0000018809ffd8d0 GCTaskThread "GC Thread#1" [stack: 0x0000004282600000,0x0000004282700000] [id=53464]
  0x0000018809ffdb80 GCTaskThread "GC Thread#2" [stack: 0x0000004282700000,0x0000004282800000] [id=59276]
  0x000001880a00ed40 GCTaskThread "GC Thread#3" [stack: 0x0000004282800000,0x0000004282900000] [id=59328]
  0x000001880a00eff0 GCTaskThread "GC Thread#4" [stack: 0x0000004282900000,0x0000004282a00000] [id=52592]
  0x000001880a00f2a0 GCTaskThread "GC Thread#5" [stack: 0x0000004282a00000,0x0000004282b00000] [id=55928]
  0x000001880a327890 GCTaskThread "GC Thread#6" [stack: 0x0000004282d00000,0x0000004282e00000] [id=59012]
  0x000001880a2c6330 GCTaskThread "GC Thread#7" [stack: 0x0000004282e00000,0x0000004282f00000] [id=53448]
  0x0000018876961920 ConcurrentGCThread "G1 Main Marker" [stack: 0x0000004281200000,0x0000004281300000] [id=53280]
  0x0000018876962db0 ConcurrentGCThread "G1 Conc#0" [stack: 0x0000004281300000,0x0000004281400000] [id=8740]
  0x000001880b4e6b40 ConcurrentGCThread "G1 Conc#1" [stack: 0x0000004282b00000,0x0000004282c00000] [id=60012]
  0x000001887f83efb0 ConcurrentGCThread "G1 Refine#0" [stack: 0x0000004281400000,0x0000004281500000] [id=21468]
  0x000001887f8407f0 ConcurrentGCThread "G1 Service" [stack: 0x0000004281500000,0x0000004281600000] [id=7904]

Threads with active compile tasks:

VM state: at safepoint (normal execution)

VM Mutex/Monitor currently owned by a thread:  ([mutex/lock_event])
[0x00000188768f51d0] Threads_lock - owner thread: 0x000001887f98d9d0
[0x00000188768f4a80] Heap_lock - owner thread: 0x000001880e26a790

Heap address: 0x0000000086400000, size: 1948 MB, Compressed Oops mode: 32-bit

CDS archive(s) mapped at: [0x0000000800000000-0x0000000800bd0000-0x0000000800bd0000), size 12386304, SharedBaseAddress: 0x0000000800000000, ArchiveRelocationMode: 0.
Compressed class space mapped at: 0x0000000800c00000-0x0000000840c00000, reserved size: 1073741824
Narrow klass base: 0x0000000800000000, Narrow klass shift: 0, Narrow klass range: 0x100000000

GC Precious Log:
 CPUs: 8 total, 8 available
 Memory: 7785M
 Large Page Support: Disabled
 NUMA Support: Disabled
 Compressed Oops: Enabled (32-bit)
 Heap Region Size: 1M
 Heap Min Capacity: 8M
 Heap Initial Capacity: 122M
 Heap Max Capacity: 1948M
 Pre-touch: Disabled
 Parallel Workers: 8
 Concurrent Workers: 2
 Concurrent Refinement Workers: 8
 Periodic GC: Disabled

Heap:
 garbage-first heap   total 89088K, used 63838K [0x0000000086400000, 0x0000000100000000)
  region size 1024K, 39 young (39936K), 6 survivors (6144K)
 Metaspace       used 66567K, committed 67200K, reserved 1114112K
  class space    used 9563K, committed 9856K, reserved 1048576K

Heap Regions: E=young(eden), S=young(survivor), O=old, HS=humongous(starts), HC=humongous(continues), CS=collection set, F=free, OA=open archive, CA=closed archive, TAMS=top-at-mark-start (previous, next)
|   0|0x0000000086400000, 0x0000000086500000, 0x0000000086500000|100%|HS|  |TAMS 0x0000000086500000, 0x0000000086400000| Untracked 
|   1|0x0000000086500000, 0x0000000086600000, 0x0000000086600000|100%| O|  |TAMS 0x0000000086600000, 0x0000000086500000| Untracked 
|   2|0x0000000086600000, 0x00000000866ffe30, 0x0000000086700000| 99%| O|  |TAMS 0x00000000866ffe30, 0x0000000086600000| Untracked 
|   3|0x0000000086700000, 0x00000000867fffd8, 0x0000000086800000| 99%| O|  |TAMS 0x00000000867fffd8, 0x0000000086700000| Untracked 
|   4|0x0000000086800000, 0x0000000086900000, 0x0000000086900000|100%| O|  |TAMS 0x0000000086900000, 0x0000000086800000| Untracked 
|   5|0x0000000086900000, 0x0000000086a00000, 0x0000000086a00000|100%| O|  |TAMS 0x0000000086a00000, 0x0000000086900000| Untracked 
|   6|0x0000000086a00000, 0x0000000086affff8, 0x0000000086b00000| 99%| O|  |TAMS 0x0000000086affff8, 0x0000000086a00000| Untracked 
|   7|0x0000000086b00000, 0x0000000086c00000, 0x0000000086c00000|100%| O|  |TAMS 0x0000000086c00000, 0x0000000086b00000| Untracked 
|   8|0x0000000086c00000, 0x0000000086cfffd0, 0x0000000086d00000| 99%| O|  |TAMS 0x0000000086cfffd0, 0x0000000086c00000| Untracked 
|   9|0x0000000086d00000, 0x0000000086dfffc0, 0x0000000086e00000| 99%| O|  |TAMS 0x0000000086dfffc0, 0x0000000086d00000| Untracked 
|  10|0x0000000086e00000, 0x0000000086effff0, 0x0000000086f00000| 99%| O|  |TAMS 0x0000000086effff0, 0x0000000086e00000| Untracked 
|  11|0x0000000086f00000, 0x0000000086fffff0, 0x0000000087000000| 99%| O|  |TAMS 0x0000000086fffff0, 0x0000000086f00000| Untracked 
|  12|0x0000000087000000, 0x00000000870fff90, 0x0000000087100000| 99%| O|  |TAMS 0x00000000870fff90, 0x0000000087000000| Untracked 
|  13|0x0000000087100000, 0x0000000087200000, 0x0000000087200000|100%| O|  |TAMS 0x0000000087200000, 0x0000000087100000| Untracked 
|  14|0x0000000087200000, 0x00000000872ffff8, 0x0000000087300000| 99%| O|  |TAMS 0x00000000872ffff8, 0x0000000087200000| Untracked 
|  15|0x0000000087300000, 0x00000000873ffff0, 0x0000000087400000| 99%| O|  |TAMS 0x00000000873ffff0, 0x0000000087300000| Untracked 
|  16|0x0000000087400000, 0x00000000874ffff8, 0x0000000087500000| 99%| O|  |TAMS 0x00000000874ffff8, 0x0000000087400000| Untracked 
|  17|0x0000000087500000, 0x0000000087600000, 0x0000000087600000|100%| O|  |TAMS 0x0000000087600000, 0x0000000087500000| Untracked 
|  18|0x0000000087600000, 0x00000000876fff70, 0x0000000087700000| 99%| O|  |TAMS 0x0000000087600000, 0x0000000087600000| Untracked 
|  19|0x0000000087700000, 0x0000000087800000, 0x0000000087800000|100%| O|  |TAMS 0x0000000087700000, 0x0000000087700000| Untracked 
|  20|0x0000000087800000, 0x00000000878fffc0, 0x0000000087900000| 99%| O|  |TAMS 0x0000000087800000, 0x0000000087800000| Untracked 
|  21|0x0000000087900000, 0x00000000879ffff8, 0x0000000087a00000| 99%| O|  |TAMS 0x0000000087900000, 0x0000000087900000| Untracked 
|  22|0x0000000087a00000, 0x0000000087a843a0, 0x0000000087b00000| 51%| O|  |TAMS 0x0000000087a00000, 0x0000000087a00000| Untracked 
|  23|0x0000000087b00000, 0x0000000087b00000, 0x0000000087c00000|  0%| F|  |TAMS 0x0000000087b00000, 0x0000000087b00000| Untracked 
|  24|0x0000000087c00000, 0x0000000087ce1068, 0x0000000087d00000| 87%| O|  |TAMS 0x0000000087c00000, 0x0000000087c00000| Untracked 
|  25|0x0000000087d00000, 0x0000000087d87ea0, 0x0000000087e00000| 53%| O|  |TAMS 0x0000000087d00000, 0x0000000087d00000| Untracked 
|  26|0x0000000087e00000, 0x0000000087e00000, 0x0000000087f00000|  0%| F|  |TAMS 0x0000000087e00000, 0x0000000087e00000| Untracked 
|  27|0x0000000087f00000, 0x0000000087f00000, 0x0000000088000000|  0%| F|  |TAMS 0x0000000087f00000, 0x0000000087f00000| Untracked 
|  28|0x0000000088000000, 0x000000008809af30, 0x0000000088100000| 60%| O|  |TAMS 0x0000000088000000, 0x0000000088000000| Untracked 
|  29|0x0000000088100000, 0x0000000088100000, 0x0000000088200000|  0%| F|  |TAMS 0x0000000088100000, 0x0000000088100000| Untracked 
|  30|0x0000000088200000, 0x0000000088200000, 0x0000000088300000|  0%| F|  |TAMS 0x0000000088200000, 0x0000000088200000| Untracked 
|  31|0x0000000088300000, 0x0000000088300000, 0x0000000088400000|  0%| F|  |TAMS 0x0000000088300000, 0x0000000088300000| Untracked 
|  32|0x0000000088400000, 0x0000000088400000, 0x0000000088500000|  0%| F|  |TAMS 0x0000000088400000, 0x0000000088400000| Untracked 
|  33|0x0000000088500000, 0x0000000088500000, 0x0000000088600000|  0%| F|  |TAMS 0x0000000088500000, 0x0000000088500000| Untracked 
|  34|0x0000000088600000, 0x0000000088600000, 0x0000000088700000|  0%| F|  |TAMS 0x0000000088600000, 0x0000000088600000| Untracked 
|  35|0x0000000088700000, 0x0000000088700000, 0x0000000088800000|  0%| F|  |TAMS 0x0000000088700000, 0x0000000088700000| Untracked 
|  36|0x0000000088800000, 0x0000000088800000, 0x0000000088900000|  0%| F|  |TAMS 0x0000000088800000, 0x0000000088800000| Untracked 
|  37|0x0000000088900000, 0x00000000889696b8, 0x0000000088a00000| 41%| S|CS|TAMS 0x0000000088900000, 0x0000000088900000| Complete 
|  38|0x0000000088a00000, 0x0000000088b00000, 0x0000000088b00000|100%| S|CS|TAMS 0x0000000088a00000, 0x0000000088a00000| Complete 
|  39|0x0000000088b00000, 0x0000000088b66498, 0x0000000088c00000| 39%| O|  |TAMS 0x0000000088b00000, 0x0000000088b00000| Untracked 
|  40|0x0000000088c00000, 0x0000000088d00000, 0x0000000088d00000|100%| S|CS|TAMS 0x0000000088c00000, 0x0000000088c00000| Complete 
|  41|0x0000000088d00000, 0x0000000088d00000, 0x0000000088e00000|  0%| F|  |TAMS 0x0000000088d00000, 0x0000000088d00000| Untracked 
|  42|0x0000000088e00000, 0x0000000088e00000, 0x0000000088f00000|  0%| F|  |TAMS 0x0000000088e00000, 0x0000000088e00000| Untracked 
|  43|0x0000000088f00000, 0x0000000088f00000, 0x0000000089000000|  0%| F|  |TAMS 0x0000000088f00000, 0x0000000088f00000| Untracked 
|  44|0x0000000089000000, 0x0000000089000000, 0x0000000089100000|  0%| F|  |TAMS 0x0000000089000000, 0x0000000089000000| Untracked 
|  45|0x0000000089100000, 0x0000000089200000, 0x0000000089200000|100%| S|CS|TAMS 0x0000000089100000, 0x0000000089100000| Complete 
|  46|0x0000000089200000, 0x0000000089300000, 0x0000000089300000|100%| S|CS|TAMS 0x0000000089200000, 0x0000000089200000| Complete 
|  47|0x0000000089300000, 0x0000000089400000, 0x0000000089400000|100%| S|CS|TAMS 0x0000000089300000, 0x0000000089300000| Complete 
|  48|0x0000000089400000, 0x0000000089400000, 0x0000000089500000|  0%| F|  |TAMS 0x0000000089400000, 0x0000000089400000| Untracked 
|  49|0x0000000089500000, 0x0000000089500000, 0x0000000089600000|  0%| F|  |TAMS 0x0000000089500000, 0x0000000089500000| Untracked 
|  50|0x0000000089600000, 0x0000000089600000, 0x0000000089700000|  0%| F|  |TAMS 0x0000000089600000, 0x0000000089600000| Untracked 
|  51|0x0000000089700000, 0x0000000089700000, 0x0000000089800000|  0%| F|  |TAMS 0x0000000089700000, 0x0000000089700000| Untracked 
|  52|0x0000000089800000, 0x0000000089800000, 0x0000000089900000|  0%| F|  |TAMS 0x0000000089800000, 0x0000000089800000| Untracked 
|  53|0x0000000089900000, 0x0000000089900000, 0x0000000089a00000|  0%| F|  |TAMS 0x0000000089900000, 0x0000000089900000| Untracked 
|  54|0x0000000089a00000, 0x0000000089b00000, 0x0000000089b00000|100%| E|  |TAMS 0x0000000089a00000, 0x0000000089a00000| Complete 
|  55|0x0000000089b00000, 0x0000000089c00000, 0x0000000089c00000|100%| E|CS|TAMS 0x0000000089b00000, 0x0000000089b00000| Complete 
|  56|0x0000000089c00000, 0x0000000089d00000, 0x0000000089d00000|100%| E|CS|TAMS 0x0000000089c00000, 0x0000000089c00000| Complete 
|  57|0x0000000089d00000, 0x0000000089e00000, 0x0000000089e00000|100%| E|CS|TAMS 0x0000000089d00000, 0x0000000089d00000| Complete 
|  58|0x0000000089e00000, 0x0000000089f00000, 0x0000000089f00000|100%| E|CS|TAMS 0x0000000089e00000, 0x0000000089e00000| Complete 
|  59|0x0000000089f00000, 0x000000008a000000, 0x000000008a000000|100%| E|CS|TAMS 0x0000000089f00000, 0x0000000089f00000| Complete 
|  60|0x000000008a000000, 0x000000008a100000, 0x000000008a100000|100%| E|CS|TAMS 0x000000008a000000, 0x000000008a000000| Complete 
|  61|0x000000008a100000, 0x000000008a200000, 0x000000008a200000|100%| E|CS|TAMS 0x000000008a100000, 0x000000008a100000| Complete 
|  62|0x000000008a200000, 0x000000008a300000, 0x000000008a300000|100%| E|CS|TAMS 0x000000008a200000, 0x000000008a200000| Complete 
|  63|0x000000008a300000, 0x000000008a400000, 0x000000008a400000|100%| E|CS|TAMS 0x000000008a300000, 0x000000008a300000| Complete 
|  64|0x000000008a400000, 0x000000008a500000, 0x000000008a500000|100%| E|CS|TAMS 0x000000008a400000, 0x000000008a400000| Complete 
|  65|0x000000008a500000, 0x000000008a600000, 0x000000008a600000|100%| E|CS|TAMS 0x000000008a500000, 0x000000008a500000| Complete 
|  66|0x000000008a600000, 0x000000008a700000, 0x000000008a700000|100%| E|CS|TAMS 0x000000008a600000, 0x000000008a600000| Complete 
|  67|0x000000008a700000, 0x000000008a800000, 0x000000008a800000|100%| E|CS|TAMS 0x000000008a700000, 0x000000008a700000| Complete 
|  68|0x000000008a800000, 0x000000008a900000, 0x000000008a900000|100%| E|CS|TAMS 0x000000008a800000, 0x000000008a800000| Complete 
|  69|0x000000008a900000, 0x000000008aa00000, 0x000000008aa00000|100%| E|CS|TAMS 0x000000008a900000, 0x000000008a900000| Complete 
|  70|0x000000008aa00000, 0x000000008ab00000, 0x000000008ab00000|100%| E|CS|TAMS 0x000000008aa00000, 0x000000008aa00000| Complete 
|  71|0x000000008ab00000, 0x000000008ac00000, 0x000000008ac00000|100%| E|CS|TAMS 0x000000008ab00000, 0x000000008ab00000| Complete 
|  72|0x000000008ac00000, 0x000000008ad00000, 0x000000008ad00000|100%| E|CS|TAMS 0x000000008ac00000, 0x000000008ac00000| Complete 
|  73|0x000000008ad00000, 0x000000008ae00000, 0x000000008ae00000|100%| E|CS|TAMS 0x000000008ad00000, 0x000000008ad00000| Complete 
|  74|0x000000008ae00000, 0x000000008af00000, 0x000000008af00000|100%| E|CS|TAMS 0x000000008ae00000, 0x000000008ae00000| Complete 
|  75|0x000000008af00000, 0x000000008b000000, 0x000000008b000000|100%| E|CS|TAMS 0x000000008af00000, 0x000000008af00000| Complete 
|  76|0x000000008b000000, 0x000000008b100000, 0x000000008b100000|100%| E|CS|TAMS 0x000000008b000000, 0x000000008b000000| Complete 
|  77|0x000000008b100000, 0x000000008b200000, 0x000000008b200000|100%| E|CS|TAMS 0x000000008b100000, 0x000000008b100000| Complete 
|  78|0x000000008b200000, 0x000000008b300000, 0x000000008b300000|100%| E|CS|TAMS 0x000000008b200000, 0x000000008b200000| Complete 
|  79|0x000000008b300000, 0x000000008b400000, 0x000000008b400000|100%| E|CS|TAMS 0x000000008b300000, 0x000000008b300000| Complete 
|  80|0x000000008b400000, 0x000000008b500000, 0x000000008b500000|100%| E|CS|TAMS 0x000000008b400000, 0x000000008b400000| Complete 
|  81|0x000000008b500000, 0x000000008b600000, 0x000000008b600000|100%| E|CS|TAMS 0x000000008b500000, 0x000000008b500000| Complete 
|  82|0x000000008b600000, 0x000000008b700000, 0x000000008b700000|100%| E|CS|TAMS 0x000000008b600000, 0x000000008b600000| Complete 
|  83|0x000000008b700000, 0x000000008b800000, 0x000000008b800000|100%| E|CS|TAMS 0x000000008b700000, 0x000000008b700000| Complete 
|  84|0x000000008b800000, 0x000000008b900000, 0x000000008b900000|100%| E|CS|TAMS 0x000000008b800000, 0x000000008b800000| Complete 
|  85|0x000000008b900000, 0x000000008ba00000, 0x000000008ba00000|100%| E|CS|TAMS 0x000000008b900000, 0x000000008b900000| Complete 
|  86|0x000000008ba00000, 0x000000008bb00000, 0x000000008bb00000|100%| E|CS|TAMS 0x000000008ba00000, 0x000000008ba00000| Complete 

Card table byte_map: [0x000001887ee10000,0x000001887f1e0000] _byte_map_base: 0x000001887e9de000

Marking Bits (Prev, Next): (CMBitMap*) 0x0000018876951c70, (CMBitMap*) 0x0000018876951cb0
 Prev Bits: [0x0000018803000000, 0x0000018804e70000)
 Next Bits: [0x0000018804e70000, 0x0000018806ce0000)

Polling page: 0x0000018874ff0000

Metaspace:

Usage:
  Non-class:     55.67 MB used.
      Class:      9.34 MB used.
       Both:     65.01 MB used.

Virtual space:
  Non-class space:       64.00 MB reserved,      56.00 MB ( 88%) committed,  8 nodes.
      Class space:        1.00 GB reserved,       9.62 MB ( <1%) committed,  1 nodes.
             Both:        1.06 GB reserved,      65.62 MB (  6%) committed. 

Chunk freelists:
   Non-Class:  3.52 MB
       Class:  2.41 MB
        Both:  5.93 MB

MaxMetaspaceSize: unlimited
CompressedClassSpaceSize: 1.00 GB
Initial GC threshold: 21.00 MB
Current GC threshold: 109.06 MB
CDS: on
MetaspaceReclaimPolicy: balanced
 - commit_granule_bytes: 65536.
 - commit_granule_words: 8192.
 - virtual_space_node_default_size: 1048576.
 - enlarge_chunks_in_place: 1.
 - new_chunks_are_fully_committed: 0.
 - uncommit_free_chunks: 1.
 - use_allocation_guard: 0.
 - handle_deallocations: 1.


Internal statistics:

num_allocs_failed_limit: 9.
num_arena_births: 1088.
num_arena_deaths: 402.
num_vsnodes_births: 9.
num_vsnodes_deaths: 0.
num_space_committed: 1055.
num_space_uncommitted: 5.
num_chunks_returned_to_freelist: 679.
num_chunks_taken_from_freelist: 4086.
num_chunk_merges: 145.
num_chunk_splits: 2582.
num_chunks_enlarged: 1910.
num_purges: 18.
num_inconsistent_stats: 0.

CodeCache: size=49152Kb used=18884Kb max_used=20557Kb free=30267Kb
 bounds [0x0000018800000000, 0x0000018801460000, 0x0000018803000000]
 total_blobs=11662 nmethods=10999 adapters=588
 compilation: enabled
              stopped_count=0, restarted_count=0
 full_count=0

Compilation events (20 events):
Event: 999.829 Thread 0x0000018874d8c5f0 10989   !   1       org.springframework.beans.factory.support.RootBeanDefinition::hasAnyExternallyManagedInitMethod (108 bytes)
Event: 999.829 Thread 0x0000018874d8cb00 10990   !   1       org.springframework.beans.factory.support.RootBeanDefinition::isExternallyManagedInitMethod (40 bytes)
Event: 999.829 Thread 0x0000018874d8cb00 nmethod 10990 0x00000188012e5610 code [0x00000188012e57c0, 0x00000188012e59c8]
Event: 999.829 Thread 0x0000018874d8c5f0 nmethod 10989 0x00000188012e4b10 code [0x00000188012e4d20, 0x00000188012e51f8]
Event: 999.875 Thread 0x0000018874d8a280 10991       1       java.security.AccessControlContext::optimize (319 bytes)
Event: 999.876 Thread 0x0000018874d8a280 nmethod 10991 0x00000188012e3490 code [0x00000188012e3740, 0x00000188012e41c8]
Event: 1001.383 Thread 0x0000018874d8c5f0 10993   !   1       java.util.concurrent.ThreadPoolExecutor::tryTerminate (163 bytes)
Event: 1001.384 Thread 0x0000018874d8c5f0 nmethod 10993 0x00000188012e2210 code [0x00000188012e24c0, 0x00000188012e2d08]
Event: 1001.384 Thread 0x0000018874d8c5f0 10994       1       org.apache.tomcat.util.collections.ManagedConcurrentWeakHashMap$Key::equals (61 bytes)
Event: 1001.384 Thread 0x0000018874d8c5f0 nmethod 10994 0x00000188012e1c90 code [0x00000188012e1e60, 0x00000188012e2138]
Event: 1001.385 Thread 0x0000018874d8c5f0 10995  s!   1       org.apache.catalina.util.LifecycleBase::stop (347 bytes)
Event: 1001.386 Thread 0x0000018874d8c5f0 nmethod 10995 0x00000188012e0090 code [0x00000188012e03e0, 0x00000188012e1448]
Event: 1001.388 Thread 0x0000018874d8c5f0 10996       1       java.util.concurrent.FutureTask::finishCompletion (71 bytes)
Event: 1001.388 Thread 0x0000018874d8c5f0 nmethod 10996 0x00000188012dfa90 code [0x00000188012dfc60, 0x00000188012dff38]
Event: 1001.388 Thread 0x0000018874d8c5f0 10998       1       java.util.IdentityHashMap$IdentityHashMapIterator::hasNext (50 bytes)
Event: 1001.389 Thread 0x0000018874d8c5f0 nmethod 10998 0x00000188012df690 code [0x00000188012df820, 0x00000188012df978]
Event: 1001.389 Thread 0x0000018874d8c5f0 10997       1       java.util.concurrent.FutureTask::done (1 bytes)
Event: 1001.389 Thread 0x0000018874d8c5f0 nmethod 10997 0x00000188012df390 code [0x00000188012df520, 0x00000188012df5d8]
Event: 1001.389 Thread 0x0000018874d8c5f0 10999   !   1       com.mysql.cj.jdbc.ConnectionImpl::isClosed (18 bytes)
Event: 1001.389 Thread 0x0000018874d8c5f0 nmethod 10999 0x00000188012def90 code [0x00000188012df120, 0x00000188012df248]

GC Heap History (20 events):
Event: 975.603 GC heap before
{Heap before GC invocations=44 (full 6):
 garbage-first heap   total 95232K, used 71255K [0x0000000086400000, 0x0000000100000000)
  region size 1024K, 41 young (41984K), 4 survivors (4096K)
 Metaspace       used 66479K, committed 67072K, reserved 1114112K
  class space    used 9550K, committed 9792K, reserved 1048576K
}
Event: 975.608 GC heap after
{Heap after GC invocations=45 (full 6):
 garbage-first heap   total 95232K, used 35540K [0x0000000086400000, 0x0000000100000000)
  region size 1024K, 6 young (6144K), 6 survivors (6144K)
 Metaspace       used 66479K, committed 67072K, reserved 1114112K
  class space    used 9550K, committed 9792K, reserved 1048576K
}
Event: 980.758 GC heap before
{Heap before GC invocations=45 (full 6):
 garbage-first heap   total 95232K, used 37588K [0x0000000086400000, 0x0000000100000000)
  region size 1024K, 9 young (9216K), 6 survivors (6144K)
 Metaspace       used 66482K, committed 67072K, reserved 1114112K
  class space    used 9550K, committed 9792K, reserved 1048576K
}
Event: 980.798 GC heap after
{Heap after GC invocations=46 (full 7):
 garbage-first heap   total 89088K, used 25387K [0x0000000086400000, 0x0000000100000000)
  region size 1024K, 0 young (0K), 0 survivors (0K)
 Metaspace       used 65926K, committed 67008K, reserved 1114112K
  class space    used 9501K, committed 9792K, reserved 1048576K
}
Event: 981.412 GC heap before
{Heap before GC invocations=46 (full 7):
 garbage-first heap   total 89088K, used 68395K [0x0000000086400000, 0x0000000100000000)
  region size 1024K, 42 young (43008K), 0 survivors (0K)
 Metaspace       used 66062K, committed 67008K, reserved 1114112K
  class space    used 9519K, committed 9792K, reserved 1048576K
}
Event: 981.415 GC heap after
{Heap after GC invocations=47 (full 7):
 garbage-first heap   total 89088K, used 28916K [0x0000000086400000, 0x0000000100000000)
  region size 1024K, 4 young (4096K), 4 survivors (4096K)
 Metaspace       used 66062K, committed 67008K, reserved 1114112K
  class space    used 9519K, committed 9792K, reserved 1048576K
}
Event: 981.684 GC heap before
{Heap before GC invocations=47 (full 7):
 garbage-first heap   total 89088K, used 68852K [0x0000000086400000, 0x0000000100000000)
  region size 1024K, 43 young (44032K), 4 survivors (4096K)
 Metaspace       used 66452K, committed 67008K, reserved 1114112K
  class space    used 9550K, committed 9792K, reserved 1048576K
}
Event: 981.688 GC heap after
{Heap after GC invocations=48 (full 7):
 garbage-first heap   total 89088K, used 30926K [0x0000000086400000, 0x0000000100000000)
  region size 1024K, 6 young (6144K), 6 survivors (6144K)
 Metaspace       used 66452K, committed 67008K, reserved 1114112K
  class space    used 9550K, committed 9792K, reserved 1048576K
}
Event: 983.456 GC heap before
{Heap before GC invocations=48 (full 7):
 garbage-first heap   total 89088K, used 62670K [0x0000000086400000, 0x0000000100000000)
  region size 1024K, 38 young (38912K), 6 survivors (6144K)
 Metaspace       used 66510K, committed 67072K, reserved 1114112K
  class space    used 9554K, committed 9792K, reserved 1048576K
}
Event: 983.497 GC heap after
{Heap after GC invocations=49 (full 8):
 garbage-first heap   total 89088K, used 25383K [0x0000000086400000, 0x0000000100000000)
  region size 1024K, 0 young (0K), 0 survivors (0K)
 Metaspace       used 65954K, committed 67008K, reserved 1114112K
  class space    used 9506K, committed 9792K, reserved 1048576K
}
Event: 983.981 GC heap before
{Heap before GC invocations=49 (full 8):
 garbage-first heap   total 89088K, used 68391K [0x0000000086400000, 0x0000000100000000)
  region size 1024K, 42 young (43008K), 0 survivors (0K)
 Metaspace       used 66087K, committed 67008K, reserved 1114112K
  class space    used 9523K, committed 9792K, reserved 1048576K
}
Event: 983.984 GC heap after
{Heap after GC invocations=50 (full 8):
 garbage-first heap   total 89088K, used 28570K [0x0000000086400000, 0x0000000100000000)
  region size 1024K, 4 young (4096K), 4 survivors (4096K)
 Metaspace       used 66087K, committed 67008K, reserved 1114112K
  class space    used 9523K, committed 9792K, reserved 1048576K
}
Event: 984.264 GC heap before
{Heap before GC invocations=50 (full 8):
 garbage-first heap   total 89088K, used 68506K [0x0000000086400000, 0x0000000100000000)
  region size 1024K, 43 young (44032K), 4 survivors (4096K)
 Metaspace       used 66458K, committed 67008K, reserved 1114112K
  class space    used 9551K, committed 9792K, reserved 1048576K
}
Event: 984.267 GC heap after
{Heap after GC invocations=51 (full 8):
 garbage-first heap   total 89088K, used 31006K [0x0000000086400000, 0x0000000100000000)
  region size 1024K, 6 young (6144K), 6 survivors (6144K)
 Metaspace       used 66458K, committed 67008K, reserved 1114112K
  class space    used 9551K, committed 9792K, reserved 1048576K
}
Event: 998.686 GC heap before
{Heap before GC invocations=51 (full 8):
 garbage-first heap   total 89088K, used 64798K [0x0000000086400000, 0x0000000100000000)
  region size 1024K, 40 young (40960K), 6 survivors (6144K)
 Metaspace       used 66515K, committed 67136K, reserved 1114112K
  class space    used 9556K, committed 9856K, reserved 1048576K
}
Event: 998.727 GC heap after
{Heap after GC invocations=52 (full 9):
 garbage-first heap   total 89088K, used 25528K [0x0000000086400000, 0x0000000100000000)
  region size 1024K, 0 young (0K), 0 survivors (0K)
 Metaspace       used 65946K, committed 66944K, reserved 1114112K
  class space    used 9504K, committed 9856K, reserved 1048576K
}
Event: 999.369 GC heap before
{Heap before GC invocations=52 (full 9):
 garbage-first heap   total 89088K, used 68536K [0x0000000086400000, 0x0000000100000000)
  region size 1024K, 42 young (43008K), 0 survivors (0K)
 Metaspace       used 66103K, committed 66944K, reserved 1114112K
  class space    used 9524K, committed 9856K, reserved 1048576K
}
Event: 999.372 GC heap after
{Heap after GC invocations=53 (full 9):
 garbage-first heap   total 89088K, used 28948K [0x0000000086400000, 0x0000000100000000)
  region size 1024K, 4 young (4096K), 4 survivors (4096K)
 Metaspace       used 66103K, committed 66944K, reserved 1114112K
  class space    used 9524K, committed 9856K, reserved 1048576K
}
Event: 999.641 GC heap before
{Heap before GC invocations=53 (full 9):
 garbage-first heap   total 89088K, used 68884K [0x0000000086400000, 0x0000000100000000)
  region size 1024K, 43 young (44032K), 4 survivors (4096K)
 Metaspace       used 66504K, committed 67136K, reserved 1114112K
  class space    used 9558K, committed 9856K, reserved 1048576K
}
Event: 999.644 GC heap after
{Heap after GC invocations=54 (full 9):
 garbage-first heap   total 89088K, used 31070K [0x0000000086400000, 0x0000000100000000)
  region size 1024K, 6 young (6144K), 6 survivors (6144K)
 Metaspace       used 66504K, committed 67136K, reserved 1114112K
  class space    used 9558K, committed 9856K, reserved 1048576K
}

Deoptimization events (18 events):
Event: 1.044 Thread 0x0000018809f28e10 DEOPT PACKING pc=0x0000018800525f19 sp=0x00000042825fca00
Event: 1.044 Thread 0x0000018809f28e10 DEOPT UNPACKING pc=0x0000018800052b43 sp=0x00000042825fbee0 mode 3
Event: 2.716 Thread 0x0000018809f28e10 DEOPT PACKING pc=0x000001880081149d sp=0x00000042825fc910
Event: 2.716 Thread 0x0000018809f28e10 DEOPT UNPACKING pc=0x0000018800052b43 sp=0x00000042825fbe78 mode 3
Event: 3.002 Thread 0x0000018809f28e10 DEOPT PACKING pc=0x0000018800544e01 sp=0x00000042825fde20
Event: 3.002 Thread 0x0000018809f28e10 DEOPT UNPACKING pc=0x0000018800052b43 sp=0x00000042825fd2b0 mode 3
Event: 3.002 Thread 0x000001880b8f1060 DEOPT PACKING pc=0x000001880052f417 sp=0x0000004282ffed50
Event: 3.002 Thread 0x000001880b8f1060 DEOPT UNPACKING pc=0x0000018800052b43 sp=0x0000004282ffe1a8 mode 3
Event: 5.221 Thread 0x0000018809f28e10 DEOPT PACKING pc=0x0000018800575924 sp=0x00000042825fbc60
Event: 5.221 Thread 0x0000018809f28e10 DEOPT UNPACKING pc=0x0000018800052b43 sp=0x00000042825fb1b8 mode 0
Event: 5.635 Thread 0x0000018809f28e10 DEOPT PACKING pc=0x0000018800aa1d19 sp=0x00000042825fc560
Event: 5.635 Thread 0x0000018809f28e10 DEOPT UNPACKING pc=0x0000018800052b43 sp=0x00000042825fba40 mode 3
Event: 6.168 Thread 0x0000018809f28e10 DEOPT PACKING pc=0x00000188005964a2 sp=0x00000042825f7850
Event: 6.168 Thread 0x0000018809f28e10 DEOPT UNPACKING pc=0x0000018800052b43 sp=0x00000042825f6d58 mode 3
Event: 6.169 Thread 0x0000018809f28e10 DEOPT PACKING pc=0x0000018800554315 sp=0x00000042825f7810
Event: 6.169 Thread 0x0000018809f28e10 DEOPT UNPACKING pc=0x0000018800052b43 sp=0x00000042825f6d58 mode 3
Event: 919.929 Thread 0x000001880e269920 DEOPT PACKING pc=0x0000018800fcd044 sp=0x00000042824fc2c0
Event: 919.930 Thread 0x000001880e269920 DEOPT UNPACKING pc=0x0000018800052b43 sp=0x00000042824fb758 mode 3

Classes unloaded (20 events):
Event: 998.699 Thread 0x000001887f98d9d0 Unloading class 0x0000000800ec4df8 'eggporIzquierda/solucionesactivas/repository/RepositorioDomicilio'
Event: 998.699 Thread 0x000001887f98d9d0 Unloading class 0x0000000800c11000 'eggporIzquierda/solucionesactivas/entity/ContratoProveedor'
Event: 998.699 Thread 0x000001887f98d9d0 Unloading class 0x0000000800ec4c00 'eggporIzquierda/solucionesactivas/repository/RepositorioContrato'
Event: 998.699 Thread 0x000001887f98d9d0 Unloading class 0x0000000800eb7000 'eggporIzquierda/solucionesactivas/service/ServicioUsuario'
Event: 998.699 Thread 0x000001887f98d9d0 Unloading class 0x0000000800c21430 'eggporIzquierda/solucionesactivas/service/ServicioProveedor'
Event: 998.699 Thread 0x000001887f98d9d0 Unloading class 0x0000000800c21210 'eggporIzquierda/solucionesactivas/service/ServicioImagen'
Event: 998.699 Thread 0x000001887f98d9d0 Unloading class 0x0000000800c21000 'eggporIzquierda/solucionesactivas/service/ServicioDomicilio'
Event: 998.699 Thread 0x000001887f98d9d0 Unloading class 0x0000000800d09428 'eggporIzquierda/solucionesactivas/service/ServicioContrato'
Event: 998.699 Thread 0x000001887f98d9d0 Unloading class 0x0000000800d09210 'eggporIzquierda/solucionesactivas/controladores/ControladorUsuario'
Event: 998.699 Thread 0x000001887f98d9d0 Unloading class 0x0000000800d09000 'eggporIzquierda/solucionesactivas/controladores/ControladorProveedor'
Event: 998.699 Thread 0x000001887f98d9d0 Unloading class 0x0000000800e30c20 'eggporIzquierda/solucionesactivas/controladores/ControladorPortal'
Event: 998.699 Thread 0x000001887f98d9d0 Unloading class 0x0000000800e30a10 'eggporIzquierda/solucionesactivas/controladores/ControladorImagen'
Event: 998.699 Thread 0x000001887f98d9d0 Unloading class 0x0000000800e30800 'eggporIzquierda/solucionesactivas/controladores/ControladorErrores'
Event: 998.699 Thread 0x000001887f98d9d0 Unloading class 0x0000000801454c18 'eggporIzquierda/solucionesactivas/controladores/ControladorAdmin'
Event: 998.699 Thread 0x000001887f98d9d0 Unloading class 0x0000000801454a00 'eggporIzquierda/solucionesactivas/SeguridadWeb'
Event: 998.699 Thread 0x000001887f98d9d0 Unloading class 0x0000000801454800 'eggporIzquierda/solucionesactivas/SolucionesactivasApplication'
Event: 998.699 Thread 0x000001887f98d9d0 Unloading class 0x0000000800eb7400 'jdk/internal/reflect/GeneratedMethodAccessor41'
Event: 998.699 Thread 0x000001887f98d9d0 Unloading class 0x0000000800ec4800 'jdk/internal/reflect/GeneratedMethodAccessor40'
Event: 998.699 Thread 0x000001887f98d9d0 Unloading class 0x0000000800fa3c00 'jdk/internal/reflect/GeneratedMethodAccessor39'
Event: 998.699 Thread 0x000001887f98d9d0 Unloading class 0x0000000800c08800 'jdk/internal/reflect/GeneratedMethodAccessor38'

Classes redefined (0 events):
No events

Internal exceptions (20 events):
Event: 999.804 Thread 0x000001880e26bfa0 Exception <a 'java/io/IOException'{0x000000008a7c7640}> (0x000000008a7c7640) 
thrown [s\open\src\hotspot\share\prims\jni.cpp, line 516]
Event: 999.867 Thread 0x000001880e26bfa0 Exception <a 'java/io/IOException'{0x0000000089e9c6a0}> (0x0000000089e9c6a0) 
thrown [s\open\src\hotspot\share\prims\jni.cpp, line 516]
Event: 999.867 Thread 0x000001880e26bfa0 Exception <a 'java/io/IOException'{0x0000000089e9cc60}> (0x0000000089e9cc60) 
thrown [s\open\src\hotspot\share\prims\jni.cpp, line 516]
Event: 999.879 Thread 0x000001880e26bfa0 Exception <a 'java/io/IOException'{0x0000000089d5ef88}> (0x0000000089d5ef88) 
thrown [s\open\src\hotspot\share\prims\jni.cpp, line 516]
Event: 999.880 Thread 0x000001880e26bfa0 Exception <a 'java/io/IOException'{0x0000000089d5f548}> (0x0000000089d5f548) 
thrown [s\open\src\hotspot\share\prims\jni.cpp, line 516]
Event: 999.884 Thread 0x000001880e26bfa0 Exception <a 'java/io/IOException'{0x0000000089d76450}> (0x0000000089d76450) 
thrown [s\open\src\hotspot\share\prims\jni.cpp, line 516]
Event: 999.884 Thread 0x000001880e26bfa0 Exception <a 'java/io/IOException'{0x0000000089d76768}> (0x0000000089d76768) 
thrown [s\open\src\hotspot\share\prims\jni.cpp, line 516]
Event: 999.885 Thread 0x000001880e26bfa0 Exception <a 'java/io/IOException'{0x0000000089b2ff30}> (0x0000000089b2ff30) 
thrown [s\open\src\hotspot\share\prims\jni.cpp, line 516]
Event: 999.885 Thread 0x000001880e26bfa0 Exception <a 'java/io/IOException'{0x0000000089b304f0}> (0x0000000089b304f0) 
thrown [s\open\src\hotspot\share\prims\jni.cpp, line 516]
Event: 1001.365 Thread 0x000001880e26ac60 Exception <a 'java/io/IOException'{0x0000000089a05ff8}> (0x0000000089a05ff8) 
thrown [s\open\src\hotspot\share\prims\jni.cpp, line 516]
Event: 1001.365 Thread 0x000001880e26ac60 Exception <a 'java/io/IOException'{0x0000000089a065b8}> (0x0000000089a065b8) 
thrown [s\open\src\hotspot\share\prims\jni.cpp, line 516]
Event: 1001.383 Thread 0x000001880e26a790 Exception <a 'java/io/IOException'{0x0000000089a2f3d0}> (0x0000000089a2f3d0) 
thrown [s\open\src\hotspot\share\prims\jni.cpp, line 516]
Event: 1001.383 Thread 0x000001880e26a790 Exception <a 'java/io/IOException'{0x0000000089a2f990}> (0x0000000089a2f990) 
thrown [s\open\src\hotspot\share\prims\jni.cpp, line 516]
Event: 1001.386 Thread 0x000001880e26c940 Exception <a 'java/lang/InterruptedException'{0x0000000089a4c638}: sleep interrupted> (0x0000000089a4c638) 
thrown [s\open\src\hotspot\share\prims\jvm.cpp, line 3070]
Event: 1001.387 Thread 0x000001880e26a790 Exception <a 'java/io/IOException'{0x0000000089a8d818}> (0x0000000089a8d818) 
thrown [s\open\src\hotspot\share\prims\jni.cpp, line 516]
Event: 1001.387 Thread 0x000001880e26a790 Exception <a 'java/io/IOException'{0x0000000089a8ddd8}> (0x0000000089a8ddd8) 
thrown [s\open\src\hotspot\share\prims\jni.cpp, line 516]
Event: 1001.387 Thread 0x000001880e26a790 Exception <a 'java/io/IOException'{0x0000000089a96690}> (0x0000000089a96690) 
thrown [s\open\src\hotspot\share\prims\jni.cpp, line 516]
Event: 1001.387 Thread 0x000001880e26a790 Exception <a 'java/io/IOException'{0x0000000089a969a8}> (0x0000000089a969a8) 
thrown [s\open\src\hotspot\share\prims\jni.cpp, line 516]
Event: 1001.390 Thread 0x000001880e26a790 Exception <a 'java/io/IOException'{0x0000000089a98b80}> (0x0000000089a98b80) 
thrown [s\open\src\hotspot\share\prims\jni.cpp, line 516]
Event: 1001.390 Thread 0x000001880e26a790 Exception <a 'java/io/IOException'{0x0000000089a98e98}> (0x0000000089a98e98) 
thrown [s\open\src\hotspot\share\prims\jni.cpp, line 516]

VM Operations (20 events):
Event: 981.688 Executing VM operation: G1CollectForAllocation done
Event: 982.702 Executing VM operation: Cleanup
Event: 982.702 Executing VM operation: Cleanup done
Event: 983.456 Executing VM operation: G1CollectFull
Event: 983.498 Executing VM operation: G1CollectFull done
Event: 983.981 Executing VM operation: G1CollectForAllocation
Event: 983.984 Executing VM operation: G1CollectForAllocation done
Event: 984.264 Executing VM operation: G1CollectForAllocation
Event: 984.267 Executing VM operation: G1CollectForAllocation done
Event: 985.279 Executing VM operation: Cleanup
Event: 985.279 Executing VM operation: Cleanup done
Event: 998.686 Executing VM operation: G1CollectFull
Event: 998.727 Executing VM operation: G1CollectFull done
Event: 999.369 Executing VM operation: G1CollectForAllocation
Event: 999.372 Executing VM operation: G1CollectForAllocation done
Event: 999.641 Executing VM operation: G1CollectForAllocation
Event: 999.644 Executing VM operation: G1CollectForAllocation done
Event: 1000.651 Executing VM operation: Cleanup
Event: 1000.651 Executing VM operation: Cleanup done
Event: 1001.390 Executing VM operation: G1CollectFull

Events (20 events):
Event: 1001.383 Thread 0x0000018874d8cb00 Thread exited: 0x0000018874d8cb00
Event: 1001.383 Thread 0x0000018874d8a280 Thread exited: 0x0000018874d8a280
Event: 1001.385 Thread 0x000001880e269df0 Thread exited: 0x000001880e269df0
Event: 1001.385 Thread 0x000001880e26e150 Thread exited: 0x000001880e26e150
Event: 1001.385 Thread 0x000001880e268ab0 Thread exited: 0x000001880e268ab0
Event: 1001.385 Thread 0x000001880e267c40 Thread exited: 0x000001880e267c40
Event: 1001.385 Thread 0x000001880e267770 Thread exited: 0x000001880e267770
Event: 1001.385 Thread 0x000001880e269450 Thread exited: 0x000001880e269450
Event: 1001.385 Thread 0x000001880e268110 Thread exited: 0x000001880e268110
Event: 1001.385 Thread 0x000001880e26d7b0 Thread exited: 0x000001880e26d7b0
Event: 1001.385 Thread 0x000001880e2685e0 Thread exited: 0x000001880e2685e0
Event: 1001.385 Thread 0x000001880e269920 Thread exited: 0x000001880e269920
Event: 1001.386 Thread 0x000001880e26b130 Thread exited: 0x000001880e26b130
Event: 1001.386 Thread 0x000001880e26c940 Thread exited: 0x000001880e26c940
Event: 1001.386 Thread 0x000001880e26b600 Thread exited: 0x000001880e26b600
Event: 1001.386 Thread 0x000001880e26ce10 Thread exited: 0x000001880e26ce10
Event: 1001.388 Thread 0x000001880e26bfa0 Thread added: 0x000001880e26bfa0
Event: 1001.388 Thread 0x000001880e266900 Thread exited: 0x000001880e266900
Event: 1001.388 Thread 0x000001880e26dc80 Thread exited: 0x000001880e26dc80
Event: 1001.390 Thread 0x000001880e26bfa0 Thread exited: 0x000001880e26bfa0


Dynamic libraries:
0x00007ff7d5460000 - 0x00007ff7d5470000 	C:\Program Files\Java\jdk-17\bin\java.exe
0x00007ffb3c8b0000 - 0x00007ffb3caa8000 	C:\WINDOWS\SYSTEM32\ntdll.dll
0x00007ffb3c420000 - 0x00007ffb3c4df000 	C:\WINDOWS\System32\KERNEL32.DLL
0x00007ffb3a610000 - 0x00007ffb3a906000 	C:\WINDOWS\System32\KERNELBASE.dll
0x00007ffb3a280000 - 0x00007ffb3a380000 	C:\WINDOWS\System32\ucrtbase.dll
0x00007ffb32e20000 - 0x00007ffb32e39000 	C:\Program Files\Java\jdk-17\bin\jli.dll
0x00007ffb3aed0000 - 0x00007ffb3af7f000 	C:\WINDOWS\System32\ADVAPI32.dll
0x00007ffb3ba10000 - 0x00007ffb3baae000 	C:\WINDOWS\System32\msvcrt.dll
0x00007ffb3bb90000 - 0x00007ffb3bc2c000 	C:\WINDOWS\System32\sechost.dll
0x00007ffb3bca0000 - 0x00007ffb3bdc6000 	C:\WINDOWS\System32\RPCRT4.dll
0x00007ffb3c270000 - 0x00007ffb3c40d000 	C:\WINDOWS\System32\USER32.dll
0x00007ffb3a0b0000 - 0x00007ffb3a0d2000 	C:\WINDOWS\System32\win32u.dll
0x00007ffb3afe0000 - 0x00007ffb3b00c000 	C:\WINDOWS\System32\GDI32.dll
0x00007ffb39f90000 - 0x00007ffb3a0a5000 	C:\WINDOWS\System32\gdi32full.dll
0x00007ffb3a0e0000 - 0x00007ffb3a17d000 	C:\WINDOWS\System32\msvcp_win.dll
0x00007ffb32cc0000 - 0x00007ffb32cdb000 	C:\Program Files\Java\jdk-17\bin\VCRUNTIME140.dll
0x00007ffb38450000 - 0x00007ffb386ea000 	C:\WINDOWS\WinSxS\amd64_microsoft.windows.common-controls_6595b64144ccf1df_6.0.19041.1110_none_60b5254171f9507e\COMCTL32.dll
0x00007ffb32400000 - 0x00007ffb3240a000 	C:\WINDOWS\SYSTEM32\VERSION.dll
0x00007ffb3c4e0000 - 0x00007ffb3c510000 	C:\WINDOWS\System32\IMM32.DLL
0x00007ffaf0a90000 - 0x00007ffaf1103000 	C:\Program Files\McAfee\DLP\Agent\fcagpph64.dll
0x00007ffb3b2c0000 - 0x00007ffb3ba04000 	C:\WINDOWS\System32\SHELL32.dll
0x00007ffb3b130000 - 0x00007ffb3b25a000 	C:\WINDOWS\System32\ole32.dll
0x00007ffb3c510000 - 0x00007ffb3c864000 	C:\WINDOWS\System32\combase.dll
0x00007ffb3b260000 - 0x00007ffb3b2b5000 	C:\WINDOWS\System32\SHLWAPI.dll
0x00007ffb3bc30000 - 0x00007ffb3bc9b000 	C:\WINDOWS\System32\WS2_32.dll
0x00007ffb3a910000 - 0x00007ffb3a9dd000 	C:\WINDOWS\System32\OLEAUT32.dll
0x00007ffb1e700000 - 0x00007ffb1e798000 	C:\WINDOWS\SYSTEM32\WINSPOOL.DRV
0x00007ffb39e50000 - 0x00007ffb39e82000 	C:\WINDOWS\SYSTEM32\SspiCli.dll
0x00007ffb390b0000 - 0x00007ffb390e3000 	C:\WINDOWS\SYSTEM32\ntmarta.dll
0x0000018874fd0000 - 0x0000018874fe4000 	C:\WINDOWS\System32\umppc16606.dll
0x00007ffb32f60000 - 0x00007ffb32f6c000 	C:\Program Files\Java\jdk-17\bin\vcruntime140_1.dll
0x00007ffb03ed0000 - 0x00007ffb03f5e000 	C:\Program Files\Java\jdk-17\bin\msvcp140.dll
0x00007ffad10c0000 - 0x00007ffad1c9d000 	C:\Program Files\Java\jdk-17\bin\server\jvm.dll
0x0000018874fa0000 - 0x0000018874fa8000 	C:\WINDOWS\System32\PSAPI.DLL
0x00007ffb26cd0000 - 0x00007ffb26cd9000 	C:\WINDOWS\SYSTEM32\WSOCK32.dll
0x00007ffb244c0000 - 0x00007ffb244e7000 	C:\WINDOWS\SYSTEM32\WINMM.dll
0x00007ffb38130000 - 0x00007ffb38142000 	C:\WINDOWS\SYSTEM32\kernel.appcore.dll
0x00007ffb32f00000 - 0x00007ffb32f0a000 	C:\Program Files\Java\jdk-17\bin\jimage.dll
0x00007ffb373d0000 - 0x00007ffb375b4000 	C:\WINDOWS\SYSTEM32\DBGHELP.DLL
0x00007ffb223a0000 - 0x00007ffb223d4000 	C:\WINDOWS\SYSTEM32\dbgcore.DLL
0x00007ffb3a180000 - 0x00007ffb3a202000 	C:\WINDOWS\System32\bcryptPrimitives.dll
0x00007ffb32610000 - 0x00007ffb32635000 	C:\Program Files\Java\jdk-17\bin\java.dll
0x00007ffaf7740000 - 0x00007ffaf7817000 	C:\Program Files\Java\jdk-17\bin\jsvml.dll
0x00007ffb375c0000 - 0x00007ffb37d53000 	C:\WINDOWS\SYSTEM32\windows.storage.dll
0x00007ffb39910000 - 0x00007ffb3993e000 	C:\WINDOWS\SYSTEM32\Wldp.dll
0x00007ffb3bdd0000 - 0x00007ffb3be7d000 	C:\WINDOWS\System32\SHCORE.dll
0x00007ffb39ed0000 - 0x00007ffb39eef000 	C:\WINDOWS\SYSTEM32\profapi.dll
0x00007ffb325b0000 - 0x00007ffb325c9000 	C:\Program Files\Java\jdk-17\bin\net.dll
0x00007ffb38f10000 - 0x00007ffb3901a000 	C:\WINDOWS\SYSTEM32\WINHTTP.dll
0x00007ffb39670000 - 0x00007ffb396da000 	C:\WINDOWS\system32\mswsock.dll
0x00007ffb30ac0000 - 0x00007ffb30ad6000 	C:\Program Files\Java\jdk-17\bin\nio.dll
0x00007ffb28080000 - 0x00007ffb28098000 	C:\Program Files\Java\jdk-17\bin\zip.dll
0x00007ffb2e3e0000 - 0x00007ffb2e3ea000 	C:\Program Files\Java\jdk-17\bin\management.dll
0x00007ffb2df40000 - 0x00007ffb2df4b000 	C:\Program Files\Java\jdk-17\bin\management_ext.dll
0x00007ffb325a0000 - 0x00007ffb325b0000 	C:\Program Files\Java\jdk-17\bin\verify.dll
0x00007ffb39860000 - 0x00007ffb39878000 	C:\WINDOWS\SYSTEM32\CRYPTSP.dll
0x00007ffb38e80000 - 0x00007ffb38eb4000 	C:\WINDOWS\system32\rsaenh.dll
0x00007ffb3a380000 - 0x00007ffb3a3a7000 	C:\WINDOWS\System32\bcrypt.dll
0x00007ffb39e90000 - 0x00007ffb39ebe000 	C:\WINDOWS\SYSTEM32\USERENV.dll
0x00007ffb39880000 - 0x00007ffb3988c000 	C:\WINDOWS\SYSTEM32\CRYPTBASE.dll
0x00007ffb39360000 - 0x00007ffb3939c000 	C:\WINDOWS\SYSTEM32\IPHLPAPI.DLL
0x00007ffb3c410000 - 0x00007ffb3c418000 	C:\WINDOWS\System32\NSI.dll
0x00007ffb33190000 - 0x00007ffb331a7000 	C:\WINDOWS\SYSTEM32\dhcpcsvc6.DLL
0x00007ffb33010000 - 0x00007ffb3302d000 	C:\WINDOWS\SYSTEM32\dhcpcsvc.DLL
0x00007ffb393a0000 - 0x00007ffb3946b000 	C:\WINDOWS\SYSTEM32\DNSAPI.dll
0x00007ffb2cb00000 - 0x00007ffb2cb0d000 	C:\Program Files\Java\jdk-17\bin\sunmscapi.dll
0x00007ffb3a4b0000 - 0x00007ffb3a60e000 	C:\WINDOWS\System32\CRYPT32.dll
0x00007ffb39980000 - 0x00007ffb399a8000 	C:\WINDOWS\SYSTEM32\ncrypt.dll
0x00007ffb39940000 - 0x00007ffb3997b000 	C:\WINDOWS\SYSTEM32\NTASN1.dll
0x00007ffb30fc0000 - 0x00007ffb30fca000 	C:\Windows\System32\rasadhlp.dll
0x00007ffb33b10000 - 0x00007ffb33b92000 	C:\WINDOWS\System32\fwpuclnt.dll
0x00007ffb2c850000 - 0x00007ffb2c857000 	C:\WINDOWS\system32\wshunix.dll

dbghelp: loaded successfully - version: 4.0.5 - missing functions: none
symbol engine: initialized successfully - sym options: 0x614 - pdb path: .;C:\Program Files\Java\jdk-17\bin;C:\WINDOWS\SYSTEM32;C:\WINDOWS\WinSxS\amd64_microsoft.windows.common-controls_6595b64144ccf1df_6.0.19041.1110_none_60b5254171f9507e;C:\Program Files\McAfee\DLP\Agent;C:\Program Files\Java\jdk-17\bin\server

VM Arguments:
jvm_args: -XX:TieredStopAtLevel=1 
java_command: eggporIzquierda.solucionesactivas.SolucionesactivasApplication
java_class_path (initial): C:\Users\a300593\OneDrive - Santander Office 365\Escritorio\Egg\PROYECTOFINAL\solucionesactivas\target\classes;C:\Users\a300593\.m2\repository\org\aspectj\aspectjweaver\1.9.19\aspectjweaver-1.9.19.jar;C:\Users\a300593\.m2\repository\com\zaxxer\HikariCP\5.0.1\HikariCP-5.0.1.jar;C:\Users\a300593\.m2\repository\org\springframework\spring-jdbc\6.0.9\spring-jdbc-6.0.9.jar;C:\Users\a300593\.m2\repository\org\hibernate\orm\hibernate-core\6.1.7.Final\hibernate-core-6.1.7.Final.jar;C:\Users\a300593\.m2\repository\jakarta\persistence\jakarta.persistence-api\3.1.0\jakarta.persistence-api-3.1.0.jar;C:\Users\a300593\.m2\repository\jakarta\transaction\jakarta.transaction-api\2.0.1\jakarta.transaction-api-2.0.1.jar;C:\Users\a300593\.m2\repository\org\jboss\logging\jboss-logging\3.5.0.Final\jboss-logging-3.5.0.Final.jar;C:\Users\a300593\.m2\repository\org\hibernate\common\hibernate-commons-annotations\6.0.6.Final\hibernate-commons-annotations-6.0.6.Final.jar;C:\Users\a300593\.m2\repository\org\jboss\jandex\2.4.2.Final\jandex-2.4.2.Final.jar;C:\Users\a300593\.m2\repository\com\fasterxml\classmate\1.5.1\classmate-1.5.1.jar;C:\Users\a300593\.m2\repository\net\bytebuddy\byte-buddy\1.12.23\byte-buddy-1.12.23.jar;C:\Users\a300593\.m2\repository\org\glassfish\jaxb\jaxb-runtime\4.0.2\jaxb-runtime-4.0.2.jar;C:\Users\a300593\.m2\repository\org\glassfish\jaxb\jaxb-core\4.0.2\jaxb-core-4.0.2.jar;C:\Users\a300593\.m2\repository\org\eclipse\angus\angus-activation\2.0.0\angus-activation-2.0.0.jar;C:\Users\a300593\.m2\repository\org\glassfish\jaxb\txw2\4.0.2\txw2-4.0.2.jar;C:\Users\a300593\.m2\repository\com\sun\istack\istack-commons-runtime\4.1.1\istack-commons-runtime-4.1.1.jar;C:\Users\a300593\.m2\repository\jakarta\inject\jakarta.inject-api\2.0.0\jakarta.inject-api-2.0.0.jar;C:\Users\a300593\.m2\repository\org\antlr\antlr4-runtime\4.10.1\antlr4-runtime-4.10.1.jar;C:\Users\a300593\.m2\repository\org\springframework\data\spring-data-jpa\3.0.6\spring-data-jpa-3.0.6.ja
Launcher Type: SUN_STANDARD

[Global flags]
     intx CICompilerCount                          = 4                                         {product} {ergonomic}
     uint ConcGCThreads                            = 2                                         {product} {ergonomic}
     uint G1ConcRefinementThreads                  = 8                                         {product} {ergonomic}
   size_t G1HeapRegionSize                         = 1048576                                   {product} {ergonomic}
    uintx GCDrainStackTargetSize                   = 64                                        {product} {ergonomic}
   size_t InitialHeapSize                          = 127926272                                 {product} {ergonomic}
   size_t MarkStackSize                            = 4194304                                   {product} {ergonomic}
   size_t MaxHeapSize                              = 2042626048                                {product} {ergonomic}
   size_t MaxNewSize                               = 1224736768                                {product} {ergonomic}
   size_t MinHeapDeltaBytes                        = 1048576                                   {product} {ergonomic}
   size_t MinHeapSize                              = 8388608                                   {product} {ergonomic}
    uintx NonProfiledCodeHeapSize                  = 0                                      {pd product} {ergonomic}
     bool ProfileInterpreter                       = false                                  {pd product} {command line}
    uintx ProfiledCodeHeapSize                     = 0                                      {pd product} {ergonomic}
   size_t SoftMaxHeapSize                          = 2042626048                             {manageable} {ergonomic}
     intx TieredStopAtLevel                        = 1                                         {product} {command line}
     bool UseCompressedClassPointers               = true                           {product lp64_product} {ergonomic}
     bool UseCompressedOops                        = true                           {product lp64_product} {ergonomic}
     bool UseG1GC                                  = true                                      {product} {ergonomic}
     bool UseLargePagesIndividualAllocation        = false                                  {pd product} {ergonomic}

Logging:
Log output configuration:
 #0: stdout all=warning uptime,level,tags
 #1: stderr all=off uptime,level,tags

Environment Variables:
JAVA_HOME=C:\Program Files\Java\jdk-17
PATH=C:\Program Files\Common Files\Oracle\Java\javapath;C:\Program Files (x86)\Common Files\Oracle\Java\javapath;C:\WINDOWS\system32;C:\WINDOWS;C:\WINDOWS\System32\Wbem;C:\WINDOWS\System32\WindowsPowerShell\v1.0\;C:\Program Files\IBM\Trace Facility;C:\Program Files\IBM\Personal Communications\;C:\Program Files (x86)\Pulse Secure\VC142.CRT\X64\;C:\Program Files (x86)\Pulse Secure\VC142.CRT\X86\;C:\Program Files\Java\jdk-17\bin;C:\Program Files\Java\apache-maven-3.9.0\bin;C:\Program Files\Java\jdk-17\bin;C:\Program Files\nodejs\;C:\Users\a300593\AppData\Local\Microsoft\WindowsApps;C:\Users\a300593\AppData\Local\Programs\Git\cmd;C:\Users\a300593\AppData\Local\Programs\Microsoft VS Code\bin;C:\Users\a300593\AppData\Roaming\npm;C:\Users\a300593\AppData\Local\GitHubDesktop\bin
USERNAME=A300593
OS=Windows_NT
PROCESSOR_IDENTIFIER=Intel64 Family 6 Model 142 Stepping 12, GenuineIntel



---------------  S Y S T E M  ---------------

OS:
 Windows 10 , 64 bit Build 19041 (10.0.19041.2913)
OS uptime: 1 days 11:27 hours

CPU: total 8 (initial active 8) (4 cores per cpu, 2 threads per core) family 6 model 142 stepping 12 microcode 0xf0, cx8, cmov, fxsr, ht, mmx, 3dnowpref, sse, sse2, sse3, ssse3, sse4.1, sse4.2, popcnt, lzcnt, tsc, tscinvbit, avx, avx2, aes, erms, clmul, bmi1, bmi2, adx, fma, vzeroupper, clflush, clflushopt

Memory: 4k page, system-wide physical 7785M (828M free)
TotalPageFile size 31337M (AvailPageFile size 7M)
current process WorkingSet (physical memory assigned to process): 231M, peak: 237M
current process commit charge ("private bytes"): 288M, peak: 305M

vm_info: Java HotSpot(TM) 64-Bit Server VM (17.0.7+8-LTS-224) for windows-amd64 JRE (17.0.7+8-LTS-224), built on Feb 28 2023 23:03:02 by "mach5one" with MS VC++ 17.1 (VS2022)

END.
