#
# There is insufficient memory for the Java Runtime Environment to continue.
# Native memory allocation (malloc) failed to allocate 343920 bytes for Chunk::new
# Possible reasons:
#   The system is out of physical RAM or swap space
#   The process is running with CompressedOops enabled, and the Java Heap may be blocking the growth of the native heap
# Possible solutions:
#   Reduce memory load on the system
#   Increase physical memory or swap space
#   Check if swap backing store is full
#   Decrease Java heap size (-Xmx/-Xms)
#   Decrease number of Java threads
#   Decrease Java thread stack sizes (-Xss)
#   Set larger code cache with -XX:ReservedCodeCacheSize=
#   JVM is running with Unscaled Compressed Oops mode in which the Java heap is
#     placed in the first 4GB address space. The Java Heap base address is the
#     maximum limit for the native heap growth. Please use -XX:HeapBaseMinAddress
#     to set the Java Heap base and to place the Java Heap above 4GB virtual address.
# This output file may be truncated or incomplete.
#
#  Out of Memory Error (arena.cpp:189), pid=23896, tid=16260
#
# JRE version: Java(TM) SE Runtime Environment (17.0.7+8) (build 17.0.7+8-LTS-224)
# Java VM: Java HotSpot(TM) 64-Bit Server VM (17.0.7+8-LTS-224, mixed mode, sharing, tiered, compressed oops, compressed class ptrs, g1 gc, windows-amd64)
# No core dump will be written. Minidumps are not enabled by default on client versions of Windows
#

---------------  S U M M A R Y ------------

Command Line: -Dmaven.multiModuleProjectDirectory=C:\Users\a300593\OneDrive - Santander Office 365\Escritorio\Egg\PROYECTOFINAL\solucionesactivas org.apache.maven.wrapper.MavenWrapperMain -Dmaven.ext.class.path=C:\Program Files\NetBeans-15\netbeans\java\maven-nblib\netbeans-eventspy.jar -Dfile.encoding=UTF-8 --debug --errors --debug --errors org.springframework.boot:spring-boot-maven-plugin:3.0.7:run

Host: Intel(R) Core(TM) i5-10210U CPU @ 1.60GHz, 8 cores, 7G,  Windows 10 , 64 bit Build 19041 (10.0.19041.2913)
Time: Mon Jun 26 00:51:27 2023 Hora estándar de Argentina elapsed time: 0.417695 seconds (0d 0h 0m 0s)

---------------  T H R E A D  ---------------

Current thread (0x00000294f435a1b0):  JavaThread "C2 CompilerThread0" daemon [_thread_in_native, id=16260, stack(0x000000c642500000,0x000000c642600000)]


Current CompileTask:
C2:    418  657  s!   4       jdk.internal.loader.URLClassPath::getLoader (194 bytes)

Stack: [0x000000c642500000,0x000000c642600000]
Native frames: (J=compiled Java code, j=interpreted, Vv=VM code, C=native code)
V  [jvm.dll+0x676a4a]
V  [jvm.dll+0x7d74f4]
V  [jvm.dll+0x7d8c9e]
V  [jvm.dll+0x7d9303]
V  [jvm.dll+0x2452c5]
V  [jvm.dll+0xaaa2b]
V  [jvm.dll+0xaafcc]
V  [jvm.dll+0x36141e]
V  [jvm.dll+0x32bba1]
V  [jvm.dll+0x32b03a]
V  [jvm.dll+0x217acf]
V  [jvm.dll+0x216f01]
V  [jvm.dll+0x1a35e0]
V  [jvm.dll+0x226a6e]
V  [jvm.dll+0x224e15]
V  [jvm.dll+0x78d05c]
V  [jvm.dll+0x78759a]
V  [jvm.dll+0x675875]
C  [ucrtbase.dll+0x21bb2]
C  [KERNEL32.DLL+0x17614]
C  [ntdll.dll+0x526a1]


---------------  P R O C E S S  ---------------

Threads class SMR info:
_java_thread_list=0x00000294959127a0, length=12, elements={
0x00000294f5d0f190, 0x00000294ff2f1b00, 0x00000294ff2f2770, 0x00000294ff304ee0,
0x00000294ff305890, 0x00000294ff3079f0, 0x00000294ff30c040, 0x00000294f435a1b0,
0x00000294f4359790, 0x00000294ff330e00, 0x0000029495911480, 0x0000029495919f30
}

Java Threads: ( => current thread )
  0x00000294f5d0f190 JavaThread "main" [_thread_in_vm, id=57680, stack(0x000000c641800000,0x000000c641900000)]
  0x00000294ff2f1b00 JavaThread "Reference Handler" daemon [_thread_blocked, id=10452, stack(0x000000c641f00000,0x000000c642000000)]
  0x00000294ff2f2770 JavaThread "Finalizer" daemon [_thread_blocked, id=56236, stack(0x000000c642000000,0x000000c642100000)]
  0x00000294ff304ee0 JavaThread "Signal Dispatcher" daemon [_thread_blocked, id=33544, stack(0x000000c642100000,0x000000c642200000)]
  0x00000294ff305890 JavaThread "Attach Listener" daemon [_thread_blocked, id=54632, stack(0x000000c642200000,0x000000c642300000)]
  0x00000294ff3079f0 JavaThread "Service Thread" daemon [_thread_blocked, id=57948, stack(0x000000c642300000,0x000000c642400000)]
  0x00000294ff30c040 JavaThread "Monitor Deflation Thread" daemon [_thread_blocked, id=58292, stack(0x000000c642400000,0x000000c642500000)]
=>0x00000294f435a1b0 JavaThread "C2 CompilerThread0" daemon [_thread_in_native, id=16260, stack(0x000000c642500000,0x000000c642600000)]
  0x00000294f4359790 JavaThread "C1 CompilerThread0" daemon [_thread_blocked, id=27404, stack(0x000000c642600000,0x000000c642700000)]
  0x00000294ff330e00 JavaThread "Sweeper thread" daemon [_thread_blocked, id=57132, stack(0x000000c642700000,0x000000c642800000)]
  0x0000029495911480 JavaThread "Notification Thread" daemon [_thread_blocked, id=60184, stack(0x000000c642800000,0x000000c642900000)]
  0x0000029495919f30 JavaThread "Common-Cleaner" daemon [_thread_blocked, id=57892, stack(0x000000c642a00000,0x000000c642b00000)]

Other Threads:
  0x00000294ff2ecba0 VMThread "VM Thread" [stack: 0x000000c641e00000,0x000000c641f00000] [id=59564]
  0x00000294f4356620 WatcherThread [stack: 0x000000c642900000,0x000000c642a00000] [id=49904]
  0x00000294f5d66430 GCTaskThread "GC Thread#0" [stack: 0x000000c641900000,0x000000c641a00000] [id=59952]
  0x00000294f5d766f0 ConcurrentGCThread "G1 Main Marker" [stack: 0x000000c641a00000,0x000000c641b00000] [id=21016]
  0x00000294f5d79c80 ConcurrentGCThread "G1 Conc#0" [stack: 0x000000c641b00000,0x000000c641c00000] [id=16580]
  0x00000294ff1a1680 ConcurrentGCThread "G1 Refine#0" [stack: 0x000000c641c00000,0x000000c641d00000] [id=59056]
  0x00000294ff1a4fc0 ConcurrentGCThread "G1 Service" [stack: 0x000000c641d00000,0x000000c641e00000] [id=56928]

Threads with active compile tasks:
C2 CompilerThread0      485  657  s!   4       jdk.internal.loader.URLClassPath::getLoader (194 bytes)

VM state: not at safepoint (normal execution)

VM Mutex/Monitor currently owned by a thread:  ([mutex/lock_event])
[0x00000294f5cfb350] Metaspace_lock - owner thread: 0x00000294f5d0f190

Heap address: 0x0000000086400000, size: 1948 MB, Compressed Oops mode: 32-bit

CDS archive(s) mapped at: [0x0000000800000000-0x0000000800bd0000-0x0000000800bd0000), size 12386304, SharedBaseAddress: 0x0000000800000000, ArchiveRelocationMode: 0.
Compressed class space mapped at: 0x0000000800c00000-0x0000000840c00000, reserved size: 1073741824
Narrow klass base: 0x0000000800000000, Narrow klass shift: 0, Narrow klass range: 0x100000000

GC Precious Log:
 CPUs: 8 total, 8 available
 Memory: 7785M
 Large Page Support: Disabled
 NUMA Support: Disabled
 Compressed Oops: Enabled (32-bit)
 Heap Region Size: 1M
 Heap Min Capacity: 8M
 Heap Initial Capacity: 122M
 Heap Max Capacity: 1948M
 Pre-touch: Disabled
 Parallel Workers: 8
 Concurrent Workers: 2
 Concurrent Refinement Workers: 8
 Periodic GC: Disabled

Heap:
 garbage-first heap   total 124928K, used 13312K [0x0000000086400000, 0x0000000100000000)
  region size 1024K, 14 young (14336K), 0 survivors (0K)
 Metaspace       used 3749K, committed 3840K, reserved 1056768K
  class space    used 404K, committed 448K, reserved 1048576K

Heap Regions: E=young(eden), S=young(survivor), O=old, HS=humongous(starts), HC=humongous(continues), CS=collection set, F=free, OA=open archive, CA=closed archive, TAMS=top-at-mark-start (previous, next)
|   0|0x0000000086400000, 0x0000000086400000, 0x0000000086500000|  0%| F|  |TAMS 0x0000000086400000, 0x0000000086400000| Untracked 
|   1|0x0000000086500000, 0x0000000086500000, 0x0000000086600000|  0%| F|  |TAMS 0x0000000086500000, 0x0000000086500000| Untracked 
|   2|0x0000000086600000, 0x0000000086600000, 0x0000000086700000|  0%| F|  |TAMS 0x0000000086600000, 0x0000000086600000| Untracked 
|   3|0x0000000086700000, 0x0000000086700000, 0x0000000086800000|  0%| F|  |TAMS 0x0000000086700000, 0x0000000086700000| Untracked 
|   4|0x0000000086800000, 0x0000000086800000, 0x0000000086900000|  0%| F|  |TAMS 0x0000000086800000, 0x0000000086800000| Untracked 
|   5|0x0000000086900000, 0x0000000086900000, 0x0000000086a00000|  0%| F|  |TAMS 0x0000000086900000, 0x0000000086900000| Untracked 
|   6|0x0000000086a00000, 0x0000000086a00000, 0x0000000086b00000|  0%| F|  |TAMS 0x0000000086a00000, 0x0000000086a00000| Untracked 
|   7|0x0000000086b00000, 0x0000000086b00000, 0x0000000086c00000|  0%| F|  |TAMS 0x0000000086b00000, 0x0000000086b00000| Untracked 
|   8|0x0000000086c00000, 0x0000000086c00000, 0x0000000086d00000|  0%| F|  |TAMS 0x0000000086c00000, 0x0000000086c00000| Untracked 
|   9|0x0000000086d00000, 0x0000000086d00000, 0x0000000086e00000|  0%| F|  |TAMS 0x0000000086d00000, 0x0000000086d00000| Untracked 
|  10|0x0000000086e00000, 0x0000000086e00000, 0x0000000086f00000|  0%| F|  |TAMS 0x0000000086e00000, 0x0000000086e00000| Untracked 
|  11|0x0000000086f00000, 0x0000000086f00000, 0x0000000087000000|  0%| F|  |TAMS 0x0000000086f00000, 0x0000000086f00000| Untracked 
|  12|0x0000000087000000, 0x0000000087000000, 0x0000000087100000|  0%| F|  |TAMS 0x0000000087000000, 0x0000000087000000| Untracked 
|  13|0x0000000087100000, 0x0000000087100000, 0x0000000087200000|  0%| F|  |TAMS 0x0000000087100000, 0x0000000087100000| Untracked 
|  14|0x0000000087200000, 0x0000000087200000, 0x0000000087300000|  0%| F|  |TAMS 0x0000000087200000, 0x0000000087200000| Untracked 
|  15|0x0000000087300000, 0x0000000087300000, 0x0000000087400000|  0%| F|  |TAMS 0x0000000087300000, 0x0000000087300000| Untracked 
|  16|0x0000000087400000, 0x0000000087400000, 0x0000000087500000|  0%| F|  |TAMS 0x0000000087400000, 0x0000000087400000| Untracked 
|  17|0x0000000087500000, 0x0000000087500000, 0x0000000087600000|  0%| F|  |TAMS 0x0000000087500000, 0x0000000087500000| Untracked 
|  18|0x0000000087600000, 0x0000000087600000, 0x0000000087700000|  0%| F|  |TAMS 0x0000000087600000, 0x0000000087600000| Untracked 
|  19|0x0000000087700000, 0x0000000087700000, 0x0000000087800000|  0%| F|  |TAMS 0x0000000087700000, 0x0000000087700000| Untracked 
|  20|0x0000000087800000, 0x0000000087800000, 0x0000000087900000|  0%| F|  |TAMS 0x0000000087800000, 0x0000000087800000| Untracked 
|  21|0x0000000087900000, 0x0000000087900000, 0x0000000087a00000|  0%| F|  |TAMS 0x0000000087900000, 0x0000000087900000| Untracked 
|  22|0x0000000087a00000, 0x0000000087a00000, 0x0000000087b00000|  0%| F|  |TAMS 0x0000000087a00000, 0x0000000087a00000| Untracked 
|  23|0x0000000087b00000, 0x0000000087b00000, 0x0000000087c00000|  0%| F|  |TAMS 0x0000000087b00000, 0x0000000087b00000| Untracked 
|  24|0x0000000087c00000, 0x0000000087c00000, 0x0000000087d00000|  0%| F|  |TAMS 0x0000000087c00000, 0x0000000087c00000| Untracked 
|  25|0x0000000087d00000, 0x0000000087d00000, 0x0000000087e00000|  0%| F|  |TAMS 0x0000000087d00000, 0x0000000087d00000| Untracked 
|  26|0x0000000087e00000, 0x0000000087e00000, 0x0000000087f00000|  0%| F|  |TAMS 0x0000000087e00000, 0x0000000087e00000| Untracked 
|  27|0x0000000087f00000, 0x0000000087f00000, 0x0000000088000000|  0%| F|  |TAMS 0x0000000087f00000, 0x0000000087f00000| Untracked 
|  28|0x0000000088000000, 0x0000000088000000, 0x0000000088100000|  0%| F|  |TAMS 0x0000000088000000, 0x0000000088000000| Untracked 
|  29|0x0000000088100000, 0x0000000088100000, 0x0000000088200000|  0%| F|  |TAMS 0x0000000088100000, 0x0000000088100000| Untracked 
|  30|0x0000000088200000, 0x0000000088200000, 0x0000000088300000|  0%| F|  |TAMS 0x0000000088200000, 0x0000000088200000| Untracked 
|  31|0x0000000088300000, 0x0000000088300000, 0x0000000088400000|  0%| F|  |TAMS 0x0000000088300000, 0x0000000088300000| Untracked 
|  32|0x0000000088400000, 0x0000000088400000, 0x0000000088500000|  0%| F|  |TAMS 0x0000000088400000, 0x0000000088400000| Untracked 
|  33|0x0000000088500000, 0x0000000088500000, 0x0000000088600000|  0%| F|  |TAMS 0x0000000088500000, 0x0000000088500000| Untracked 
|  34|0x0000000088600000, 0x0000000088600000, 0x0000000088700000|  0%| F|  |TAMS 0x0000000088600000, 0x0000000088600000| Untracked 
|  35|0x0000000088700000, 0x0000000088700000, 0x0000000088800000|  0%| F|  |TAMS 0x0000000088700000, 0x0000000088700000| Untracked 
|  36|0x0000000088800000, 0x0000000088800000, 0x0000000088900000|  0%| F|  |TAMS 0x0000000088800000, 0x0000000088800000| Untracked 
|  37|0x0000000088900000, 0x0000000088900000, 0x0000000088a00000|  0%| F|  |TAMS 0x0000000088900000, 0x0000000088900000| Untracked 
|  38|0x0000000088a00000, 0x0000000088a00000, 0x0000000088b00000|  0%| F|  |TAMS 0x0000000088a00000, 0x0000000088a00000| Untracked 
|  39|0x0000000088b00000, 0x0000000088b00000, 0x0000000088c00000|  0%| F|  |TAMS 0x0000000088b00000, 0x0000000088b00000| Untracked 
|  40|0x0000000088c00000, 0x0000000088c00000, 0x0000000088d00000|  0%| F|  |TAMS 0x0000000088c00000, 0x0000000088c00000| Untracked 
|  41|0x0000000088d00000, 0x0000000088d00000, 0x0000000088e00000|  0%| F|  |TAMS 0x0000000088d00000, 0x0000000088d00000| Untracked 
|  42|0x0000000088e00000, 0x0000000088e00000, 0x0000000088f00000|  0%| F|  |TAMS 0x0000000088e00000, 0x0000000088e00000| Untracked 
|  43|0x0000000088f00000, 0x0000000088f00000, 0x0000000089000000|  0%| F|  |TAMS 0x0000000088f00000, 0x0000000088f00000| Untracked 
|  44|0x0000000089000000, 0x0000000089000000, 0x0000000089100000|  0%| F|  |TAMS 0x0000000089000000, 0x0000000089000000| Untracked 
|  45|0x0000000089100000, 0x0000000089100000, 0x0000000089200000|  0%| F|  |TAMS 0x0000000089100000, 0x0000000089100000| Untracked 
|  46|0x0000000089200000, 0x0000000089200000, 0x0000000089300000|  0%| F|  |TAMS 0x0000000089200000, 0x0000000089200000| Untracked 
|  47|0x0000000089300000, 0x0000000089300000, 0x0000000089400000|  0%| F|  |TAMS 0x0000000089300000, 0x0000000089300000| Untracked 
|  48|0x0000000089400000, 0x0000000089400000, 0x0000000089500000|  0%| F|  |TAMS 0x0000000089400000, 0x0000000089400000| Untracked 
|  49|0x0000000089500000, 0x0000000089500000, 0x0000000089600000|  0%| F|  |TAMS 0x0000000089500000, 0x0000000089500000| Untracked 
|  50|0x0000000089600000, 0x0000000089600000, 0x0000000089700000|  0%| F|  |TAMS 0x0000000089600000, 0x0000000089600000| Untracked 
|  51|0x0000000089700000, 0x0000000089700000, 0x0000000089800000|  0%| F|  |TAMS 0x0000000089700000, 0x0000000089700000| Untracked 
|  52|0x0000000089800000, 0x0000000089800000, 0x0000000089900000|  0%| F|  |TAMS 0x0000000089800000, 0x0000000089800000| Untracked 
|  53|0x0000000089900000, 0x0000000089900000, 0x0000000089a00000|  0%| F|  |TAMS 0x0000000089900000, 0x0000000089900000| Untracked 
|  54|0x0000000089a00000, 0x0000000089a00000, 0x0000000089b00000|  0%| F|  |TAMS 0x0000000089a00000, 0x0000000089a00000| Untracked 
|  55|0x0000000089b00000, 0x0000000089b00000, 0x0000000089c00000|  0%| F|  |TAMS 0x0000000089b00000, 0x0000000089b00000| Untracked 
|  56|0x0000000089c00000, 0x0000000089c00000, 0x0000000089d00000|  0%| F|  |TAMS 0x0000000089c00000, 0x0000000089c00000| Untracked 
|  57|0x0000000089d00000, 0x0000000089d00000, 0x0000000089e00000|  0%| F|  |TAMS 0x0000000089d00000, 0x0000000089d00000| Untracked 
|  58|0x0000000089e00000, 0x0000000089e00000, 0x0000000089f00000|  0%| F|  |TAMS 0x0000000089e00000, 0x0000000089e00000| Untracked 
|  59|0x0000000089f00000, 0x0000000089f00000, 0x000000008a000000|  0%| F|  |TAMS 0x0000000089f00000, 0x0000000089f00000| Untracked 
|  60|0x000000008a000000, 0x000000008a000000, 0x000000008a100000|  0%| F|  |TAMS 0x000000008a000000, 0x000000008a000000| Untracked 
|  61|0x000000008a100000, 0x000000008a100000, 0x000000008a200000|  0%| F|  |TAMS 0x000000008a100000, 0x000000008a100000| Untracked 
|  62|0x000000008a200000, 0x000000008a200000, 0x000000008a300000|  0%| F|  |TAMS 0x000000008a200000, 0x000000008a200000| Untracked 
|  63|0x000000008a300000, 0x000000008a300000, 0x000000008a400000|  0%| F|  |TAMS 0x000000008a300000, 0x000000008a300000| Untracked 
|  64|0x000000008a400000, 0x000000008a400000, 0x000000008a500000|  0%| F|  |TAMS 0x000000008a400000, 0x000000008a400000| Untracked 
|  65|0x000000008a500000, 0x000000008a500000, 0x000000008a600000|  0%| F|  |TAMS 0x000000008a500000, 0x000000008a500000| Untracked 
|  66|0x000000008a600000, 0x000000008a600000, 0x000000008a700000|  0%| F|  |TAMS 0x000000008a600000, 0x000000008a600000| Untracked 
|  67|0x000000008a700000, 0x000000008a700000, 0x000000008a800000|  0%| F|  |TAMS 0x000000008a700000, 0x000000008a700000| Untracked 
|  68|0x000000008a800000, 0x000000008a800000, 0x000000008a900000|  0%| F|  |TAMS 0x000000008a800000, 0x000000008a800000| Untracked 
|  69|0x000000008a900000, 0x000000008a900000, 0x000000008aa00000|  0%| F|  |TAMS 0x000000008a900000, 0x000000008a900000| Untracked 
|  70|0x000000008aa00000, 0x000000008aa00000, 0x000000008ab00000|  0%| F|  |TAMS 0x000000008aa00000, 0x000000008aa00000| Untracked 
|  71|0x000000008ab00000, 0x000000008ab00000, 0x000000008ac00000|  0%| F|  |TAMS 0x000000008ab00000, 0x000000008ab00000| Untracked 
|  72|0x000000008ac00000, 0x000000008ac00000, 0x000000008ad00000|  0%| F|  |TAMS 0x000000008ac00000, 0x000000008ac00000| Untracked 
|  73|0x000000008ad00000, 0x000000008ad00000, 0x000000008ae00000|  0%| F|  |TAMS 0x000000008ad00000, 0x000000008ad00000| Untracked 
|  74|0x000000008ae00000, 0x000000008ae00000, 0x000000008af00000|  0%| F|  |TAMS 0x000000008ae00000, 0x000000008ae00000| Untracked 
|  75|0x000000008af00000, 0x000000008af00000, 0x000000008b000000|  0%| F|  |TAMS 0x000000008af00000, 0x000000008af00000| Untracked 
|  76|0x000000008b000000, 0x000000008b000000, 0x000000008b100000|  0%| F|  |TAMS 0x000000008b000000, 0x000000008b000000| Untracked 
|  77|0x000000008b100000, 0x000000008b100000, 0x000000008b200000|  0%| F|  |TAMS 0x000000008b100000, 0x000000008b100000| Untracked 
|  78|0x000000008b200000, 0x000000008b200000, 0x000000008b300000|  0%| F|  |TAMS 0x000000008b200000, 0x000000008b200000| Untracked 
|  79|0x000000008b300000, 0x000000008b300000, 0x000000008b400000|  0%| F|  |TAMS 0x000000008b300000, 0x000000008b300000| Untracked 
|  80|0x000000008b400000, 0x000000008b400000, 0x000000008b500000|  0%| F|  |TAMS 0x000000008b400000, 0x000000008b400000| Untracked 
|  81|0x000000008b500000, 0x000000008b500000, 0x000000008b600000|  0%| F|  |TAMS 0x000000008b500000, 0x000000008b500000| Untracked 
|  82|0x000000008b600000, 0x000000008b600000, 0x000000008b700000|  0%| F|  |TAMS 0x000000008b600000, 0x000000008b600000| Untracked 
|  83|0x000000008b700000, 0x000000008b700000, 0x000000008b800000|  0%| F|  |TAMS 0x000000008b700000, 0x000000008b700000| Untracked 
|  84|0x000000008b800000, 0x000000008b800000, 0x000000008b900000|  0%| F|  |TAMS 0x000000008b800000, 0x000000008b800000| Untracked 
|  85|0x000000008b900000, 0x000000008b900000, 0x000000008ba00000|  0%| F|  |TAMS 0x000000008b900000, 0x000000008b900000| Untracked 
|  86|0x000000008ba00000, 0x000000008ba00000, 0x000000008bb00000|  0%| F|  |TAMS 0x000000008ba00000, 0x000000008ba00000| Untracked 
|  87|0x000000008bb00000, 0x000000008bb00000, 0x000000008bc00000|  0%| F|  |TAMS 0x000000008bb00000, 0x000000008bb00000| Untracked 
|  88|0x000000008bc00000, 0x000000008bc00000, 0x000000008bd00000|  0%| F|  |TAMS 0x000000008bc00000, 0x000000008bc00000| Untracked 
|  89|0x000000008bd00000, 0x000000008bd00000, 0x000000008be00000|  0%| F|  |TAMS 0x000000008bd00000, 0x000000008bd00000| Untracked 
|  90|0x000000008be00000, 0x000000008be00000, 0x000000008bf00000|  0%| F|  |TAMS 0x000000008be00000, 0x000000008be00000| Untracked 
|  91|0x000000008bf00000, 0x000000008bf00000, 0x000000008c000000|  0%| F|  |TAMS 0x000000008bf00000, 0x000000008bf00000| Untracked 
|  92|0x000000008c000000, 0x000000008c000000, 0x000000008c100000|  0%| F|  |TAMS 0x000000008c000000, 0x000000008c000000| Untracked 
|  93|0x000000008c100000, 0x000000008c100000, 0x000000008c200000|  0%| F|  |TAMS 0x000000008c100000, 0x000000008c100000| Untracked 
|  94|0x000000008c200000, 0x000000008c200000, 0x000000008c300000|  0%| F|  |TAMS 0x000000008c200000, 0x000000008c200000| Untracked 
|  95|0x000000008c300000, 0x000000008c300000, 0x000000008c400000|  0%| F|  |TAMS 0x000000008c300000, 0x000000008c300000| Untracked 
|  96|0x000000008c400000, 0x000000008c400000, 0x000000008c500000|  0%| F|  |TAMS 0x000000008c400000, 0x000000008c400000| Untracked 
|  97|0x000000008c500000, 0x000000008c500000, 0x000000008c600000|  0%| F|  |TAMS 0x000000008c500000, 0x000000008c500000| Untracked 
|  98|0x000000008c600000, 0x000000008c600000, 0x000000008c700000|  0%| F|  |TAMS 0x000000008c600000, 0x000000008c600000| Untracked 
|  99|0x000000008c700000, 0x000000008c700000, 0x000000008c800000|  0%| F|  |TAMS 0x000000008c700000, 0x000000008c700000| Untracked 
| 100|0x000000008c800000, 0x000000008c800000, 0x000000008c900000|  0%| F|  |TAMS 0x000000008c800000, 0x000000008c800000| Untracked 
| 101|0x000000008c900000, 0x000000008c900000, 0x000000008ca00000|  0%| F|  |TAMS 0x000000008c900000, 0x000000008c900000| Untracked 
| 102|0x000000008ca00000, 0x000000008ca00000, 0x000000008cb00000|  0%| F|  |TAMS 0x000000008ca00000, 0x000000008ca00000| Untracked 
| 103|0x000000008cb00000, 0x000000008cb00000, 0x000000008cc00000|  0%| F|  |TAMS 0x000000008cb00000, 0x000000008cb00000| Untracked 
| 104|0x000000008cc00000, 0x000000008cc00000, 0x000000008cd00000|  0%| F|  |TAMS 0x000000008cc00000, 0x000000008cc00000| Untracked 
| 105|0x000000008cd00000, 0x000000008cd00000, 0x000000008ce00000|  0%| F|  |TAMS 0x000000008cd00000, 0x000000008cd00000| Untracked 
| 106|0x000000008ce00000, 0x000000008ce00000, 0x000000008cf00000|  0%| F|  |TAMS 0x000000008ce00000, 0x000000008ce00000| Untracked 
| 107|0x000000008cf00000, 0x000000008cf00000, 0x000000008d000000|  0%| F|  |TAMS 0x000000008cf00000, 0x000000008cf00000| Untracked 
| 108|0x000000008d000000, 0x000000008d0ecce8, 0x000000008d100000| 92%| E|  |TAMS 0x000000008d000000, 0x000000008d000000| Complete 
| 109|0x000000008d100000, 0x000000008d200000, 0x000000008d200000|100%| E|CS|TAMS 0x000000008d100000, 0x000000008d100000| Complete 
| 110|0x000000008d200000, 0x000000008d300000, 0x000000008d300000|100%| E|CS|TAMS 0x000000008d200000, 0x000000008d200000| Complete 
| 111|0x000000008d300000, 0x000000008d400000, 0x000000008d400000|100%| E|CS|TAMS 0x000000008d300000, 0x000000008d300000| Complete 
| 112|0x000000008d400000, 0x000000008d500000, 0x000000008d500000|100%| E|CS|TAMS 0x000000008d400000, 0x000000008d400000| Complete 
| 113|0x000000008d500000, 0x000000008d600000, 0x000000008d600000|100%| E|CS|TAMS 0x000000008d500000, 0x000000008d500000| Complete 
| 114|0x000000008d600000, 0x000000008d700000, 0x000000008d700000|100%| E|CS|TAMS 0x000000008d600000, 0x000000008d600000| Complete 
| 115|0x000000008d700000, 0x000000008d800000, 0x000000008d800000|100%| E|CS|TAMS 0x000000008d700000, 0x000000008d700000| Complete 
| 116|0x000000008d800000, 0x000000008d900000, 0x000000008d900000|100%| E|CS|TAMS 0x000000008d800000, 0x000000008d800000| Complete 
| 117|0x000000008d900000, 0x000000008da00000, 0x000000008da00000|100%| E|CS|TAMS 0x000000008d900000, 0x000000008d900000| Complete 
| 118|0x000000008da00000, 0x000000008db00000, 0x000000008db00000|100%| E|CS|TAMS 0x000000008da00000, 0x000000008da00000| Complete 
| 119|0x000000008db00000, 0x000000008dc00000, 0x000000008dc00000|100%| E|CS|TAMS 0x000000008db00000, 0x000000008db00000| Complete 
| 120|0x000000008dc00000, 0x000000008dd00000, 0x000000008dd00000|100%| E|CS|TAMS 0x000000008dc00000, 0x000000008dc00000| Complete 
| 121|0x000000008dd00000, 0x000000008de00000, 0x000000008de00000|100%| E|CS|TAMS 0x000000008dd00000, 0x000000008dd00000| Complete 

Card table byte_map: [0x00000294fe3c0000,0x00000294fe790000] _byte_map_base: 0x00000294fdf8e000

Marking Bits (Prev, Next): (CMBitMap*) 0x00000294f5d66a40, (CMBitMap*) 0x00000294f5d66a80
 Prev Bits: [0x000002948f000000, 0x0000029490e70000)
 Next Bits: [0x0000029490e70000, 0x0000029492ce0000)

Polling page: 0x00000294f5d90000

Metaspace:

Usage:
  Non-class:      3.27 MB used.
      Class:    404.55 KB used.
       Both:      3.66 MB used.

Virtual space:
  Non-class space:        8.00 MB reserved,       3.31 MB ( 41%) committed,  1 nodes.
      Class space:        1.00 GB reserved,     448.00 KB ( <1%) committed,  1 nodes.
             Both:        1.01 GB reserved,       3.75 MB ( <1%) committed. 

Chunk freelists:
   Non-Class:  2.05 MB
       Class:  3.45 MB
        Both:  5.50 MB

MaxMetaspaceSize: unlimited
CompressedClassSpaceSize: 1.00 GB
Initial GC threshold: 21.00 MB
Current GC threshold: 21.00 MB
CDS: on
MetaspaceReclaimPolicy: balanced
 - commit_granule_bytes: 65536.
 - commit_granule_words: 8192.
 - virtual_space_node_default_size: 1048576.
 - enlarge_chunks_in_place: 1.
 - new_chunks_are_fully_committed: 0.
 - uncommit_free_chunks: 1.
 - use_allocation_guard: 0.
 - handle_deallocations: 1.


Internal statistics:

num_allocs_failed_limit: 0.
num_arena_births: 14.
num_arena_deaths: 0.
num_vsnodes_births: 2.
num_vsnodes_deaths: 0.
num_space_committed: 60.
num_space_uncommitted: 0.
num_chunks_returned_to_freelist: 0.
num_chunks_taken_from_freelist: 114.
num_chunk_merges: 0.
num_chunk_splits: 85.
num_chunks_enlarged: 75.
num_purges: 0.
num_inconsistent_stats: 0.

CodeHeap 'non-profiled nmethods': size=120000Kb used=207Kb max_used=207Kb free=119793Kb
 bounds [0x0000029487ad0000, 0x0000029487d40000, 0x000002948f000000]
CodeHeap 'profiled nmethods': size=120000Kb used=1458Kb max_used=1458Kb free=118541Kb
 bounds [0x0000029480000000, 0x0000029480270000, 0x0000029487530000]
CodeHeap 'non-nmethods': size=5760Kb used=1147Kb max_used=1156Kb free=4612Kb
 bounds [0x0000029487530000, 0x00000294877a0000, 0x0000029487ad0000]
 total_blobs=1171 nmethods=734 adapters=350
 compilation: enabled
              stopped_count=0, restarted_count=0
 full_count=0

Compilation events (20 events):
Event: 0.411 Thread 0x00000294f4359790  685       3       java.lang.invoke.MethodType::parameterCount (6 bytes)
Event: 0.411 Thread 0x00000294f4359790 nmethod 685 0x0000029480140d10 code [0x0000029480140ea0, 0x0000029480140fb8]
Event: 0.411 Thread 0x00000294f4359790  686       3       java.lang.invoke.MemberName::testAllFlags (7 bytes)
Event: 0.411 Thread 0x00000294f4359790 nmethod 686 0x0000029480141090 code [0x0000029480141220, 0x00000294801413f8]
Event: 0.411 Thread 0x00000294f4359790  687       1       java.lang.invoke.MethodHandles$Lookup::lookupClass (5 bytes)
Event: 0.411 Thread 0x00000294f4359790 nmethod 687 0x0000029487b02f10 code [0x0000029487b030a0, 0x0000029487b03178]
Event: 0.412 Thread 0x00000294f4359790  688       3       java.util.ImmutableCollections$Set12$1::hasNext (13 bytes)
Event: 0.412 Thread 0x00000294f4359790 nmethod 688 0x0000029480141490 code [0x0000029480141620, 0x0000029480141798]
Event: 0.412 Thread 0x00000294f4359790  690       3       java.util.ImmutableCollections$Set12$1::next (95 bytes)
Event: 0.413 Thread 0x00000294f4359790 nmethod 690 0x0000029480141810 code [0x00000294801419e0, 0x0000029480141cc8]
Event: 0.413 Thread 0x00000294f4359790  693       3       jdk.internal.module.SystemModuleFinders$SystemImage::reader (4 bytes)
Event: 0.413 Thread 0x00000294f4359790 nmethod 693 0x0000029480141e10 code [0x0000029480141fa0, 0x0000029480142098]
Event: 0.413 Thread 0x00000294f4359790  694       3       jdk.internal.jimage.ImageReader::requireOpen (18 bytes)
Event: 0.413 Thread 0x00000294f4359790 nmethod 694 0x0000029480142110 code [0x00000294801422c0, 0x00000294801424e8]
Event: 0.413 Thread 0x00000294f4359790  692       3       java.util.Arrays::copyOf (40 bytes)
Event: 0.413 Thread 0x00000294f4359790 nmethod 692 0x0000029480142610 code [0x0000029480142800, 0x0000029480142ee8]
Event: 0.413 Thread 0x00000294f4359790  689       1       java.lang.Module::getDescriptor (5 bytes)
Event: 0.413 Thread 0x00000294f4359790 nmethod 689 0x0000029487b03210 code [0x0000029487b033a0, 0x0000029487b03478]
Event: 0.413 Thread 0x00000294f4359790  691       1       java.lang.module.ModuleDescriptor::provides (5 bytes)
Event: 0.413 Thread 0x00000294f4359790 nmethod 691 0x0000029487b03510 code [0x0000029487b036a0, 0x0000029487b03778]

GC Heap History (0 events):
No events

Deoptimization events (20 events):
Event: 0.316 Thread 0x00000294f5d0f190 Uncommon trap: trap_request=0xffffff45 fr.pc=0x0000029487adb9cc relative=0x000000000000004c
Event: 0.316 Thread 0x00000294f5d0f190 Uncommon trap: reason=unstable_if action=reinterpret pc=0x0000029487adb9cc method=java.net.URI.match(CJJ)Z @ 19 c2
Event: 0.316 Thread 0x00000294f5d0f190 DEOPT PACKING pc=0x0000029487adb9cc sp=0x000000c6418fd6f0
Event: 0.316 Thread 0x00000294f5d0f190 DEOPT UNPACKING pc=0x00000294875823a3 sp=0x000000c6418fd6a0 mode 2
Event: 0.352 Thread 0x00000294f5d0f190 DEOPT PACKING pc=0x000002948002fafe sp=0x000000c6418fc800
Event: 0.352 Thread 0x00000294f5d0f190 DEOPT UNPACKING pc=0x0000029487582b43 sp=0x000000c6418fbc70 mode 0
Event: 0.364 Thread 0x00000294f5d0f190 Uncommon trap: trap_request=0xffffff45 fr.pc=0x0000029487ae1de8 relative=0x0000000000000448
Event: 0.364 Thread 0x00000294f5d0f190 Uncommon trap: reason=unstable_if action=reinterpret pc=0x0000029487ae1de8 method=java.lang.StringLatin1.canEncode(I)Z @ 4 c2
Event: 0.364 Thread 0x00000294f5d0f190 DEOPT PACKING pc=0x0000029487ae1de8 sp=0x000000c6418fd0c0
Event: 0.364 Thread 0x00000294f5d0f190 DEOPT UNPACKING pc=0x00000294875823a3 sp=0x000000c6418fcfe8 mode 2
Event: 0.364 Thread 0x00000294f5d0f190 Uncommon trap: trap_request=0xffffff45 fr.pc=0x0000029487ae2dcc relative=0x000000000000042c
Event: 0.364 Thread 0x00000294f5d0f190 Uncommon trap: reason=unstable_if action=reinterpret pc=0x0000029487ae2dcc method=java.lang.AbstractStringBuilder.isLatin1()Z @ 10 c2
Event: 0.364 Thread 0x00000294f5d0f190 DEOPT PACKING pc=0x0000029487ae2dcc sp=0x000000c6418fd0d0
Event: 0.364 Thread 0x00000294f5d0f190 DEOPT UNPACKING pc=0x00000294875823a3 sp=0x000000c6418fd050 mode 2
Event: 0.368 Thread 0x00000294f5d0f190 Uncommon trap: trap_request=0xffffff45 fr.pc=0x0000029487ade9b8 relative=0x0000000000000038
Event: 0.368 Thread 0x00000294f5d0f190 Uncommon trap: reason=unstable_if action=reinterpret pc=0x0000029487ade9b8 method=java.lang.StringLatin1.canEncode(I)Z @ 4 c2
Event: 0.368 Thread 0x00000294f5d0f190 DEOPT PACKING pc=0x0000029487ade9b8 sp=0x000000c6418fd050
Event: 0.368 Thread 0x00000294f5d0f190 DEOPT UNPACKING pc=0x00000294875823a3 sp=0x000000c6418fcfe0 mode 2
Event: 0.385 Thread 0x00000294f5d0f190 DEOPT PACKING pc=0x000002948003663e sp=0x000000c6418fc370
Event: 0.385 Thread 0x00000294f5d0f190 DEOPT UNPACKING pc=0x0000029487582b43 sp=0x000000c6418fb7e8 mode 0

Classes unloaded (0 events):
No events

Classes redefined (0 events):
No events

Internal exceptions (12 events):
Event: 0.104 Thread 0x00000294f5d0f190 Exception <a 'sun/nio/fs/WindowsException'{0x000000008dcab5f8}> (0x000000008dcab5f8) 
thrown [s\open\src\hotspot\share\prims\jni.cpp, line 516]
Event: 0.104 Thread 0x00000294f5d0f190 Exception <a 'sun/nio/fs/WindowsException'{0x000000008dcabea0}> (0x000000008dcabea0) 
thrown [s\open\src\hotspot\share\prims\jni.cpp, line 516]
Event: 0.116 Thread 0x00000294f5d0f190 Exception <a 'sun/nio/fs/WindowsException'{0x000000008dcd4820}> (0x000000008dcd4820) 
thrown [s\open\src\hotspot\share\prims\jni.cpp, line 516]
Event: 0.194 Thread 0x00000294f5d0f190 Exception <a 'java/lang/NullPointerException'{0x000000008d91b8e0}> (0x000000008d91b8e0) 
thrown [s\open\src\hotspot\share\interpreter\linkResolver.cpp, line 1350]
Event: 0.239 Thread 0x00000294f5d0f190 Exception <a 'java/lang/NullPointerException'{0x000000008d9b04c8}> (0x000000008d9b04c8) 
thrown [s\open\src\hotspot\share\interpreter\linkResolver.cpp, line 1350]
Event: 0.239 Thread 0x00000294f5d0f190 Exception <a 'java/lang/NullPointerException'{0x000000008d9b07a0}> (0x000000008d9b07a0) 
thrown [s\open\src\hotspot\share\interpreter\linkResolver.cpp, line 1350]
Event: 0.239 Thread 0x00000294f5d0f190 Exception <a 'java/lang/NullPointerException'{0x000000008d9b0a78}> (0x000000008d9b0a78) 
thrown [s\open\src\hotspot\share\interpreter\linkResolver.cpp, line 1350]
Event: 0.240 Thread 0x00000294f5d0f190 Exception <a 'java/lang/NullPointerException'{0x000000008d9b6ec0}> (0x000000008d9b6ec0) 
thrown [s\open\src\hotspot\share\interpreter\linkResolver.cpp, line 1350]
Event: 0.242 Thread 0x00000294f5d0f190 Exception <a 'java/lang/NullPointerException'{0x000000008d9cd3a0}> (0x000000008d9cd3a0) 
thrown [s\open\src\hotspot\share\interpreter\linkResolver.cpp, line 1350]
Event: 0.242 Thread 0x00000294f5d0f190 Exception <a 'java/lang/NullPointerException'{0x000000008d9cd678}> (0x000000008d9cd678) 
thrown [s\open\src\hotspot\share\interpreter\linkResolver.cpp, line 1350]
Event: 0.242 Thread 0x00000294f5d0f190 Exception <a 'java/lang/NullPointerException'{0x000000008d9cd950}> (0x000000008d9cd950) 
thrown [s\open\src\hotspot\share\interpreter\linkResolver.cpp, line 1350]
Event: 0.242 Thread 0x00000294f5d0f190 Exception <a 'java/lang/NullPointerException'{0x000000008d9cdc28}> (0x000000008d9cdc28) 
thrown [s\open\src\hotspot\share\interpreter\linkResolver.cpp, line 1350]

VM Operations (4 events):
Event: 0.077 Executing VM operation: HandshakeAllThreads
Event: 0.077 Executing VM operation: HandshakeAllThreads done
Event: 0.331 Executing VM operation: HandshakeAllThreads
Event: 0.331 Executing VM operation: HandshakeAllThreads done

Events (20 events):
Event: 0.329 loading class java/util/concurrent/atomic/AtomicReference
Event: 0.330 loading class java/util/concurrent/atomic/AtomicReference done
Event: 0.336 loading class java/text/ParseException
Event: 0.336 loading class java/text/ParseException done
Event: 0.341 loading class sun/util/calendar/ZoneInfoFile$Checksum
Event: 0.341 loading class sun/util/calendar/ZoneInfoFile$Checksum done
Event: 0.343 loading class jdk/internal/module/ModulePatcher$PatchedModuleReader
Event: 0.343 loading class jdk/internal/module/ModulePatcher$PatchedModuleReader done
Event: 0.343 loading class sun/net/www/protocol/jrt/Handler
Event: 0.343 loading class sun/net/www/protocol/jrt/Handler done
Event: 0.363 loading class sun/text/resources/cldr/FormatData_en
Event: 0.363 loading class sun/text/resources/cldr/FormatData_en done
Event: 0.363 loading class sun/text/resources/cldr/FormatData_en_US
Event: 0.363 loading class sun/text/resources/cldr/FormatData_en_US done
Event: 0.370 loading class jdk/internal/misc/ScopedMemoryAccess$Scope
Event: 0.370 loading class jdk/internal/misc/ScopedMemoryAccess$Scope done
Event: 0.393 loading class java/lang/ArrayIndexOutOfBoundsException
Event: 0.393 loading class java/lang/ArrayIndexOutOfBoundsException done
Event: 0.397 loading class java/io/FilterReader
Event: 0.397 loading class java/io/FilterReader done


Dynamic libraries:
0x00007ff7d5460000 - 0x00007ff7d5470000 	C:\Program Files\Java\jdk-17\bin\java.exe
0x00007ffb3c8b0000 - 0x00007ffb3caa8000 	C:\WINDOWS\SYSTEM32\ntdll.dll
0x00007ffb3c420000 - 0x00007ffb3c4df000 	C:\WINDOWS\System32\KERNEL32.DLL
0x00007ffb3a610000 - 0x00007ffb3a906000 	C:\WINDOWS\System32\KERNELBASE.dll
0x00007ffb3a280000 - 0x00007ffb3a380000 	C:\WINDOWS\System32\ucrtbase.dll
0x00007ffb30ac0000 - 0x00007ffb30ad9000 	C:\Program Files\Java\jdk-17\bin\jli.dll
0x00007ffb3aed0000 - 0x00007ffb3af7f000 	C:\WINDOWS\System32\ADVAPI32.dll
0x00007ffb3ba10000 - 0x00007ffb3baae000 	C:\WINDOWS\System32\msvcrt.dll
0x00007ffb3bb90000 - 0x00007ffb3bc2c000 	C:\WINDOWS\System32\sechost.dll
0x00007ffb3bca0000 - 0x00007ffb3bdc6000 	C:\WINDOWS\System32\RPCRT4.dll
0x00007ffb3c270000 - 0x00007ffb3c40d000 	C:\WINDOWS\System32\USER32.dll
0x00007ffb3a0b0000 - 0x00007ffb3a0d2000 	C:\WINDOWS\System32\win32u.dll
0x00007ffb3afe0000 - 0x00007ffb3b00c000 	C:\WINDOWS\System32\GDI32.dll
0x00007ffb39f90000 - 0x00007ffb3a0a5000 	C:\WINDOWS\System32\gdi32full.dll
0x00007ffb3a0e0000 - 0x00007ffb3a17d000 	C:\WINDOWS\System32\msvcp_win.dll
0x00007ffb28080000 - 0x00007ffb2809b000 	C:\Program Files\Java\jdk-17\bin\VCRUNTIME140.dll
0x00007ffb38450000 - 0x00007ffb386ea000 	C:\WINDOWS\WinSxS\amd64_microsoft.windows.common-controls_6595b64144ccf1df_6.0.19041.1110_none_60b5254171f9507e\COMCTL32.dll
0x00007ffb32400000 - 0x00007ffb3240a000 	C:\WINDOWS\SYSTEM32\VERSION.dll
0x00007ffb3c4e0000 - 0x00007ffb3c510000 	C:\WINDOWS\System32\IMM32.DLL
0x00007ffaf0a90000 - 0x00007ffaf1103000 	C:\Program Files\McAfee\DLP\Agent\fcagpph64.dll
0x00007ffb3b2c0000 - 0x00007ffb3ba04000 	C:\WINDOWS\System32\SHELL32.dll
0x00007ffb3b130000 - 0x00007ffb3b25a000 	C:\WINDOWS\System32\ole32.dll
0x00007ffb3c510000 - 0x00007ffb3c864000 	C:\WINDOWS\System32\combase.dll
0x00007ffb3b260000 - 0x00007ffb3b2b5000 	C:\WINDOWS\System32\SHLWAPI.dll
0x00007ffb3bc30000 - 0x00007ffb3bc9b000 	C:\WINDOWS\System32\WS2_32.dll
0x00007ffb3a910000 - 0x00007ffb3a9dd000 	C:\WINDOWS\System32\OLEAUT32.dll
0x00007ffb1e700000 - 0x00007ffb1e798000 	C:\WINDOWS\SYSTEM32\WINSPOOL.DRV
0x00007ffb39e50000 - 0x00007ffb39e82000 	C:\WINDOWS\SYSTEM32\SspiCli.dll
0x00007ffb390b0000 - 0x00007ffb390e3000 	C:\WINDOWS\SYSTEM32\ntmarta.dll
0x00000294f5c70000 - 0x00000294f5c84000 	C:\WINDOWS\System32\umppc16606.dll
0x00007ffb32f00000 - 0x00007ffb32f0c000 	C:\Program Files\Java\jdk-17\bin\vcruntime140_1.dll
0x00007ffaf7790000 - 0x00007ffaf781e000 	C:\Program Files\Java\jdk-17\bin\msvcp140.dll
0x00007ffad10c0000 - 0x00007ffad1c9d000 	C:\Program Files\Java\jdk-17\bin\server\jvm.dll
0x00000294f4490000 - 0x00000294f4498000 	C:\WINDOWS\System32\PSAPI.DLL
0x00007ffb26cd0000 - 0x00007ffb26cd9000 	C:\WINDOWS\SYSTEM32\WSOCK32.dll
0x00007ffb244c0000 - 0x00007ffb244e7000 	C:\WINDOWS\SYSTEM32\WINMM.dll
0x00007ffb38130000 - 0x00007ffb38142000 	C:\WINDOWS\SYSTEM32\kernel.appcore.dll
0x00007ffb32610000 - 0x00007ffb3261a000 	C:\Program Files\Java\jdk-17\bin\jimage.dll
0x00007ffb373d0000 - 0x00007ffb375b4000 	C:\WINDOWS\SYSTEM32\DBGHELP.DLL
0x00007ffb223a0000 - 0x00007ffb223d4000 	C:\WINDOWS\SYSTEM32\dbgcore.DLL
0x00007ffb3a180000 - 0x00007ffb3a202000 	C:\WINDOWS\System32\bcryptPrimitives.dll
0x00007ffb1fc50000 - 0x00007ffb1fc75000 	C:\Program Files\Java\jdk-17\bin\java.dll
0x00007ffaebd50000 - 0x00007ffaebe27000 	C:\Program Files\Java\jdk-17\bin\jsvml.dll
0x00007ffb375c0000 - 0x00007ffb37d53000 	C:\WINDOWS\SYSTEM32\windows.storage.dll
0x00007ffb39910000 - 0x00007ffb3993e000 	C:\WINDOWS\SYSTEM32\Wldp.dll
0x00007ffb3bdd0000 - 0x00007ffb3be7d000 	C:\WINDOWS\System32\SHCORE.dll
0x00007ffb39ed0000 - 0x00007ffb39eef000 	C:\WINDOWS\SYSTEM32\profapi.dll
0x00007ffb20040000 - 0x00007ffb20059000 	C:\Program Files\Java\jdk-17\bin\net.dll
0x00007ffb38f10000 - 0x00007ffb3901a000 	C:\WINDOWS\SYSTEM32\WINHTTP.dll
0x00007ffb39670000 - 0x00007ffb396da000 	C:\WINDOWS\system32\mswsock.dll
0x00007ffb1f160000 - 0x00007ffb1f176000 	C:\Program Files\Java\jdk-17\bin\nio.dll
0x00007ffb1e6e0000 - 0x00007ffb1e6f8000 	C:\Program Files\Java\jdk-17\bin\zip.dll
0x0000000000170000 - 0x0000000000194000 	C:\Users\a300593\AppData\Local\Temp\jansi-2.4.0-d538c382cd03d4ad-jansi.dll
0x00007ffb325a0000 - 0x00007ffb325b0000 	C:\Program Files\Java\jdk-17\bin\verify.dll

dbghelp: loaded successfully - version: 4.0.5 - missing functions: none
symbol engine: initialized successfully - sym options: 0x614 - pdb path: .;C:\Program Files\Java\jdk-17\bin;C:\WINDOWS\SYSTEM32;C:\WINDOWS\WinSxS\amd64_microsoft.windows.common-controls_6595b64144ccf1df_6.0.19041.1110_none_60b5254171f9507e;C:\Program Files\McAfee\DLP\Agent;C:\Program Files\Java\jdk-17\bin\server;C:\Users\a300593\AppData\Local\Temp

VM Arguments:
jvm_args: -Dmaven.multiModuleProjectDirectory=C:\Users\a300593\OneDrive - Santander Office 365\Escritorio\Egg\PROYECTOFINAL\solucionesactivas 
java_command: org.apache.maven.wrapper.MavenWrapperMain -Dmaven.ext.class.path=C:\Program Files\NetBeans-15\netbeans\java\maven-nblib\netbeans-eventspy.jar -Dfile.encoding=UTF-8 --debug --errors --debug --errors org.springframework.boot:spring-boot-maven-plugin:3.0.7:run
java_class_path (initial): C:\Users\a300593\OneDrive - Santander Office 365\Escritorio\Egg\PROYECTOFINAL\solucionesactivas\.mvn\wrapper\maven-wrapper.jar
Launcher Type: SUN_STANDARD

[Global flags]
     intx CICompilerCount                          = 4                                         {product} {ergonomic}
     uint ConcGCThreads                            = 2                                         {product} {ergonomic}
     uint G1ConcRefinementThreads                  = 8                                         {product} {ergonomic}
   size_t G1HeapRegionSize                         = 1048576                                   {product} {ergonomic}
    uintx GCDrainStackTargetSize                   = 64                                        {product} {ergonomic}
   size_t InitialHeapSize                          = 127926272                                 {product} {ergonomic}
   size_t MarkStackSize                            = 4194304                                   {product} {ergonomic}
   size_t MaxHeapSize                              = 2042626048                                {product} {ergonomic}
   size_t MaxNewSize                               = 1224736768                                {product} {ergonomic}
   size_t MinHeapDeltaBytes                        = 1048576                                   {product} {ergonomic}
   size_t MinHeapSize                              = 8388608                                   {product} {ergonomic}
    uintx NonNMethodCodeHeapSize                   = 5839372                                {pd product} {ergonomic}
    uintx NonProfiledCodeHeapSize                  = 122909434                              {pd product} {ergonomic}
    uintx ProfiledCodeHeapSize                     = 122909434                              {pd product} {ergonomic}
    uintx ReservedCodeCacheSize                    = 251658240                              {pd product} {ergonomic}
     bool SegmentedCodeCache                       = true                                      {product} {ergonomic}
   size_t SoftMaxHeapSize                          = 2042626048                             {manageable} {ergonomic}
     bool UseCompressedClassPointers               = true                           {product lp64_product} {ergonomic}
     bool UseCompressedOops                        = true                           {product lp64_product} {ergonomic}
     bool UseG1GC                                  = true                                      {product} {ergonomic}
     bool UseLargePagesIndividualAllocation        = false                                  {pd product} {ergonomic}

Logging:
Log output configuration:
 #0: stdout all=warning uptime,level,tags
 #1: stderr all=off uptime,level,tags

Environment Variables:
JAVA_HOME=C:\Program Files\Java\jdk-17
PATH=C:\Program Files\Common Files\Oracle\Java\javapath;C:\Program Files (x86)\Common Files\Oracle\Java\javapath;C:\WINDOWS\system32;C:\WINDOWS;C:\WINDOWS\System32\Wbem;C:\WINDOWS\System32\WindowsPowerShell\v1.0\;C:\Program Files\IBM\Trace Facility;C:\Program Files\IBM\Personal Communications\;C:\Program Files (x86)\Pulse Secure\VC142.CRT\X64\;C:\Program Files (x86)\Pulse Secure\VC142.CRT\X86\;C:\Program Files\Java\jdk-17\bin;C:\Program Files\Java\apache-maven-3.9.0\bin;C:\Program Files\Java\jdk-17\bin;C:\Program Files\nodejs\;C:\Users\a300593\AppData\Local\Microsoft\WindowsApps;C:\Users\a300593\AppData\Local\Programs\Git\cmd;C:\Users\a300593\AppData\Local\Programs\Microsoft VS Code\bin;C:\Users\a300593\AppData\Roaming\npm;C:\Users\a300593\AppData\Local\GitHubDesktop\bin
USERNAME=A300593
OS=Windows_NT
PROCESSOR_IDENTIFIER=Intel64 Family 6 Model 142 Stepping 12, GenuineIntel



---------------  S Y S T E M  ---------------

OS:
 Windows 10 , 64 bit Build 19041 (10.0.19041.2913)
OS uptime: 1 days 11:30 hours

CPU: total 8 (initial active 8) (4 cores per cpu, 2 threads per core) family 6 model 142 stepping 12 microcode 0xf0, cx8, cmov, fxsr, ht, mmx, 3dnowpref, sse, sse2, sse3, ssse3, sse4.1, sse4.2, popcnt, lzcnt, tsc, tscinvbit, avx, avx2, aes, erms, clmul, bmi1, bmi2, adx, fma, vzeroupper, clflush, clflushopt

Memory: 4k page, system-wide physical 7785M (1105M free)
TotalPageFile size 31337M (AvailPageFile size 4M)
current process WorkingSet (physical memory assigned to process): 62M, peak: 62M
current process commit charge ("private bytes"): 219M, peak: 219M

vm_info: Java HotSpot(TM) 64-Bit Server VM (17.0.7+8-LTS-224) for windows-amd64 JRE (17.0.7+8-LTS-224), built on Feb 28 2023 23:03:02 by "mach5one" with MS VC++ 17.1 (VS2022)

END.
