#
# There is insufficient memory for the Java Runtime Environment to continue.
# Native memory allocation (malloc) failed to allocate 1116736 bytes for Chunk::new
# Possible reasons:
#   The system is out of physical RAM or swap space
#   The process is running with CompressedOops enabled, and the Java Heap may be blocking the growth of the native heap
# Possible solutions:
#   Reduce memory load on the system
#   Increase physical memory or swap space
#   Check if swap backing store is full
#   Decrease Java heap size (-Xmx/-Xms)
#   Decrease number of Java threads
#   Decrease Java thread stack sizes (-Xss)
#   Set larger code cache with -XX:ReservedCodeCacheSize=
#   JVM is running with Unscaled Compressed Oops mode in which the Java heap is
#     placed in the first 4GB address space. The Java Heap base address is the
#     maximum limit for the native heap growth. Please use -XX:HeapBaseMinAddress
#     to set the Java Heap base and to place the Java Heap above 4GB virtual address.
# This output file may be truncated or incomplete.
#
#  Out of Memory Error (arena.cpp:189), pid=12788, tid=53612
#
# JRE version: Java(TM) SE Runtime Environment (17.0.7+8) (build 17.0.7+8-LTS-224)
# Java VM: Java HotSpot(TM) 64-Bit Server VM (17.0.7+8-LTS-224, mixed mode, sharing, tiered, compressed oops, compressed class ptrs, g1 gc, windows-amd64)
# No core dump will be written. Minidumps are not enabled by default on client versions of Windows
#

---------------  S U M M A R Y ------------

Command Line: -Dmaven.multiModuleProjectDirectory=C:\Users\a300593\OneDrive - Santander Office 365\Escritorio\Egg\PROYECTOFINAL\solucionesactivas org.apache.maven.wrapper.MavenWrapperMain -Dmaven.ext.class.path=C:\Program Files\NetBeans-15\netbeans\java\maven-nblib\netbeans-eventspy.jar -Dfile.encoding=UTF-8 --debug --errors --debug --errors org.springframework.boot:spring-boot-maven-plugin:3.0.7:run

Host: Intel(R) Core(TM) i5-10210U CPU @ 1.60GHz, 8 cores, 7G,  Windows 10 , 64 bit Build 19041 (10.0.19041.2913)
Time: Mon Jun 26 00:50:54 2023 Hora estándar de Argentina elapsed time: 12.209880 seconds (0d 0h 0m 12s)

---------------  T H R E A D  ---------------

Current thread (0x0000019f1d8f50e0):  JavaThread "C2 CompilerThread2" daemon [_thread_in_native, id=53612, stack(0x00000084bdb00000,0x00000084bdc00000)]


Current CompileTask:
C2:  12210 7447       4       org.codehaus.plexus.interpolation.reflection.ReflectionValueExtractor::evaluate (242 bytes)

Stack: [0x00000084bdb00000,0x00000084bdc00000]
Native frames: (J=compiled Java code, j=interpreted, Vv=VM code, C=native code)
V  [jvm.dll+0x676a4a]
V  [jvm.dll+0x7d74f4]
V  [jvm.dll+0x7d8c9e]
V  [jvm.dll+0x7d9303]
V  [jvm.dll+0x2452c5]
V  [jvm.dll+0xaaa2b]
V  [jvm.dll+0xaafcc]
V  [jvm.dll+0x36141e]
V  [jvm.dll+0x1bb55a]
V  [jvm.dll+0x217c27]
V  [jvm.dll+0x216f01]
V  [jvm.dll+0x1a35e0]
V  [jvm.dll+0x226a6e]
V  [jvm.dll+0x224e15]
V  [jvm.dll+0x78d05c]
V  [jvm.dll+0x78759a]
V  [jvm.dll+0x675875]
C  [ucrtbase.dll+0x21bb2]
C  [KERNEL32.DLL+0x17614]
C  [ntdll.dll+0x526a1]


---------------  P R O C E S S  ---------------

Threads class SMR info:
_java_thread_list=0x0000019f1c9eede0, length=14, elements={
0x0000019f7a6ef190, 0x0000019f18a752c0, 0x0000019f18a75f30, 0x0000019f18a87760,
0x0000019f18a88110, 0x0000019f18a89ad0, 0x0000019f18a8d980, 0x0000019f78c26a00,
0x0000019f78c2a1b0, 0x0000019f19808070, 0x0000019f199146e0, 0x0000019f1991dff0,
0x0000019f1d8f6520, 0x0000019f1d8f50e0
}

Java Threads: ( => current thread )
  0x0000019f7a6ef190 JavaThread "main" [_thread_in_native, id=55820, stack(0x00000084bbf00000,0x00000084bc000000)]
  0x0000019f18a752c0 JavaThread "Reference Handler" daemon [_thread_blocked, id=54516, stack(0x00000084bc600000,0x00000084bc700000)]
  0x0000019f18a75f30 JavaThread "Finalizer" daemon [_thread_blocked, id=57300, stack(0x00000084bc700000,0x00000084bc800000)]
  0x0000019f18a87760 JavaThread "Signal Dispatcher" daemon [_thread_blocked, id=15684, stack(0x00000084bc800000,0x00000084bc900000)]
  0x0000019f18a88110 JavaThread "Attach Listener" daemon [_thread_blocked, id=57516, stack(0x00000084bc900000,0x00000084bca00000)]
  0x0000019f18a89ad0 JavaThread "Service Thread" daemon [_thread_blocked, id=54336, stack(0x00000084bca00000,0x00000084bcb00000)]
  0x0000019f18a8d980 JavaThread "Monitor Deflation Thread" daemon [_thread_blocked, id=11540, stack(0x00000084bcb00000,0x00000084bcc00000)]
  0x0000019f78c26a00 JavaThread "C2 CompilerThread0" daemon [_thread_in_native, id=51928, stack(0x00000084bcc00000,0x00000084bcd00000)]
  0x0000019f78c2a1b0 JavaThread "C1 CompilerThread0" daemon [_thread_blocked, id=55040, stack(0x00000084bcd00000,0x00000084bce00000)]
  0x0000019f19808070 JavaThread "Sweeper thread" daemon [_thread_blocked, id=54784, stack(0x00000084bce00000,0x00000084bcf00000)]
  0x0000019f199146e0 JavaThread "Notification Thread" daemon [_thread_blocked, id=58924, stack(0x00000084bcf00000,0x00000084bd000000)]
  0x0000019f1991dff0 JavaThread "Common-Cleaner" daemon [_thread_blocked, id=53476, stack(0x00000084bd100000,0x00000084bd200000)]
  0x0000019f1d8f6520 JavaThread "C2 CompilerThread1" daemon [_thread_blocked, id=56484, stack(0x00000084bd300000,0x00000084bd400000)]
=>0x0000019f1d8f50e0 JavaThread "C2 CompilerThread2" daemon [_thread_in_native, id=53612, stack(0x00000084bdb00000,0x00000084bdc00000)]

Other Threads:
  0x0000019f18a6f6c0 VMThread "VM Thread" [stack: 0x00000084bc500000,0x00000084bc600000] [id=55172]
  0x0000019f78c25430 WatcherThread [stack: 0x00000084bd000000,0x00000084bd100000] [id=57912]
  0x0000019f7a746430 GCTaskThread "GC Thread#0" [stack: 0x00000084bc000000,0x00000084bc100000] [id=58820]
  0x0000019f199b67b0 GCTaskThread "GC Thread#1" [stack: 0x00000084bd400000,0x00000084bd500000] [id=52844]
  0x0000019f1a3fec50 GCTaskThread "GC Thread#2" [stack: 0x00000084bd500000,0x00000084bd600000] [id=21908]
  0x0000019f1a1ff8e0 GCTaskThread "GC Thread#3" [stack: 0x00000084bd600000,0x00000084bd700000] [id=21484]
  0x0000019f1a40c8a0 GCTaskThread "GC Thread#4" [stack: 0x00000084bd700000,0x00000084bd800000] [id=59388]
  0x0000019f1a3e4190 GCTaskThread "GC Thread#5" [stack: 0x00000084bd800000,0x00000084bd900000] [id=58824]
  0x0000019f19e9d670 GCTaskThread "GC Thread#6" [stack: 0x00000084bd900000,0x00000084bda00000] [id=25892]
  0x0000019f1a9c5230 GCTaskThread "GC Thread#7" [stack: 0x00000084bda00000,0x00000084bdb00000] [id=57664]
  0x0000019f7a7566f0 ConcurrentGCThread "G1 Main Marker" [stack: 0x00000084bc100000,0x00000084bc200000] [id=59928]
  0x0000019f7a759c80 ConcurrentGCThread "G1 Conc#0" [stack: 0x00000084bc200000,0x00000084bc300000] [id=12408]
  0x0000019f1c8dc5e0 ConcurrentGCThread "G1 Conc#1" [stack: 0x00000084bd200000,0x00000084bd300000] [id=55112]
  0x0000019f18921680 ConcurrentGCThread "G1 Refine#0" [stack: 0x00000084bc300000,0x00000084bc400000] [id=52164]
  0x0000019f1aef4b60 ConcurrentGCThread "G1 Refine#1" [stack: 0x00000084bdc00000,0x00000084bdd00000] [id=60356]
  0x0000019f1c6d4040 ConcurrentGCThread "G1 Refine#2" [stack: 0x00000084bdd00000,0x00000084bde00000] [id=6300]
  0x0000019f18924fc0 ConcurrentGCThread "G1 Service" [stack: 0x00000084bc400000,0x00000084bc500000] [id=56280]

Threads with active compile tasks:
C2 CompilerThread0    12281 7455       4       org.apache.maven.model.inheritance.DefaultInheritanceAssembler$InheritanceModelMerger::mergePluginContainer_Plugins (430 bytes)
C2 CompilerThread2    12281 7447       4       org.codehaus.plexus.interpolation.reflection.ReflectionValueExtractor::evaluate (242 bytes)

VM state: not at safepoint (normal execution)

VM Mutex/Monitor currently owned by a thread: None

Heap address: 0x0000000086400000, size: 1948 MB, Compressed Oops mode: 32-bit

CDS archive(s) mapped at: [0x0000000800000000-0x0000000800bd0000-0x0000000800bd0000), size 12386304, SharedBaseAddress: 0x0000000800000000, ArchiveRelocationMode: 0.
Compressed class space mapped at: 0x0000000800c00000-0x0000000840c00000, reserved size: 1073741824
Narrow klass base: 0x0000000800000000, Narrow klass shift: 0, Narrow klass range: 0x100000000

GC Precious Log:
 CPUs: 8 total, 8 available
 Memory: 7785M
 Large Page Support: Disabled
 NUMA Support: Disabled
 Compressed Oops: Enabled (32-bit)
 Heap Region Size: 1M
 Heap Min Capacity: 8M
 Heap Initial Capacity: 122M
 Heap Max Capacity: 1948M
 Pre-touch: Disabled
 Parallel Workers: 8
 Concurrent Workers: 2
 Concurrent Refinement Workers: 8
 Periodic GC: Disabled

Heap:
 garbage-first heap   total 171008K, used 86262K [0x0000000086400000, 0x0000000100000000)
  region size 1024K, 38 young (38912K), 1 survivors (1024K)
 Metaspace       used 27933K, committed 28288K, reserved 1081344K
  class space    used 3053K, committed 3264K, reserved 1048576K

Heap Regions: E=young(eden), S=young(survivor), O=old, HS=humongous(starts), HC=humongous(continues), CS=collection set, F=free, OA=open archive, CA=closed archive, TAMS=top-at-mark-start (previous, next)
|   0|0x0000000086400000, 0x0000000086500000, 0x0000000086500000|100%| O|  |TAMS 0x0000000086500000, 0x0000000086400000| Untracked 
|   1|0x0000000086500000, 0x0000000086600000, 0x0000000086600000|100%| O|  |TAMS 0x0000000086600000, 0x0000000086500000| Untracked 
|   2|0x0000000086600000, 0x0000000086700000, 0x0000000086700000|100%| O|  |TAMS 0x0000000086700000, 0x0000000086600000| Untracked 
|   3|0x0000000086700000, 0x0000000086800000, 0x0000000086800000|100%| O|  |TAMS 0x0000000086800000, 0x0000000086700000| Untracked 
|   4|0x0000000086800000, 0x0000000086900000, 0x0000000086900000|100%|HS|  |TAMS 0x0000000086900000, 0x0000000086800000| Complete 
|   5|0x0000000086900000, 0x0000000086a00000, 0x0000000086a00000|100%| O|  |TAMS 0x0000000086a00000, 0x0000000086900000| Untracked 
|   6|0x0000000086a00000, 0x0000000086a00000, 0x0000000086b00000|  0%| F|  |TAMS 0x0000000086a00000, 0x0000000086a00000| Untracked 
|   7|0x0000000086b00000, 0x0000000086b00000, 0x0000000086c00000|  0%| F|  |TAMS 0x0000000086b00000, 0x0000000086b00000| Untracked 
|   8|0x0000000086c00000, 0x0000000086d00000, 0x0000000086d00000|100%| O|  |TAMS 0x0000000086d00000, 0x0000000086c00000| Untracked 
|   9|0x0000000086d00000, 0x0000000086e00000, 0x0000000086e00000|100%| O|  |TAMS 0x0000000086e00000, 0x0000000086d00000| Untracked 
|  10|0x0000000086e00000, 0x0000000086f00000, 0x0000000086f00000|100%| O|  |TAMS 0x0000000086f00000, 0x0000000086e00000| Untracked 
|  11|0x0000000086f00000, 0x0000000087000000, 0x0000000087000000|100%| O|  |TAMS 0x0000000087000000, 0x0000000086f00000| Untracked 
|  12|0x0000000087000000, 0x0000000087100000, 0x0000000087100000|100%| O|  |TAMS 0x0000000087100000, 0x0000000087000000| Complete 
|  13|0x0000000087100000, 0x0000000087200000, 0x0000000087200000|100%|HS|  |TAMS 0x0000000087200000, 0x0000000087100000| Complete 
|  14|0x0000000087200000, 0x0000000087300000, 0x0000000087300000|100%| O|  |TAMS 0x0000000087300000, 0x0000000087200000| Untracked 
|  15|0x0000000087300000, 0x0000000087400000, 0x0000000087400000|100%| O|  |TAMS 0x0000000087400000, 0x0000000087300000| Untracked 
|  16|0x0000000087400000, 0x0000000087500000, 0x0000000087500000|100%| O|  |TAMS 0x0000000087500000, 0x0000000087400000| Untracked 
|  17|0x0000000087500000, 0x0000000087600000, 0x0000000087600000|100%|HS|  |TAMS 0x0000000087600000, 0x0000000087500000| Complete 
|  18|0x0000000087600000, 0x0000000087700000, 0x0000000087700000|100%| O|  |TAMS 0x0000000087700000, 0x0000000087600000| Untracked 
|  19|0x0000000087700000, 0x0000000087800000, 0x0000000087800000|100%| O|  |TAMS 0x0000000087800000, 0x0000000087700000| Untracked 
|  20|0x0000000087800000, 0x0000000087800000, 0x0000000087900000|  0%| F|  |TAMS 0x0000000087800000, 0x0000000087800000| Untracked 
|  21|0x0000000087900000, 0x0000000087900000, 0x0000000087a00000|  0%| F|  |TAMS 0x0000000087900000, 0x0000000087900000| Untracked 
|  22|0x0000000087a00000, 0x0000000087a00000, 0x0000000087b00000|  0%| F|  |TAMS 0x0000000087a00000, 0x0000000087a00000| Untracked 
|  23|0x0000000087b00000, 0x0000000087c00000, 0x0000000087c00000|100%| O|  |TAMS 0x0000000087c00000, 0x0000000087b00000| Untracked 
|  24|0x0000000087c00000, 0x0000000087d00000, 0x0000000087d00000|100%|HS|  |TAMS 0x0000000087d00000, 0x0000000087c00000| Complete 
|  25|0x0000000087d00000, 0x0000000087e00000, 0x0000000087e00000|100%| O|  |TAMS 0x0000000087e00000, 0x0000000087d00000| Untracked 
|  26|0x0000000087e00000, 0x0000000087f00000, 0x0000000087f00000|100%| O|  |TAMS 0x0000000087f00000, 0x0000000087e00000| Untracked 
|  27|0x0000000087f00000, 0x0000000088000000, 0x0000000088000000|100%| O|  |TAMS 0x0000000088000000, 0x0000000087f00000| Untracked 
|  28|0x0000000088000000, 0x0000000088100000, 0x0000000088100000|100%| O|  |TAMS 0x0000000088100000, 0x0000000088000000| Untracked 
|  29|0x0000000088100000, 0x0000000088200000, 0x0000000088200000|100%| O|  |TAMS 0x0000000088200000, 0x0000000088100000| Untracked 
|  30|0x0000000088200000, 0x0000000088300000, 0x0000000088300000|100%| O|  |TAMS 0x0000000088300000, 0x0000000088200000| Untracked 
|  31|0x0000000088300000, 0x0000000088400000, 0x0000000088400000|100%| O|  |TAMS 0x0000000088400000, 0x0000000088300000| Untracked 
|  32|0x0000000088400000, 0x0000000088500000, 0x0000000088500000|100%| O|  |TAMS 0x0000000088500000, 0x0000000088400000| Untracked 
|  33|0x0000000088500000, 0x0000000088600000, 0x0000000088600000|100%| O|  |TAMS 0x0000000088600000, 0x0000000088500000| Untracked 
|  34|0x0000000088600000, 0x0000000088700000, 0x0000000088700000|100%| O|  |TAMS 0x0000000088700000, 0x0000000088600000| Untracked 
|  35|0x0000000088700000, 0x0000000088800000, 0x0000000088800000|100%| O|  |TAMS 0x0000000088800000, 0x0000000088700000| Untracked 
|  36|0x0000000088800000, 0x0000000088900000, 0x0000000088900000|100%| O|  |TAMS 0x0000000088900000, 0x0000000088800000| Untracked 
|  37|0x0000000088900000, 0x0000000088a00000, 0x0000000088a00000|100%| O|  |TAMS 0x0000000088a00000, 0x0000000088900000| Untracked 
|  38|0x0000000088a00000, 0x0000000088b00000, 0x0000000088b00000|100%| O|  |TAMS 0x0000000088b00000, 0x0000000088a00000| Untracked 
|  39|0x0000000088b00000, 0x0000000088c00000, 0x0000000088c00000|100%| O|  |TAMS 0x0000000088c00000, 0x0000000088b00000| Untracked 
|  40|0x0000000088c00000, 0x0000000088d00000, 0x0000000088d00000|100%| O|  |TAMS 0x0000000088d00000, 0x0000000088c00000| Untracked 
|  41|0x0000000088d00000, 0x0000000088e00000, 0x0000000088e00000|100%| O|  |TAMS 0x0000000088e00000, 0x0000000088d00000| Untracked 
|  42|0x0000000088e00000, 0x0000000088f00000, 0x0000000088f00000|100%| O|  |TAMS 0x0000000088f00000, 0x0000000088e00000| Untracked 
|  43|0x0000000088f00000, 0x0000000089000000, 0x0000000089000000|100%| O|  |TAMS 0x0000000089000000, 0x0000000088f00000| Untracked 
|  44|0x0000000089000000, 0x0000000089100000, 0x0000000089100000|100%| O|  |TAMS 0x0000000089100000, 0x0000000089000000| Untracked 
|  45|0x0000000089100000, 0x0000000089200000, 0x0000000089200000|100%| O|  |TAMS 0x0000000089200000, 0x0000000089100000| Untracked 
|  46|0x0000000089200000, 0x0000000089300000, 0x0000000089300000|100%| O|  |TAMS 0x0000000089300000, 0x0000000089200000| Untracked 
|  47|0x0000000089300000, 0x0000000089300000, 0x0000000089400000|  0%| F|  |TAMS 0x0000000089300000, 0x0000000089300000| Untracked 
|  48|0x0000000089400000, 0x0000000089400000, 0x0000000089500000|  0%| F|  |TAMS 0x0000000089400000, 0x0000000089400000| Untracked 
|  49|0x0000000089500000, 0x0000000089600000, 0x0000000089600000|100%| O|  |TAMS 0x0000000089600000, 0x0000000089500000| Untracked 
|  50|0x0000000089600000, 0x0000000089700000, 0x0000000089700000|100%| O|  |TAMS 0x0000000089700000, 0x0000000089600000| Untracked 
|  51|0x0000000089700000, 0x0000000089800000, 0x0000000089800000|100%| O|  |TAMS 0x0000000089800000, 0x0000000089700000| Untracked 
|  52|0x0000000089800000, 0x0000000089900000, 0x0000000089900000|100%| O|  |TAMS 0x0000000089900000, 0x0000000089800000| Untracked 
|  53|0x0000000089900000, 0x0000000089900000, 0x0000000089a00000|  0%| F|  |TAMS 0x0000000089900000, 0x0000000089900000| Untracked 
|  54|0x0000000089a00000, 0x0000000089a00000, 0x0000000089b00000|  0%| F|  |TAMS 0x0000000089a00000, 0x0000000089a00000| Untracked 
|  55|0x0000000089b00000, 0x0000000089b00000, 0x0000000089c00000|  0%| F|  |TAMS 0x0000000089b00000, 0x0000000089b00000| Untracked 
|  56|0x0000000089c00000, 0x0000000089c00000, 0x0000000089d00000|  0%| F|  |TAMS 0x0000000089c00000, 0x0000000089c00000| Untracked 
|  57|0x0000000089d00000, 0x0000000089d00000, 0x0000000089e00000|  0%| F|  |TAMS 0x0000000089d00000, 0x0000000089d00000| Untracked 
|  58|0x0000000089e00000, 0x0000000089e00000, 0x0000000089f00000|  0%| F|  |TAMS 0x0000000089e00000, 0x0000000089e00000| Untracked 
|  59|0x0000000089f00000, 0x0000000089f00000, 0x000000008a000000|  0%| F|  |TAMS 0x0000000089f00000, 0x0000000089f00000| Untracked 
|  60|0x000000008a000000, 0x000000008a000000, 0x000000008a100000|  0%| F|  |TAMS 0x000000008a000000, 0x000000008a000000| Untracked 
|  61|0x000000008a100000, 0x000000008a100000, 0x000000008a200000|  0%| F|  |TAMS 0x000000008a100000, 0x000000008a100000| Untracked 
|  62|0x000000008a200000, 0x000000008a200000, 0x000000008a300000|  0%| F|  |TAMS 0x000000008a200000, 0x000000008a200000| Untracked 
|  63|0x000000008a300000, 0x000000008a300000, 0x000000008a400000|  0%| F|  |TAMS 0x000000008a300000, 0x000000008a300000| Untracked 
|  64|0x000000008a400000, 0x000000008a400000, 0x000000008a500000|  0%| F|  |TAMS 0x000000008a400000, 0x000000008a400000| Untracked 
|  65|0x000000008a500000, 0x000000008a500000, 0x000000008a600000|  0%| F|  |TAMS 0x000000008a500000, 0x000000008a500000| Untracked 
|  66|0x000000008a600000, 0x000000008a600000, 0x000000008a700000|  0%| F|  |TAMS 0x000000008a600000, 0x000000008a600000| Untracked 
|  67|0x000000008a700000, 0x000000008a73d9c8, 0x000000008a800000| 24%| S|CS|TAMS 0x000000008a700000, 0x000000008a700000| Complete 
|  68|0x000000008a800000, 0x000000008a800000, 0x000000008a900000|  0%| F|  |TAMS 0x000000008a800000, 0x000000008a800000| Untracked 
|  69|0x000000008a900000, 0x000000008a900000, 0x000000008aa00000|  0%| F|  |TAMS 0x000000008a900000, 0x000000008a900000| Untracked 
|  70|0x000000008aa00000, 0x000000008aa00000, 0x000000008ab00000|  0%| F|  |TAMS 0x000000008aa00000, 0x000000008aa00000| Untracked 
|  71|0x000000008ab00000, 0x000000008ab00000, 0x000000008ac00000|  0%| F|  |TAMS 0x000000008ab00000, 0x000000008ab00000| Untracked 
|  72|0x000000008ac00000, 0x000000008ac00000, 0x000000008ad00000|  0%| F|  |TAMS 0x000000008ac00000, 0x000000008ac00000| Untracked 
|  73|0x000000008ad00000, 0x000000008ad00000, 0x000000008ae00000|  0%| F|  |TAMS 0x000000008ad00000, 0x000000008ad00000| Untracked 
|  74|0x000000008ae00000, 0x000000008ae00000, 0x000000008af00000|  0%| F|  |TAMS 0x000000008ae00000, 0x000000008ae00000| Untracked 
|  75|0x000000008af00000, 0x000000008af00000, 0x000000008b000000|  0%| F|  |TAMS 0x000000008af00000, 0x000000008af00000| Untracked 
|  76|0x000000008b000000, 0x000000008b000000, 0x000000008b100000|  0%| F|  |TAMS 0x000000008b000000, 0x000000008b000000| Untracked 
|  77|0x000000008b100000, 0x000000008b100000, 0x000000008b200000|  0%| F|  |TAMS 0x000000008b100000, 0x000000008b100000| Untracked 
|  78|0x000000008b200000, 0x000000008b200000, 0x000000008b300000|  0%| F|  |TAMS 0x000000008b200000, 0x000000008b200000| Untracked 
|  79|0x000000008b300000, 0x000000008b300000, 0x000000008b400000|  0%| F|  |TAMS 0x000000008b300000, 0x000000008b300000| Untracked 
|  80|0x000000008b400000, 0x000000008b400000, 0x000000008b500000|  0%| F|  |TAMS 0x000000008b400000, 0x000000008b400000| Untracked 
|  81|0x000000008b500000, 0x000000008b500000, 0x000000008b600000|  0%| F|  |TAMS 0x000000008b500000, 0x000000008b500000| Untracked 
|  82|0x000000008b600000, 0x000000008b600000, 0x000000008b700000|  0%| F|  |TAMS 0x000000008b600000, 0x000000008b600000| Untracked 
|  83|0x000000008b700000, 0x000000008b700000, 0x000000008b800000|  0%| F|  |TAMS 0x000000008b700000, 0x000000008b700000| Untracked 
|  84|0x000000008b800000, 0x000000008b800000, 0x000000008b900000|  0%| F|  |TAMS 0x000000008b800000, 0x000000008b800000| Untracked 
|  85|0x000000008b900000, 0x000000008b900000, 0x000000008ba00000|  0%| F|  |TAMS 0x000000008b900000, 0x000000008b900000| Untracked 
|  86|0x000000008ba00000, 0x000000008ba00000, 0x000000008bb00000|  0%| F|  |TAMS 0x000000008ba00000, 0x000000008ba00000| Untracked 
|  87|0x000000008bb00000, 0x000000008bb00000, 0x000000008bc00000|  0%| F|  |TAMS 0x000000008bb00000, 0x000000008bb00000| Untracked 
|  88|0x000000008bc00000, 0x000000008bc00000, 0x000000008bd00000|  0%| F|  |TAMS 0x000000008bc00000, 0x000000008bc00000| Untracked 
|  89|0x000000008bd00000, 0x000000008bd00000, 0x000000008be00000|  0%| F|  |TAMS 0x000000008bd00000, 0x000000008bd00000| Untracked 
|  90|0x000000008be00000, 0x000000008be00000, 0x000000008bf00000|  0%| F|  |TAMS 0x000000008be00000, 0x000000008be00000| Untracked 
|  91|0x000000008bf00000, 0x000000008bf00000, 0x000000008c000000|  0%| F|  |TAMS 0x000000008bf00000, 0x000000008bf00000| Untracked 
|  92|0x000000008c000000, 0x000000008c000000, 0x000000008c100000|  0%| F|  |TAMS 0x000000008c000000, 0x000000008c000000| Untracked 
|  93|0x000000008c100000, 0x000000008c100000, 0x000000008c200000|  0%| F|  |TAMS 0x000000008c100000, 0x000000008c100000| Untracked 
|  94|0x000000008c200000, 0x000000008c200000, 0x000000008c300000|  0%| F|  |TAMS 0x000000008c200000, 0x000000008c200000| Untracked 
|  95|0x000000008c300000, 0x000000008c300000, 0x000000008c400000|  0%| F|  |TAMS 0x000000008c300000, 0x000000008c300000| Untracked 
|  96|0x000000008c400000, 0x000000008c400000, 0x000000008c500000|  0%| F|  |TAMS 0x000000008c400000, 0x000000008c400000| Untracked 
|  97|0x000000008c500000, 0x000000008c500000, 0x000000008c600000|  0%| F|  |TAMS 0x000000008c500000, 0x000000008c500000| Untracked 
|  98|0x000000008c600000, 0x000000008c600000, 0x000000008c700000|  0%| F|  |TAMS 0x000000008c600000, 0x000000008c600000| Untracked 
|  99|0x000000008c700000, 0x000000008c700000, 0x000000008c800000|  0%| F|  |TAMS 0x000000008c700000, 0x000000008c700000| Untracked 
| 100|0x000000008c800000, 0x000000008c800000, 0x000000008c900000|  0%| F|  |TAMS 0x000000008c800000, 0x000000008c800000| Untracked 
| 101|0x000000008c900000, 0x000000008c900000, 0x000000008ca00000|  0%| F|  |TAMS 0x000000008c900000, 0x000000008c900000| Untracked 
| 102|0x000000008ca00000, 0x000000008ca00000, 0x000000008cb00000|  0%| F|  |TAMS 0x000000008ca00000, 0x000000008ca00000| Untracked 
| 103|0x000000008cb00000, 0x000000008cb00000, 0x000000008cc00000|  0%| F|  |TAMS 0x000000008cb00000, 0x000000008cb00000| Untracked 
| 104|0x000000008cc00000, 0x000000008cc00000, 0x000000008cd00000|  0%| F|  |TAMS 0x000000008cc00000, 0x000000008cc00000| Untracked 
| 105|0x000000008cd00000, 0x000000008cd00000, 0x000000008ce00000|  0%| F|  |TAMS 0x000000008cd00000, 0x000000008cd00000| Untracked 
| 106|0x000000008ce00000, 0x000000008ce00000, 0x000000008cf00000|  0%| F|  |TAMS 0x000000008ce00000, 0x000000008ce00000| Untracked 
| 107|0x000000008cf00000, 0x000000008cf00000, 0x000000008d000000|  0%| F|  |TAMS 0x000000008cf00000, 0x000000008cf00000| Untracked 
| 108|0x000000008d000000, 0x000000008d000000, 0x000000008d100000|  0%| F|  |TAMS 0x000000008d000000, 0x000000008d000000| Untracked 
| 109|0x000000008d100000, 0x000000008d100000, 0x000000008d200000|  0%| F|  |TAMS 0x000000008d100000, 0x000000008d100000| Untracked 
| 110|0x000000008d200000, 0x000000008d200000, 0x000000008d300000|  0%| F|  |TAMS 0x000000008d200000, 0x000000008d200000| Untracked 
| 111|0x000000008d300000, 0x000000008d300000, 0x000000008d400000|  0%| F|  |TAMS 0x000000008d300000, 0x000000008d300000| Untracked 
| 112|0x000000008d400000, 0x000000008d400000, 0x000000008d500000|  0%| F|  |TAMS 0x000000008d400000, 0x000000008d400000| Untracked 
| 113|0x000000008d500000, 0x000000008d500000, 0x000000008d600000|  0%| F|  |TAMS 0x000000008d500000, 0x000000008d500000| Untracked 
| 114|0x000000008d600000, 0x000000008d600000, 0x000000008d700000|  0%| F|  |TAMS 0x000000008d600000, 0x000000008d600000| Untracked 
| 115|0x000000008d700000, 0x000000008d700000, 0x000000008d800000|  0%| F|  |TAMS 0x000000008d700000, 0x000000008d700000| Untracked 
| 116|0x000000008d800000, 0x000000008d800000, 0x000000008d900000|  0%| F|  |TAMS 0x000000008d800000, 0x000000008d800000| Untracked 
| 117|0x000000008d900000, 0x000000008d900000, 0x000000008da00000|  0%| F|  |TAMS 0x000000008d900000, 0x000000008d900000| Untracked 
| 118|0x000000008da00000, 0x000000008da00000, 0x000000008db00000|  0%| F|  |TAMS 0x000000008da00000, 0x000000008da00000| Untracked 
| 119|0x000000008db00000, 0x000000008db00000, 0x000000008dc00000|  0%| F|  |TAMS 0x000000008db00000, 0x000000008db00000| Untracked 
| 120|0x000000008dc00000, 0x000000008dc00000, 0x000000008dd00000|  0%| F|  |TAMS 0x000000008dc00000, 0x000000008dc00000| Untracked 
| 121|0x000000008dd00000, 0x000000008dd00000, 0x000000008de00000|  0%| F|  |TAMS 0x000000008dd00000, 0x000000008dd00000| Untracked 
| 122|0x000000008de00000, 0x000000008de00000, 0x000000008df00000|  0%| F|  |TAMS 0x000000008de00000, 0x000000008de00000| Untracked 
| 123|0x000000008df00000, 0x000000008df00000, 0x000000008e000000|  0%| F|  |TAMS 0x000000008df00000, 0x000000008df00000| Untracked 
| 124|0x000000008e000000, 0x000000008e000000, 0x000000008e100000|  0%| F|  |TAMS 0x000000008e000000, 0x000000008e000000| Untracked 
| 125|0x000000008e100000, 0x000000008e100000, 0x000000008e200000|  0%| F|  |TAMS 0x000000008e100000, 0x000000008e100000| Untracked 
| 126|0x000000008e200000, 0x000000008e200000, 0x000000008e300000|  0%| F|  |TAMS 0x000000008e200000, 0x000000008e200000| Untracked 
| 127|0x000000008e300000, 0x000000008e3a06a8, 0x000000008e400000| 62%| E|  |TAMS 0x000000008e300000, 0x000000008e300000| Complete 
| 128|0x000000008e400000, 0x000000008e500000, 0x000000008e500000|100%| E|CS|TAMS 0x000000008e400000, 0x000000008e400000| Complete 
| 129|0x000000008e500000, 0x000000008e600000, 0x000000008e600000|100%| E|CS|TAMS 0x000000008e500000, 0x000000008e500000| Complete 
| 130|0x000000008e600000, 0x000000008e700000, 0x000000008e700000|100%| E|CS|TAMS 0x000000008e600000, 0x000000008e600000| Complete 
| 131|0x000000008e700000, 0x000000008e800000, 0x000000008e800000|100%| E|CS|TAMS 0x000000008e700000, 0x000000008e700000| Complete 
| 132|0x000000008e800000, 0x000000008e900000, 0x000000008e900000|100%| E|CS|TAMS 0x000000008e800000, 0x000000008e800000| Complete 
| 133|0x000000008e900000, 0x000000008ea00000, 0x000000008ea00000|100%| E|CS|TAMS 0x000000008e900000, 0x000000008e900000| Complete 
| 134|0x000000008ea00000, 0x000000008eb00000, 0x000000008eb00000|100%| E|CS|TAMS 0x000000008ea00000, 0x000000008ea00000| Complete 
| 135|0x000000008eb00000, 0x000000008ec00000, 0x000000008ec00000|100%| E|CS|TAMS 0x000000008eb00000, 0x000000008eb00000| Complete 
| 136|0x000000008ec00000, 0x000000008ed00000, 0x000000008ed00000|100%| E|CS|TAMS 0x000000008ec00000, 0x000000008ec00000| Complete 
| 137|0x000000008ed00000, 0x000000008ee00000, 0x000000008ee00000|100%| E|CS|TAMS 0x000000008ed00000, 0x000000008ed00000| Complete 
| 138|0x000000008ee00000, 0x000000008ef00000, 0x000000008ef00000|100%| E|CS|TAMS 0x000000008ee00000, 0x000000008ee00000| Complete 
| 139|0x000000008ef00000, 0x000000008f000000, 0x000000008f000000|100%| E|CS|TAMS 0x000000008ef00000, 0x000000008ef00000| Complete 
| 140|0x000000008f000000, 0x000000008f100000, 0x000000008f100000|100%| E|CS|TAMS 0x000000008f000000, 0x000000008f000000| Complete 
| 141|0x000000008f100000, 0x000000008f200000, 0x000000008f200000|100%| E|CS|TAMS 0x000000008f100000, 0x000000008f100000| Complete 
| 142|0x000000008f200000, 0x000000008f300000, 0x000000008f300000|100%| E|CS|TAMS 0x000000008f200000, 0x000000008f200000| Complete 
| 143|0x000000008f300000, 0x000000008f400000, 0x000000008f400000|100%| E|CS|TAMS 0x000000008f300000, 0x000000008f300000| Complete 
| 144|0x000000008f400000, 0x000000008f500000, 0x000000008f500000|100%| E|CS|TAMS 0x000000008f400000, 0x000000008f400000| Complete 
| 145|0x000000008f500000, 0x000000008f600000, 0x000000008f600000|100%| E|CS|TAMS 0x000000008f500000, 0x000000008f500000| Complete 
| 146|0x000000008f600000, 0x000000008f700000, 0x000000008f700000|100%| E|CS|TAMS 0x000000008f600000, 0x000000008f600000| Complete 
| 147|0x000000008f700000, 0x000000008f800000, 0x000000008f800000|100%| E|CS|TAMS 0x000000008f700000, 0x000000008f700000| Complete 
| 148|0x000000008f800000, 0x000000008f900000, 0x000000008f900000|100%| E|CS|TAMS 0x000000008f800000, 0x000000008f800000| Complete 
| 149|0x000000008f900000, 0x000000008fa00000, 0x000000008fa00000|100%| E|CS|TAMS 0x000000008f900000, 0x000000008f900000| Complete 
| 150|0x000000008fa00000, 0x000000008fb00000, 0x000000008fb00000|100%| E|CS|TAMS 0x000000008fa00000, 0x000000008fa00000| Complete 
| 151|0x000000008fb00000, 0x000000008fc00000, 0x000000008fc00000|100%| E|CS|TAMS 0x000000008fb00000, 0x000000008fb00000| Complete 
| 152|0x000000008fc00000, 0x000000008fd00000, 0x000000008fd00000|100%| E|CS|TAMS 0x000000008fc00000, 0x000000008fc00000| Complete 
| 153|0x000000008fd00000, 0x000000008fe00000, 0x000000008fe00000|100%| E|CS|TAMS 0x000000008fd00000, 0x000000008fd00000| Complete 
| 154|0x000000008fe00000, 0x000000008ff00000, 0x000000008ff00000|100%| E|CS|TAMS 0x000000008fe00000, 0x000000008fe00000| Complete 
| 155|0x000000008ff00000, 0x0000000090000000, 0x0000000090000000|100%| E|CS|TAMS 0x000000008ff00000, 0x000000008ff00000| Complete 
| 156|0x0000000090000000, 0x0000000090100000, 0x0000000090100000|100%| E|CS|TAMS 0x0000000090000000, 0x0000000090000000| Complete 
| 157|0x0000000090100000, 0x0000000090200000, 0x0000000090200000|100%| E|CS|TAMS 0x0000000090100000, 0x0000000090100000| Complete 
| 158|0x0000000090200000, 0x0000000090300000, 0x0000000090300000|100%| E|CS|TAMS 0x0000000090200000, 0x0000000090200000| Complete 
| 159|0x0000000090300000, 0x0000000090400000, 0x0000000090400000|100%| E|CS|TAMS 0x0000000090300000, 0x0000000090300000| Complete 
| 160|0x0000000090400000, 0x0000000090500000, 0x0000000090500000|100%| E|CS|TAMS 0x0000000090400000, 0x0000000090400000| Complete 
| 161|0x0000000090500000, 0x0000000090600000, 0x0000000090600000|100%| E|CS|TAMS 0x0000000090500000, 0x0000000090500000| Complete 
| 162|0x0000000090600000, 0x0000000090700000, 0x0000000090700000|100%| E|CS|TAMS 0x0000000090600000, 0x0000000090600000| Complete 
| 163|0x0000000090700000, 0x0000000090800000, 0x0000000090800000|100%| E|CS|TAMS 0x0000000090700000, 0x0000000090700000| Complete 
|1945|0x00000000ffd00000, 0x00000000ffe00000, 0x00000000ffe00000|100%| E|CS|TAMS 0x00000000ffd00000, 0x00000000ffd00000| Complete 
|1946|0x00000000ffe00000, 0x00000000fff00000, 0x00000000fff00000|100%| O|  |TAMS 0x00000000fff00000, 0x00000000ffe00000| Complete 
|1947|0x00000000fff00000, 0x0000000100000000, 0x0000000100000000|100%| O|  |TAMS 0x0000000100000000, 0x00000000fff00000| Complete 

Card table byte_map: [0x0000019f7b5e0000,0x0000019f7b9b0000] _byte_map_base: 0x0000019f7b1ae000

Marking Bits (Prev, Next): (CMBitMap*) 0x0000019f7a746a80, (CMBitMap*) 0x0000019f7a746a40
 Prev Bits: [0x0000019f7dbf0000, 0x0000019f7fa60000)
 Next Bits: [0x0000019f7bd80000, 0x0000019f7dbf0000)

Polling page: 0x0000019f7a770000

Metaspace:

Usage:
  Non-class:     24.30 MB used.
      Class:      2.98 MB used.
       Both:     27.28 MB used.

Virtual space:
  Non-class space:       32.00 MB reserved,      24.44 MB ( 76%) committed,  4 nodes.
      Class space:        1.00 GB reserved,       3.19 MB ( <1%) committed,  1 nodes.
             Both:        1.03 GB reserved,      27.62 MB (  3%) committed. 

Chunk freelists:
   Non-Class:  3.12 MB
       Class:  831.00 KB
        Both:  3.94 MB

MaxMetaspaceSize: unlimited
CompressedClassSpaceSize: 1.00 GB
Initial GC threshold: 21.00 MB
Current GC threshold: 45.94 MB
CDS: on
MetaspaceReclaimPolicy: balanced
 - commit_granule_bytes: 65536.
 - commit_granule_words: 8192.
 - virtual_space_node_default_size: 1048576.
 - enlarge_chunks_in_place: 1.
 - new_chunks_are_fully_committed: 0.
 - uncommit_free_chunks: 1.
 - use_allocation_guard: 0.
 - handle_deallocations: 1.


Internal statistics:

num_allocs_failed_limit: 3.
num_arena_births: 188.
num_arena_deaths: 6.
num_vsnodes_births: 5.
num_vsnodes_deaths: 0.
num_space_committed: 457.
num_space_uncommitted: 15.
num_chunks_returned_to_freelist: 75.
num_chunks_taken_from_freelist: 1268.
num_chunk_merges: 25.
num_chunk_splits: 897.
num_chunks_enlarged: 703.
num_purges: 2.
num_inconsistent_stats: 0.

CodeHeap 'non-profiled nmethods': size=120000Kb used=4207Kb max_used=4207Kb free=115792Kb
 bounds [0x0000019f0f280000, 0x0000019f0f6a0000, 0x0000019f167b0000]
CodeHeap 'profiled nmethods': size=120000Kb used=14471Kb max_used=14471Kb free=105528Kb
 bounds [0x0000019f077b0000, 0x0000019f085e0000, 0x0000019f0ece0000]
CodeHeap 'non-nmethods': size=5760Kb used=1212Kb max_used=1317Kb free=4548Kb
 bounds [0x0000019f0ece0000, 0x0000019f0ef50000, 0x0000019f0f280000]
 total_blobs=7217 nmethods=6702 adapters=427
 compilation: enabled
              stopped_count=0, restarted_count=0
 full_count=0

Compilation events (20 events):
Event: 11.917 Thread 0x0000019f78c2a1b0 7489       1       org.eclipse.aether.util.graph.transformer.ConflictResolver$ConflictContext::setScope (6 bytes)
Event: 11.917 Thread 0x0000019f78c2a1b0 nmethod 7489 0x0000019f0f68b110 code [0x0000019f0f68b2a0, 0x0000019f0f68b3b8]
Event: 11.917 Thread 0x0000019f78c2a1b0 7477       3       org.apache.maven.model.merge.ModelMerger::mergeModel_ChildProjectUrlInheritAppendPath (41 bytes)
Event: 11.917 Thread 0x0000019f78c2a1b0 nmethod 7477 0x0000019f085b0210 code [0x0000019f085b03e0, 0x0000019f085b0818]
Event: 11.917 Thread 0x0000019f78c2a1b0 7478       3       org.apache.maven.model.merge.ModelMerger::mergeModel_Parent (55 bytes)
Event: 11.917 Thread 0x0000019f78c2a1b0 nmethod 7478 0x0000019f085b0990 code [0x0000019f085b0b60, 0x0000019f085b1068]
Event: 11.917 Thread 0x0000019f78c2a1b0 7479       3       org.apache.maven.model.merge.ModelMerger::mergeModel_GroupId (41 bytes)
Event: 11.918 Thread 0x0000019f78c2a1b0 nmethod 7479 0x0000019f085b1210 code [0x0000019f085b13e0, 0x0000019f085b17d8]
Event: 11.918 Thread 0x0000019f78c2a1b0 7480       3       org.apache.maven.model.merge.ModelMerger::mergeModel_Version (41 bytes)
Event: 11.918 Thread 0x0000019f78c2a1b0 nmethod 7480 0x0000019f085b1910 code [0x0000019f085b1ae0, 0x0000019f085b1ed8]
Event: 11.918 Thread 0x0000019f78c2a1b0 7481       3       org.apache.maven.model.merge.ModelMerger::mergeModel_Packaging (41 bytes)
Event: 11.918 Thread 0x0000019f78c2a1b0 nmethod 7481 0x0000019f085b2010 code [0x0000019f085b21e0, 0x0000019f085b25f8]
Event: 11.918 Thread 0x0000019f78c2a1b0 7482       3       org.apache.maven.model.merge.ModelMerger::mergeModel_Description (41 bytes)
Event: 11.919 Thread 0x0000019f78c2a1b0 nmethod 7482 0x0000019f085b2790 code [0x0000019f085b2960, 0x0000019f085b2d58]
Event: 11.919 Thread 0x0000019f78c2a1b0 7483       3       org.apache.maven.model.merge.ModelMerger::mergeModel_InceptionYear (41 bytes)
Event: 11.919 Thread 0x0000019f78c2a1b0 nmethod 7483 0x0000019f085b2e90 code [0x0000019f085b3060, 0x0000019f085b3478]
Event: 12.016 Thread 0x0000019f1d8f6520 nmethod 7453 0x0000019f0f68b410 code [0x0000019f0f68b800, 0x0000019f0f68fe08]
Event: 12.016 Thread 0x0000019f1d8f6520 7460       4       org.codehaus.plexus.interpolation.reflection.ReflectionValueExtractor::getClassMap (58 bytes)
Event: 12.034 Thread 0x0000019f1d8f6520 nmethod 7460 0x0000019f0f692010 code [0x0000019f0f692240, 0x0000019f0f693170]
Event: 12.034 Thread 0x0000019f1d8f6520 7461       4       org.codehaus.plexus.interpolation.util.StringUtils::capitalizeFirstLetter (52 bytes)

GC Heap History (20 events):
Event: 5.637 GC heap before
{Heap before GC invocations=5 (full 0):
 garbage-first heap   total 68608K, used 53526K [0x0000000086400000, 0x0000000100000000)
  region size 1024K, 40 young (40960K), 6 survivors (6144K)
 Metaspace       used 23238K, committed 23488K, reserved 1073152K
  class space    used 2628K, committed 2752K, reserved 1048576K
}
Event: 5.651 GC heap after
{Heap after GC invocations=6 (full 0):
 garbage-first heap   total 71680K, used 29974K [0x0000000086400000, 0x0000000100000000)
  region size 1024K, 5 young (5120K), 5 survivors (5120K)
 Metaspace       used 23238K, committed 23488K, reserved 1073152K
  class space    used 2628K, committed 2752K, reserved 1048576K
}
Event: 5.668 GC heap before
{Heap before GC invocations=6 (full 0):
 garbage-first heap   total 71680K, used 30998K [0x0000000086400000, 0x0000000100000000)
  region size 1024K, 6 young (6144K), 5 survivors (5120K)
 Metaspace       used 23297K, committed 23552K, reserved 1073152K
  class space    used 2631K, committed 2752K, reserved 1048576K
}
Event: 5.676 GC heap after
{Heap after GC invocations=7 (full 0):
 garbage-first heap   total 86016K, used 31232K [0x0000000086400000, 0x0000000100000000)
  region size 1024K, 1 young (1024K), 1 survivors (1024K)
 Metaspace       used 23297K, committed 23552K, reserved 1073152K
  class space    used 2631K, committed 2752K, reserved 1048576K
}
Event: 6.709 GC heap before
{Heap before GC invocations=7 (full 0):
 garbage-first heap   total 86016K, used 59904K [0x0000000086400000, 0x0000000100000000)
  region size 1024K, 29 young (29696K), 1 survivors (1024K)
 Metaspace       used 24717K, committed 25024K, reserved 1073152K
  class space    used 2768K, committed 2880K, reserved 1048576K
}
Event: 6.718 GC heap after
{Heap after GC invocations=8 (full 0):
 garbage-first heap   total 86016K, used 34304K [0x0000000086400000, 0x0000000100000000)
  region size 1024K, 3 young (3072K), 3 survivors (3072K)
 Metaspace       used 24717K, committed 25024K, reserved 1073152K
  class space    used 2768K, committed 2880K, reserved 1048576K
}
Event: 7.520 GC heap before
{Heap before GC invocations=8 (full 0):
 garbage-first heap   total 86016K, used 60928K [0x0000000086400000, 0x0000000100000000)
  region size 1024K, 30 young (30720K), 3 survivors (3072K)
 Metaspace       used 25687K, committed 25920K, reserved 1073152K
  class space    used 2855K, committed 2944K, reserved 1048576K
}
Event: 7.525 GC heap after
{Heap after GC invocations=9 (full 0):
 garbage-first heap   total 86016K, used 34916K [0x0000000086400000, 0x0000000100000000)
  region size 1024K, 1 young (1024K), 1 survivors (1024K)
 Metaspace       used 25687K, committed 25920K, reserved 1073152K
  class space    used 2855K, committed 2944K, reserved 1048576K
}
Event: 7.975 GC heap before
{Heap before GC invocations=9 (full 0):
 garbage-first heap   total 86016K, used 63588K [0x0000000086400000, 0x0000000100000000)
  region size 1024K, 29 young (29696K), 1 survivors (1024K)
 Metaspace       used 26513K, committed 26816K, reserved 1073152K
  class space    used 2915K, committed 3008K, reserved 1048576K
}
Event: 7.982 GC heap after
{Heap after GC invocations=10 (full 0):
 garbage-first heap   total 86016K, used 35392K [0x0000000086400000, 0x0000000100000000)
  region size 1024K, 1 young (1024K), 1 survivors (1024K)
 Metaspace       used 26513K, committed 26816K, reserved 1073152K
  class space    used 2915K, committed 3008K, reserved 1048576K
}
Event: 9.665 GC heap before
{Heap before GC invocations=10 (full 0):
 garbage-first heap   total 86016K, used 68160K [0x0000000086400000, 0x0000000100000000)
  region size 1024K, 31 young (31744K), 1 survivors (1024K)
 Metaspace       used 27655K, committed 27968K, reserved 1081344K
  class space    used 3040K, committed 3136K, reserved 1048576K
}
Event: 9.678 GC heap after
{Heap after GC invocations=11 (full 0):
 garbage-first heap   total 86016K, used 44364K [0x0000000086400000, 0x0000000100000000)
  region size 1024K, 4 young (4096K), 4 survivors (4096K)
 Metaspace       used 27655K, committed 27968K, reserved 1081344K
  class space    used 3040K, committed 3136K, reserved 1048576K
}
Event: 10.045 GC heap before
{Heap before GC invocations=11 (full 0):
 garbage-first heap   total 86016K, used 63820K [0x0000000086400000, 0x0000000100000000)
  region size 1024K, 23 young (23552K), 4 survivors (4096K)
 Metaspace       used 27677K, committed 27968K, reserved 1081344K
  class space    used 3040K, committed 3136K, reserved 1048576K
}
Event: 10.053 GC heap after
{Heap after GC invocations=12 (full 0):
 garbage-first heap   total 86016K, used 51470K [0x0000000086400000, 0x0000000100000000)
  region size 1024K, 3 young (3072K), 3 survivors (3072K)
 Metaspace       used 27677K, committed 27968K, reserved 1081344K
  class space    used 3040K, committed 3136K, reserved 1048576K
}
Event: 10.440 GC heap before
{Heap before GC invocations=13 (full 0):
 garbage-first heap   total 89088K, used 63758K [0x0000000086400000, 0x0000000100000000)
  region size 1024K, 15 young (15360K), 3 survivors (3072K)
 Metaspace       used 27884K, committed 28224K, reserved 1081344K
  class space    used 3059K, committed 3200K, reserved 1048576K
}
Event: 10.445 GC heap after
{Heap after GC invocations=14 (full 0):
 garbage-first heap   total 89088K, used 54272K [0x0000000086400000, 0x0000000100000000)
  region size 1024K, 2 young (2048K), 2 survivors (2048K)
 Metaspace       used 27884K, committed 28224K, reserved 1081344K
  class space    used 3059K, committed 3200K, reserved 1048576K
}
Event: 10.595 GC heap before
{Heap before GC invocations=14 (full 0):
 garbage-first heap   total 89088K, used 55296K [0x0000000086400000, 0x0000000100000000)
  region size 1024K, 4 young (4096K), 2 survivors (2048K)
 Metaspace       used 28022K, committed 28352K, reserved 1081344K
  class space    used 3064K, committed 3200K, reserved 1048576K
}
Event: 10.600 GC heap after
{Heap after GC invocations=15 (full 0):
 garbage-first heap   total 89088K, used 49522K [0x0000000086400000, 0x0000000100000000)
  region size 1024K, 1 young (1024K), 1 survivors (1024K)
 Metaspace       used 28022K, committed 28352K, reserved 1081344K
  class space    used 3064K, committed 3200K, reserved 1048576K
}
Event: 11.108 GC heap before
{Heap before GC invocations=15 (full 0):
 garbage-first heap   total 89088K, used 64882K [0x0000000086400000, 0x0000000100000000)
  region size 1024K, 17 young (17408K), 1 survivors (1024K)
 Metaspace       used 28787K, committed 29120K, reserved 1081344K
  class space    used 3172K, committed 3328K, reserved 1048576K
}
Event: 11.110 GC heap after
{Heap after GC invocations=16 (full 0):
 garbage-first heap   total 178176K, used 49398K [0x0000000086400000, 0x0000000100000000)
  region size 1024K, 1 young (1024K), 1 survivors (1024K)
 Metaspace       used 28787K, committed 29120K, reserved 1081344K
  class space    used 3172K, committed 3328K, reserved 1048576K
}

Deoptimization events (20 events):
Event: 11.513 Thread 0x0000019f7a6ef190 Uncommon trap: trap_request=0xffffffbe fr.pc=0x0000019f0f661470 relative=0x0000000000000250
Event: 11.513 Thread 0x0000019f7a6ef190 Uncommon trap: reason=profile_predicate action=maybe_recompile pc=0x0000019f0f661470 method=java.util.HashMap.keysToArray([Ljava/lang/Object;)[Ljava/lang/Object; @ 36 c2
Event: 11.513 Thread 0x0000019f7a6ef190 DEOPT PACKING pc=0x0000019f0f661470 sp=0x00000084bbffb9b0
Event: 11.513 Thread 0x0000019f7a6ef190 DEOPT UNPACKING pc=0x0000019f0ed323a3 sp=0x00000084bbffb940 mode 2
Event: 11.527 Thread 0x0000019f7a6ef190 Uncommon trap: trap_request=0xffffff76 fr.pc=0x0000019f0f663854 relative=0x0000000000000234
Event: 11.527 Thread 0x0000019f7a6ef190 Uncommon trap: reason=predicate action=maybe_recompile pc=0x0000019f0f663854 method=java.util.HashMap.keysToArray([Ljava/lang/Object;)[Ljava/lang/Object; @ 48 c2
Event: 11.527 Thread 0x0000019f7a6ef190 DEOPT PACKING pc=0x0000019f0f663854 sp=0x00000084bbffb550
Event: 11.527 Thread 0x0000019f7a6ef190 DEOPT UNPACKING pc=0x0000019f0ed323a3 sp=0x00000084bbffb4e8 mode 2
Event: 11.531 Thread 0x0000019f7a6ef190 Uncommon trap: trap_request=0xffffffbe fr.pc=0x0000019f0f6641f0 relative=0x0000000000000250
Event: 11.531 Thread 0x0000019f7a6ef190 Uncommon trap: reason=profile_predicate action=maybe_recompile pc=0x0000019f0f6641f0 method=java.util.HashMap.keysToArray([Ljava/lang/Object;)[Ljava/lang/Object; @ 48 c2
Event: 11.531 Thread 0x0000019f7a6ef190 DEOPT PACKING pc=0x0000019f0f6641f0 sp=0x00000084bbffb970
Event: 11.531 Thread 0x0000019f7a6ef190 DEOPT UNPACKING pc=0x0000019f0ed323a3 sp=0x00000084bbffb918 mode 2
Event: 11.531 Thread 0x0000019f7a6ef190 Uncommon trap: trap_request=0xffffffbe fr.pc=0x0000019f0f6641f0 relative=0x0000000000000250
Event: 11.531 Thread 0x0000019f7a6ef190 Uncommon trap: reason=profile_predicate action=maybe_recompile pc=0x0000019f0f6641f0 method=java.util.HashMap.keysToArray([Ljava/lang/Object;)[Ljava/lang/Object; @ 48 c2
Event: 11.531 Thread 0x0000019f7a6ef190 DEOPT PACKING pc=0x0000019f0f6641f0 sp=0x00000084bbffb690
Event: 11.531 Thread 0x0000019f7a6ef190 DEOPT UNPACKING pc=0x0000019f0ed323a3 sp=0x00000084bbffb638 mode 2
Event: 11.879 Thread 0x0000019f7a6ef190 Uncommon trap: trap_request=0xffffff45 fr.pc=0x0000019f0f3f0584 relative=0x0000000000000704
Event: 11.879 Thread 0x0000019f7a6ef190 Uncommon trap: reason=unstable_if action=reinterpret pc=0x0000019f0f3f0584 method=org.apache.maven.model.validation.DefaultModelValidator.validateEffectiveDependency(Lorg/apache/maven/model/building/ModelProblemCollector;Lorg/apache/maven/model/Dependency
Event: 11.879 Thread 0x0000019f7a6ef190 DEOPT PACKING pc=0x0000019f0f3f0584 sp=0x00000084bbffbf50
Event: 11.879 Thread 0x0000019f7a6ef190 DEOPT UNPACKING pc=0x0000019f0ed323a3 sp=0x00000084bbffbf20 mode 2

Classes unloaded (20 events):
Event: 11.133 Thread 0x0000019f18a6f6c0 Unloading class 0x0000000800edac00 'lombok/javac/apt/LombokFileObject'
Event: 11.133 Thread 0x0000019f18a6f6c0 Unloading class 0x0000000800edaa00 'lombok/javac/apt/LombokFileObjects'
Event: 11.133 Thread 0x0000019f18a6f6c0 Unloading class 0x0000000800eda7c8 'lombok/javac/apt/MessagerDiagnosticsReceiver'
Event: 11.133 Thread 0x0000019f18a6f6c0 Unloading class 0x0000000800eda420 'lombok/javac/apt/InterceptingJavaFileManager'
Event: 11.133 Thread 0x0000019f18a6f6c0 Unloading class 0x0000000800eda218 'lombok/permit/dummy/Parent'
Event: 11.133 Thread 0x0000019f18a6f6c0 Unloading class 0x0000000800eda000 'lombok/core/CleanupRegistry'
Event: 11.133 Thread 0x0000019f18a6f6c0 Unloading class 0x0000000800ed9ce8 'lombok/permit/Permit$Fake'
Event: 11.133 Thread 0x0000019f18a6f6c0 Unloading class 0x0000000800ed9ae8 'lombok/permit/Permit'
Event: 11.133 Thread 0x0000019f18a6f6c0 Unloading class 0x0000000800ed8d88 'lombok/core/DiagnosticsReceiver'
Event: 11.133 Thread 0x0000019f18a6f6c0 Unloading class 0x0000000800ed9800 'lombok/javac/apt/LombokProcessor$1'
Event: 11.133 Thread 0x0000019f18a6f6c0 Unloading class 0x0000000800ed8af0 'lombok/javac/apt/LombokProcessor'
Event: 11.133 Thread 0x0000019f18a6f6c0 Unloading class 0x0000000800ed88c0 'lombok/core/AnnotationProcessor$EcjDescriptor'
Event: 11.133 Thread 0x0000019f18a6f6c0 Unloading class 0x0000000800ed8688 'lombok/core/AnnotationProcessor$JavacDescriptor'
Event: 11.133 Thread 0x0000019f18a6f6c0 Unloading class 0x0000000800ed8280 'lombok/core/AnnotationProcessor$ProcessorDescriptor'
Event: 11.133 Thread 0x0000019f18a6f6c0 Unloading class 0x0000000800ed8000 'lombok/core/AnnotationProcessor'
Event: 11.133 Thread 0x0000019f18a6f6c0 Unloading class 0x0000000800ed9200 'lombok/launch/AnnotationProcessorHider$ClaimingProcessor'
Event: 11.133 Thread 0x0000019f18a6f6c0 Unloading class 0x0000000800ed9000 'lombok/launch/AnnotationProcessorHider$AstModificationNotifierData'
Event: 11.133 Thread 0x0000019f18a6f6c0 Unloading class 0x0000000800ea8480 'lombok/launch/ShadowClassLoader'
Event: 11.133 Thread 0x0000019f18a6f6c0 Unloading class 0x0000000800ea8280 'lombok/launch/Main'
Event: 11.133 Thread 0x0000019f18a6f6c0 Unloading class 0x0000000800ea8000 'lombok/launch/AnnotationProcessorHider$AnnotationProcessor'

Classes redefined (0 events):
No events

Internal exceptions (20 events):
Event: 11.257 Thread 0x0000019f7a6ef190 Exception <a 'sun/nio/fs/WindowsException'{0x00000000905602e8}> (0x00000000905602e8) 
thrown [s\open\src\hotspot\share\prims\jni.cpp, line 516]
Event: 11.258 Thread 0x0000019f7a6ef190 Exception <a 'sun/nio/fs/WindowsException'{0x0000000090561608}> (0x0000000090561608) 
thrown [s\open\src\hotspot\share\prims\jni.cpp, line 516]
Event: 11.258 Thread 0x0000019f7a6ef190 Exception <a 'sun/nio/fs/WindowsException'{0x0000000090561af8}> (0x0000000090561af8) 
thrown [s\open\src\hotspot\share\prims\jni.cpp, line 516]
Event: 11.258 Thread 0x0000019f7a6ef190 Exception <a 'sun/nio/fs/WindowsException'{0x0000000090562ee8}> (0x0000000090562ee8) 
thrown [s\open\src\hotspot\share\prims\jni.cpp, line 516]
Event: 11.258 Thread 0x0000019f7a6ef190 Exception <a 'sun/nio/fs/WindowsException'{0x0000000090563338}> (0x0000000090563338) 
thrown [s\open\src\hotspot\share\prims\jni.cpp, line 516]
Event: 11.262 Thread 0x0000019f7a6ef190 Exception <a 'sun/nio/fs/WindowsException'{0x00000000905a04e0}> (0x00000000905a04e0) 
thrown [s\open\src\hotspot\share\prims\jni.cpp, line 516]
Event: 11.262 Thread 0x0000019f7a6ef190 Exception <a 'sun/nio/fs/WindowsException'{0x00000000905a0900}> (0x00000000905a0900) 
thrown [s\open\src\hotspot\share\prims\jni.cpp, line 516]
Event: 11.262 Thread 0x0000019f7a6ef190 Exception <a 'sun/nio/fs/WindowsException'{0x00000000905a1c20}> (0x00000000905a1c20) 
thrown [s\open\src\hotspot\share\prims\jni.cpp, line 516]
Event: 11.263 Thread 0x0000019f7a6ef190 Exception <a 'sun/nio/fs/WindowsException'{0x00000000905a2110}> (0x00000000905a2110) 
thrown [s\open\src\hotspot\share\prims\jni.cpp, line 516]
Event: 11.263 Thread 0x0000019f7a6ef190 Exception <a 'sun/nio/fs/WindowsException'{0x00000000905a3500}> (0x00000000905a3500) 
thrown [s\open\src\hotspot\share\prims\jni.cpp, line 516]
Event: 11.263 Thread 0x0000019f7a6ef190 Exception <a 'sun/nio/fs/WindowsException'{0x00000000905a3950}> (0x00000000905a3950) 
thrown [s\open\src\hotspot\share\prims\jni.cpp, line 516]
Event: 11.265 Thread 0x0000019f7a6ef190 Exception <a 'sun/nio/fs/WindowsException'{0x00000000905c6770}> (0x00000000905c6770) 
thrown [s\open\src\hotspot\share\prims\jni.cpp, line 516]
Event: 11.265 Thread 0x0000019f7a6ef190 Exception <a 'sun/nio/fs/WindowsException'{0x00000000905c6b90}> (0x00000000905c6b90) 
thrown [s\open\src\hotspot\share\prims\jni.cpp, line 516]
Event: 11.266 Thread 0x0000019f7a6ef190 Exception <a 'sun/nio/fs/WindowsException'{0x00000000905c7c08}> (0x00000000905c7c08) 
thrown [s\open\src\hotspot\share\prims\jni.cpp, line 516]
Event: 11.266 Thread 0x0000019f7a6ef190 Exception <a 'sun/nio/fs/WindowsException'{0x00000000905c80f8}> (0x00000000905c80f8) 
thrown [s\open\src\hotspot\share\prims\jni.cpp, line 516]
Event: 11.266 Thread 0x0000019f7a6ef190 Exception <a 'sun/nio/fs/WindowsException'{0x00000000905c9240}> (0x00000000905c9240) 
thrown [s\open\src\hotspot\share\prims\jni.cpp, line 516]
Event: 11.266 Thread 0x0000019f7a6ef190 Exception <a 'sun/nio/fs/WindowsException'{0x00000000905c9690}> (0x00000000905c9690) 
thrown [s\open\src\hotspot\share\prims\jni.cpp, line 516]
Event: 11.271 Thread 0x0000019f7a6ef190 Exception <a 'sun/nio/fs/WindowsException'{0x0000000090492ed0}> (0x0000000090492ed0) 
thrown [s\open\src\hotspot\share\prims\jni.cpp, line 516]
Event: 11.276 Thread 0x0000019f7a6ef190 Exception <a 'sun/nio/fs/WindowsException'{0x00000000904a9590}> (0x00000000904a9590) 
thrown [s\open\src\hotspot\share\prims\jni.cpp, line 516]
Event: 11.285 Thread 0x0000019f7a6ef190 Exception <a 'sun/nio/fs/WindowsException'{0x00000000904c39f0}> (0x00000000904c39f0) 
thrown [s\open\src\hotspot\share\prims\jni.cpp, line 516]

VM Operations (20 events):
Event: 9.665 Executing VM operation: G1CollectForAllocation
Event: 9.679 Executing VM operation: G1CollectForAllocation done
Event: 10.045 Executing VM operation: G1CollectForAllocation
Event: 10.053 Executing VM operation: G1CollectForAllocation done
Event: 10.074 Executing VM operation: G1Concurrent
Event: 10.079 Executing VM operation: G1Concurrent done
Event: 10.091 Executing VM operation: G1Concurrent
Event: 10.091 Executing VM operation: G1Concurrent done
Event: 10.440 Executing VM operation: G1CollectForAllocation
Event: 10.445 Executing VM operation: G1CollectForAllocation done
Event: 10.595 Executing VM operation: G1CollectForAllocation
Event: 10.600 Executing VM operation: G1CollectForAllocation done
Event: 11.108 Executing VM operation: G1CollectForAllocation
Event: 11.110 Executing VM operation: G1CollectForAllocation done
Event: 11.132 Executing VM operation: G1Concurrent
Event: 11.142 Executing VM operation: G1Concurrent done
Event: 11.142 Executing VM operation: HandshakeAllThreads
Event: 11.143 Executing VM operation: HandshakeAllThreads done
Event: 11.154 Executing VM operation: G1Concurrent
Event: 11.154 Executing VM operation: G1Concurrent done

Events (20 events):
Event: 8.491 loading class java/util/WeakHashMap$KeyIterator
Event: 8.491 loading class java/util/WeakHashMap$KeyIterator done
Event: 9.160 Thread 0x0000019f1d8f46c0 Thread exited: 0x0000019f1d8f46c0
Event: 9.600 Thread 0x0000019f1d8f6520 Thread added: 0x0000019f1d8f6520
Event: 9.861 Thread 0x0000019f1d8f6520 Thread exited: 0x0000019f1d8f6520
Event: 9.908 Thread 0x0000019f78c27420 Thread exited: 0x0000019f78c27420
Event: 10.184 Thread 0x0000019f1d8f6520 Thread added: 0x0000019f1d8f6520
Event: 10.185 Thread 0x0000019f1d8fb110 Thread added: 0x0000019f1d8fb110
Event: 10.262 loading class jdk/internal/module/IllegalAccessLogger
Event: 10.262 loading class jdk/internal/module/IllegalAccessLogger done
Event: 10.484 Thread 0x0000019f1d8fb110 Thread exited: 0x0000019f1d8fb110
Event: 10.484 Thread 0x0000019f1d8f6520 Thread exited: 0x0000019f1d8f6520
Event: 11.144 Thread 0x0000019f19808070 flushing nmethod 0x0000019f0f51fd10
Event: 11.146 Thread 0x0000019f19808070 flushing nmethod 0x0000019f078a8390
Event: 11.146 Thread 0x0000019f19808070 flushing nmethod 0x0000019f078e6010
Event: 11.150 Thread 0x0000019f19808070 flushing nmethod 0x0000019f0836db90
Event: 11.255 Thread 0x0000019f1d8f6520 Thread added: 0x0000019f1d8f6520
Event: 11.256 Thread 0x0000019f1d8f50e0 Thread added: 0x0000019f1d8f50e0
Event: 11.644 loading class java/util/Collections$UnmodifiableList$1
Event: 11.644 loading class java/util/Collections$UnmodifiableList$1 done


Dynamic libraries:
0x00007ff7d5460000 - 0x00007ff7d5470000 	C:\Program Files\Java\jdk-17\bin\java.exe
0x00007ffb3c8b0000 - 0x00007ffb3caa8000 	C:\WINDOWS\SYSTEM32\ntdll.dll
0x00007ffb3c420000 - 0x00007ffb3c4df000 	C:\WINDOWS\System32\KERNEL32.DLL
0x00007ffb3a610000 - 0x00007ffb3a906000 	C:\WINDOWS\System32\KERNELBASE.dll
0x00007ffb3a280000 - 0x00007ffb3a380000 	C:\WINDOWS\System32\ucrtbase.dll
0x00007ffb30ac0000 - 0x00007ffb30ad9000 	C:\Program Files\Java\jdk-17\bin\jli.dll
0x00007ffb3aed0000 - 0x00007ffb3af7f000 	C:\WINDOWS\System32\ADVAPI32.dll
0x00007ffb3ba10000 - 0x00007ffb3baae000 	C:\WINDOWS\System32\msvcrt.dll
0x00007ffb3bb90000 - 0x00007ffb3bc2c000 	C:\WINDOWS\System32\sechost.dll
0x00007ffb3bca0000 - 0x00007ffb3bdc6000 	C:\WINDOWS\System32\RPCRT4.dll
0x00007ffb3c270000 - 0x00007ffb3c40d000 	C:\WINDOWS\System32\USER32.dll
0x00007ffb3a0b0000 - 0x00007ffb3a0d2000 	C:\WINDOWS\System32\win32u.dll
0x00007ffb3afe0000 - 0x00007ffb3b00c000 	C:\WINDOWS\System32\GDI32.dll
0x00007ffb39f90000 - 0x00007ffb3a0a5000 	C:\WINDOWS\System32\gdi32full.dll
0x00007ffb3a0e0000 - 0x00007ffb3a17d000 	C:\WINDOWS\System32\msvcp_win.dll
0x00007ffb28080000 - 0x00007ffb2809b000 	C:\Program Files\Java\jdk-17\bin\VCRUNTIME140.dll
0x00007ffb38450000 - 0x00007ffb386ea000 	C:\WINDOWS\WinSxS\amd64_microsoft.windows.common-controls_6595b64144ccf1df_6.0.19041.1110_none_60b5254171f9507e\COMCTL32.dll
0x00007ffb32400000 - 0x00007ffb3240a000 	C:\WINDOWS\SYSTEM32\VERSION.dll
0x00007ffb3c4e0000 - 0x00007ffb3c510000 	C:\WINDOWS\System32\IMM32.DLL
0x00007ffaf0a90000 - 0x00007ffaf1103000 	C:\Program Files\McAfee\DLP\Agent\fcagpph64.dll
0x00007ffb3b2c0000 - 0x00007ffb3ba04000 	C:\WINDOWS\System32\SHELL32.dll
0x00007ffb3b130000 - 0x00007ffb3b25a000 	C:\WINDOWS\System32\ole32.dll
0x00007ffb3c510000 - 0x00007ffb3c864000 	C:\WINDOWS\System32\combase.dll
0x00007ffb3b260000 - 0x00007ffb3b2b5000 	C:\WINDOWS\System32\SHLWAPI.dll
0x00007ffb3bc30000 - 0x00007ffb3bc9b000 	C:\WINDOWS\System32\WS2_32.dll
0x00007ffb3a910000 - 0x00007ffb3a9dd000 	C:\WINDOWS\System32\OLEAUT32.dll
0x00007ffb1e700000 - 0x00007ffb1e798000 	C:\WINDOWS\SYSTEM32\WINSPOOL.DRV
0x00007ffb39e50000 - 0x00007ffb39e82000 	C:\WINDOWS\SYSTEM32\SspiCli.dll
0x00007ffb390b0000 - 0x00007ffb390e3000 	C:\WINDOWS\SYSTEM32\ntmarta.dll
0x0000019f7a650000 - 0x0000019f7a664000 	C:\WINDOWS\System32\umppc16606.dll
0x00007ffb32f00000 - 0x00007ffb32f0c000 	C:\Program Files\Java\jdk-17\bin\vcruntime140_1.dll
0x00007ffaf7790000 - 0x00007ffaf781e000 	C:\Program Files\Java\jdk-17\bin\msvcp140.dll
0x00007ffad10c0000 - 0x00007ffad1c9d000 	C:\Program Files\Java\jdk-17\bin\server\jvm.dll
0x0000019f7a620000 - 0x0000019f7a628000 	C:\WINDOWS\System32\PSAPI.DLL
0x00007ffb26cd0000 - 0x00007ffb26cd9000 	C:\WINDOWS\SYSTEM32\WSOCK32.dll
0x00007ffb244c0000 - 0x00007ffb244e7000 	C:\WINDOWS\SYSTEM32\WINMM.dll
0x00007ffb38130000 - 0x00007ffb38142000 	C:\WINDOWS\SYSTEM32\kernel.appcore.dll
0x00007ffb32610000 - 0x00007ffb3261a000 	C:\Program Files\Java\jdk-17\bin\jimage.dll
0x00007ffb373d0000 - 0x00007ffb375b4000 	C:\WINDOWS\SYSTEM32\DBGHELP.DLL
0x00007ffb223a0000 - 0x00007ffb223d4000 	C:\WINDOWS\SYSTEM32\dbgcore.DLL
0x00007ffb3a180000 - 0x00007ffb3a202000 	C:\WINDOWS\System32\bcryptPrimitives.dll
0x00007ffb189c0000 - 0x00007ffb189e5000 	C:\Program Files\Java\jdk-17\bin\java.dll
0x00007ffaebd50000 - 0x00007ffaebe27000 	C:\Program Files\Java\jdk-17\bin\jsvml.dll
0x00007ffb375c0000 - 0x00007ffb37d53000 	C:\WINDOWS\SYSTEM32\windows.storage.dll
0x00007ffb39910000 - 0x00007ffb3993e000 	C:\WINDOWS\SYSTEM32\Wldp.dll
0x00007ffb3bdd0000 - 0x00007ffb3be7d000 	C:\WINDOWS\System32\SHCORE.dll
0x00007ffb39ed0000 - 0x00007ffb39eef000 	C:\WINDOWS\SYSTEM32\profapi.dll
0x00007ffb20040000 - 0x00007ffb20059000 	C:\Program Files\Java\jdk-17\bin\net.dll
0x00007ffb38f10000 - 0x00007ffb3901a000 	C:\WINDOWS\SYSTEM32\WINHTTP.dll
0x00007ffb39670000 - 0x00007ffb396da000 	C:\WINDOWS\system32\mswsock.dll
0x00007ffb1f160000 - 0x00007ffb1f176000 	C:\Program Files\Java\jdk-17\bin\nio.dll
0x00007ffb1e6e0000 - 0x00007ffb1e6f8000 	C:\Program Files\Java\jdk-17\bin\zip.dll
0x0000000000b50000 - 0x0000000000b74000 	C:\Users\a300593\AppData\Local\Temp\jansi-2.4.0-4556de824f8ea018-jansi.dll
0x00007ffb325a0000 - 0x00007ffb325b0000 	C:\Program Files\Java\jdk-17\bin\verify.dll

dbghelp: loaded successfully - version: 4.0.5 - missing functions: none
symbol engine: initialized successfully - sym options: 0x614 - pdb path: .;C:\Program Files\Java\jdk-17\bin;C:\WINDOWS\SYSTEM32;C:\WINDOWS\WinSxS\amd64_microsoft.windows.common-controls_6595b64144ccf1df_6.0.19041.1110_none_60b5254171f9507e;C:\Program Files\McAfee\DLP\Agent;C:\Program Files\Java\jdk-17\bin\server;C:\Users\a300593\AppData\Local\Temp

VM Arguments:
jvm_args: -Dmaven.multiModuleProjectDirectory=C:\Users\a300593\OneDrive - Santander Office 365\Escritorio\Egg\PROYECTOFINAL\solucionesactivas 
java_command: org.apache.maven.wrapper.MavenWrapperMain -Dmaven.ext.class.path=C:\Program Files\NetBeans-15\netbeans\java\maven-nblib\netbeans-eventspy.jar -Dfile.encoding=UTF-8 --debug --errors --debug --errors org.springframework.boot:spring-boot-maven-plugin:3.0.7:run
java_class_path (initial): C:\Users\a300593\OneDrive - Santander Office 365\Escritorio\Egg\PROYECTOFINAL\solucionesactivas\.mvn\wrapper\maven-wrapper.jar
Launcher Type: SUN_STANDARD

[Global flags]
     intx CICompilerCount                          = 4                                         {product} {ergonomic}
     uint ConcGCThreads                            = 2                                         {product} {ergonomic}
     uint G1ConcRefinementThreads                  = 8                                         {product} {ergonomic}
   size_t G1HeapRegionSize                         = 1048576                                   {product} {ergonomic}
    uintx GCDrainStackTargetSize                   = 64                                        {product} {ergonomic}
   size_t InitialHeapSize                          = 127926272                                 {product} {ergonomic}
   size_t MarkStackSize                            = 4194304                                   {product} {ergonomic}
   size_t MaxHeapSize                              = 2042626048                                {product} {ergonomic}
   size_t MaxNewSize                               = 1224736768                                {product} {ergonomic}
   size_t MinHeapDeltaBytes                        = 1048576                                   {product} {ergonomic}
   size_t MinHeapSize                              = 8388608                                   {product} {ergonomic}
    uintx NonNMethodCodeHeapSize                   = 5839372                                {pd product} {ergonomic}
    uintx NonProfiledCodeHeapSize                  = 122909434                              {pd product} {ergonomic}
    uintx ProfiledCodeHeapSize                     = 122909434                              {pd product} {ergonomic}
    uintx ReservedCodeCacheSize                    = 251658240                              {pd product} {ergonomic}
     bool SegmentedCodeCache                       = true                                      {product} {ergonomic}
   size_t SoftMaxHeapSize                          = 2042626048                             {manageable} {ergonomic}
     bool UseCompressedClassPointers               = true                           {product lp64_product} {ergonomic}
     bool UseCompressedOops                        = true                           {product lp64_product} {ergonomic}
     bool UseG1GC                                  = true                                      {product} {ergonomic}
     bool UseLargePagesIndividualAllocation        = false                                  {pd product} {ergonomic}

Logging:
Log output configuration:
 #0: stdout all=warning uptime,level,tags
 #1: stderr all=off uptime,level,tags

Environment Variables:
JAVA_HOME=C:\Program Files\Java\jdk-17
PATH=C:\Program Files\Common Files\Oracle\Java\javapath;C:\Program Files (x86)\Common Files\Oracle\Java\javapath;C:\WINDOWS\system32;C:\WINDOWS;C:\WINDOWS\System32\Wbem;C:\WINDOWS\System32\WindowsPowerShell\v1.0\;C:\Program Files\IBM\Trace Facility;C:\Program Files\IBM\Personal Communications\;C:\Program Files (x86)\Pulse Secure\VC142.CRT\X64\;C:\Program Files (x86)\Pulse Secure\VC142.CRT\X86\;C:\Program Files\Java\jdk-17\bin;C:\Program Files\Java\apache-maven-3.9.0\bin;C:\Program Files\Java\jdk-17\bin;C:\Program Files\nodejs\;C:\Users\a300593\AppData\Local\Microsoft\WindowsApps;C:\Users\a300593\AppData\Local\Programs\Git\cmd;C:\Users\a300593\AppData\Local\Programs\Microsoft VS Code\bin;C:\Users\a300593\AppData\Roaming\npm;C:\Users\a300593\AppData\Local\GitHubDesktop\bin
USERNAME=A300593
OS=Windows_NT
PROCESSOR_IDENTIFIER=Intel64 Family 6 Model 142 Stepping 12, GenuineIntel



---------------  S Y S T E M  ---------------

OS:
 Windows 10 , 64 bit Build 19041 (10.0.19041.2913)
OS uptime: 1 days 11:29 hours

CPU: total 8 (initial active 8) (4 cores per cpu, 2 threads per core) family 6 model 142 stepping 12 microcode 0xf0, cx8, cmov, fxsr, ht, mmx, 3dnowpref, sse, sse2, sse3, ssse3, sse4.1, sse4.2, popcnt, lzcnt, tsc, tscinvbit, avx, avx2, aes, erms, clmul, bmi1, bmi2, adx, fma, vzeroupper, clflush, clflushopt

Memory: 4k page, system-wide physical 7785M (771M free)
TotalPageFile size 31337M (AvailPageFile size 0M)
current process WorkingSet (physical memory assigned to process): 276M, peak: 276M
current process commit charge ("private bytes"): 353M, peak: 353M

vm_info: Java HotSpot(TM) 64-Bit Server VM (17.0.7+8-LTS-224) for windows-amd64 JRE (17.0.7+8-LTS-224), built on Feb 28 2023 23:03:02 by "mach5one" with MS VC++ 17.1 (VS2022)

END.
